Log file open, 11/28/18 14:56:33
LogWindows: Failed to load 'aqProf.dll' (GetLastError=126)
LogWindows: File 'aqProf.dll' does not exist
LogWindows: Failed to load 'VSPerf140.dll' (GetLastError=126)
LogWindows: File 'VSPerf140.dll' does not exist
LogWindows: Failed to load 'VtuneApi.dll' (GetLastError=126)
LogWindows: File 'VtuneApi.dll' does not exist
LogWindows: Failed to load 'VtuneApi32e.dll' (GetLastError=126)
LogWindows: File 'VtuneApi32e.dll' does not exist
LogInit: Display: Running engine for game: ProjectShip
LogPlatformFile: Not using cached read wrapper
LogTaskGraph: Started task graph with 5 named threads and 23 total threads with 3 sets of task threads.
LogStats: Stats thread started at 0.312815
LogD3D11RHI: Loaded GFSDK_Aftermath_Lib.x64.dll
LogICUInternationalization: Display: ICU TimeZone Detection - Raw Offset: +1:00, Platform Override: ''
LogPluginManager: Mounting plugin Paper2D
LogPluginManager: Mounting plugin AISupport
LogPluginManager: Mounting plugin LightPropagationVolume
LogPluginManager: Mounting plugin CLionSourceCodeAccess
LogPluginManager: Mounting plugin CodeLiteSourceCodeAccess
LogPluginManager: Mounting plugin GitSourceControl
LogPluginManager: Mounting plugin KDevelopSourceCodeAccess
LogPluginManager: Mounting plugin NullSourceCodeAccess
LogPluginManager: Mounting plugin PerforceSourceControl
LogPluginManager: Mounting plugin SubversionSourceControl
LogPluginManager: Mounting plugin UObjectPlugin
LogPluginManager: Mounting plugin VisualStudioCodeSourceCodeAccess
LogPluginManager: Mounting plugin VisualStudioSourceCodeAccess
LogPluginManager: Mounting plugin XCodeSourceCodeAccess
LogPluginManager: Mounting plugin AssetManagerEditor
LogPluginManager: Mounting plugin CryptoKeys
LogPluginManager: Mounting plugin DataValidation
LogPluginManager: Mounting plugin FacialAnimation
LogPluginManager: Mounting plugin GameplayTagsEditor
LogPluginManager: Mounting plugin MacGraphicsSwitching
LogPluginManager: Mounting plugin MeshEditor
LogPluginManager: Mounting plugin MobileLauncherProfileWizard
LogPluginManager: Mounting plugin PluginBrowser
LogPluginManager: Mounting plugin SpeedTreeImporter
LogPluginManager: Mounting plugin DatasmithContent
LogPluginManager: Mounting plugin AlembicImporter
LogPluginManager: Mounting plugin AppleImageUtils
LogPluginManager: Mounting plugin AppleVision
LogPluginManager: Mounting plugin BackChannel
LogPluginManager: Mounting plugin CharacterAI
LogPluginManager: Mounting plugin GeometryCache
LogPluginManager: Mounting plugin HTML5Networking
LogPluginManager: Mounting plugin ProxyLODPlugin
LogPluginManager: Mounting plugin MagicLeap
LogPluginManager: Mounting plugin MagicLeapEmulator
LogPluginManager: Mounting plugin MagicLeapMedia
LogPluginManager: Mounting plugin AndroidMedia
LogPluginManager: Mounting plugin AvfMedia
LogPluginManager: Mounting plugin ImgMedia
LogPluginManager: Mounting plugin LinearTimecode
LogPluginManager: Mounting plugin MediaCompositing
LogPluginManager: Mounting plugin MediaPlayerEditor
LogPluginManager: Mounting plugin WmfMedia
LogPluginManager: Mounting plugin TcpMessaging
LogPluginManager: Mounting plugin UdpMessaging
LogPluginManager: Mounting plugin ActorSequence
LogPluginManager: Mounting plugin LevelSequenceEditor
LogPluginManager: Mounting plugin MatineeToLevelSequence
LogPluginManager: Mounting plugin NetcodeUnitTest
LogPluginManager: Mounting plugin NUTUnrealEngine4
LogPluginManager: Mounting plugin OnlineSubsystemGooglePlay
LogPluginManager: Mounting plugin OnlineSubsystemIOS
LogPluginManager: Mounting plugin OnlineSubsystem
LogPluginManager: Mounting plugin OnlineSubsystemNull
LogPluginManager: Mounting plugin OnlineSubsystemUtils
LogPluginManager: Mounting plugin LauncherChunkInstaller
LogPluginManager: Mounting plugin AndroidDeviceProfileSelector
LogPluginManager: Mounting plugin AndroidMoviePlayer
LogPluginManager: Mounting plugin AndroidPermission
LogPluginManager: Mounting plugin AppleMoviePlayer
LogPluginManager: Mounting plugin ArchVisCharacter
LogPluginManager: Mounting plugin AudioCapture
LogPluginManager: Mounting plugin CableComponent
LogPluginManager: Mounting plugin CustomMeshComponent
LogPluginManager: Mounting plugin EditableMesh
LogPluginManager: Mounting plugin ExampleDeviceProfileSelector
LogPluginManager: Mounting plugin GoogleCloudMessaging
LogPluginManager: Mounting plugin ImmediatePhysics
LogPluginManager: Mounting plugin IOSDeviceProfileSelector
LogPluginManager: Mounting plugin LinuxDeviceProfileSelector
LogPluginManager: Mounting plugin LocationServicesBPLibrary
LogPluginManager: Mounting plugin MobilePatchingUtils
LogPluginManager: Mounting plugin OculusVR
LogPluginManager: Plugin shader directory ../../../Engine/Plugins/Runtime/Oculus/OculusVR/Shaders found
LogPluginManager: Mapping shader source directory ../../../Engine/Plugins/Runtime/Oculus/OculusVR/Shaders to virtual directory /Plugin/OculusVR
LogPluginManager: Mounting plugin PhysXVehicles
LogPluginManager: Mounting plugin ProceduralMeshComponent
LogPluginManager: Mounting plugin RuntimePhysXCooking
LogPluginManager: Mounting plugin SteamVR
LogPluginManager: Mounting plugin WindowsMoviePlayer
LogStreaming: Display: Took  0.089s to configure plugins.
LogInit: Using libcurl 7.55.1-DEV
LogInit:  - built for x86_64-pc-win32
LogInit:  - supports SSL with OpenSSL/1.0.2h
LogInit:  - supports HTTP deflate (compression) using libz 1.2.8
LogInit:  - other features:
LogInit:      CURL_VERSION_SSL
LogInit:      CURL_VERSION_LIBZ
LogInit:      CURL_VERSION_IPV6
LogInit:      CURL_VERSION_ASYNCHDNS
LogInit:      CURL_VERSION_LARGEFILE
LogInit:      CURL_VERSION_IDN
LogInit:  CurlRequestOptions (configurable via config and command line):
LogInit:  - bVerifyPeer = false  - Libcurl will NOT verify peer certificate
LogInit:  - bUseHttpProxy = false  - Libcurl will NOT use HTTP proxy
LogInit:  - bDontReuseConnections = false  - Libcurl will reuse connections
LogInit:  - CertBundlePath = nullptr  - Libcurl will use whatever was configured at build time.
LogInit:  - MaxHostConnections = 16  - Libcurl will limit the number of connections to a host
LogInit:  - LocalHostAddr = Default
LogInit:  - BufferSize = 65536
LogInit: WinSock: version 1.1 (2.2), MaxSocks=32767, MaxUdp=65467
LogInit: Build: ++UE4+Release-4.20-CL-4369336
LogInit: Engine Version: 4.20.3-4369336+++UE4+Release-4.20
LogInit: Compatible Engine Version: 4.20.0-4212847+++UE4+Release-4.20
LogInit: Net CL: 4212847
LogInit: OS: Windows 10 (), CPU: Intel(R) Core(TM) i7-6700HQ CPU @ 2.60GHz, GPU: Intel(R) HD Graphics 530
LogInit: Compiled (64-bit): Sep 17 2018 12:26:19
LogInit: Compiled with Visual C++: 19.13.26129.00
LogInit: Build Configuration: Development
LogInit: Branch Name: ++UE4+Release-4.20
LogInit: Command Line: 
LogInit: Base Directory: C:/Program Files/Epic Games/UE_4.20/Engine/Binaries/Win64/
LogInit: Installed Engine Build: 1
LogDevObjectVersion: Number of dev versions registered: 20
LogDevObjectVersion:   Dev-Blueprints (B0D832E4-1F89-4F0D-ACCF-7EB736FD4AA2): 10
LogDevObjectVersion:   Dev-Build (E1C64328-A22C-4D53-A36C-8E866417BD8C): 0
LogDevObjectVersion:   Dev-Core (375EC13C-06E4-48FB-B500-84F0262A717E): 2
LogDevObjectVersion:   Dev-Editor (E4B068ED-F494-42E9-A231-DA0B2E46BB41): 24
LogDevObjectVersion:   Dev-Framework (CFFC743F-43B0-4480-9391-14DF171D2073): 34
LogDevObjectVersion:   Dev-Mobile (B02B49B5-BB20-44E9-A304-32B752E40360): 2
LogDevObjectVersion:   Dev-Networking (A4E4105C-59A1-49B5-A7C5-40C4547EDFEE): 0
LogDevObjectVersion:   Dev-Online (39C831C9-5AE6-47DC-9A44-9C173E1C8E7C): 0
LogDevObjectVersion:   Dev-Physics (78F01B33-EBEA-4F98-B9B4-84EACCB95AA2): 0
LogDevObjectVersion:   Dev-Platform (6631380F-2D4D-43E0-8009-CF276956A95A): 0
LogDevObjectVersion:   Dev-Rendering (12F88B9F-8875-4AFC-A67C-D90C383ABD29): 26
LogDevObjectVersion:   Dev-Sequencer (7B5AE74C-D270-4C10-A958-57980B212A5A): 9
LogDevObjectVersion:   Dev-VR (D7296918-1DD6-4BDD-9DE2-64A83CC13884): 2
LogDevObjectVersion:   Dev-LoadTimes (C2A15278-BFE7-4AFE-6C17-90FF531DF755): 1
LogDevObjectVersion:   Private-Geometry (6EACA3D4-40EC-4CC1-B786-8BED09428FC5): 3
LogDevObjectVersion:   Dev-AnimPhys (29E575DD-E0A3-4627-9D10-D276232CDCEA): 17
LogDevObjectVersion:   Dev-ReflectionCapture (6B266CEC-1EC7-4B8F-A30B-E4D90942FC07): 1
LogDevObjectVersion:   Dev-Automation (0DF73D61-A23F-47EA-B727-89E90C41499A): 1
LogDevObjectVersion:   FortniteMain (601D1886-AC64-4F84-AA16-D3DE0DEAC7D6): 12
LogDevObjectVersion:   Dev-Enterprise (9DFFBCD6-494F-0158-E221-12823C92A888): 1
LogStreaming: Display: Took  0.002s to delete old logs.
LogInit: Presizing for max 8388607 objects, including 0 objects not considered by GC, pre-allocating 0 bytes for permanent pool.
LogInit: Object subsystem initialized
[2018.11.28-13.56.33:495][  0]LogInit: Selected Device Profile: [Windows]
[2018.11.28-13.56.33:495][  0]LogInit: Applying CVar settings loaded from the selected device profile: [Windows]
[2018.11.28-13.56.33:511][  0]LogHAL: Display: Platform has ~ 16 GB [17066762240 / 17179869184 / 16], which maps to Larger [LargestMinGB=32, LargerMinGB=12, DefaultMinGB=8, SmallerMinGB=6, SmallestMinGB=0)
[2018.11.28-13.56.33:511][  0]LogInit: Setting Device Profile CVar: [[r.Vulkan.UseRealUBs:1]]
[2018.11.28-13.56.33:511][  0]LogInit: Going up to parent DeviceProfile []
[2018.11.28-13.56.33:511][  0]LogInit: Computer: RAZER-BLADE
[2018.11.28-13.56.33:511][  0]LogInit: User: alexi
[2018.11.28-13.56.33:511][  0]LogInit: CPU Page size=4096, Cores=4
[2018.11.28-13.56.33:511][  0]LogInit: High frequency timer resolution =2.531249 MHz
[2018.11.28-13.56.33:511][  0]LogMemory: Memory total: Physical=15.9GB (16GB approx)
[2018.11.28-13.56.33:511][  0]LogMemory: Platform Memory Stats for Windows
[2018.11.28-13.56.33:511][  0]LogMemory: Process Physical Memory: 100.96 MB used, 100.96 MB peak
[2018.11.28-13.56.33:511][  0]LogMemory: Process Virtual Memory: 89.63 MB used, 89.63 MB peak
[2018.11.28-13.56.33:511][  0]LogMemory: Physical Memory: 5565.51 MB used,  10710.62 MB free, 16276.13 MB total
[2018.11.28-13.56.33:511][  0]LogMemory: Virtual Memory: 4643.41 MB used,  10710.62 MB free, 134217728.00 MB total
[2018.11.28-13.56.33:530][  0]LogInit: Using OS detected language (fr-FR).
[2018.11.28-13.56.33:531][  0]LogInit: Using OS detected locale (fr-FR).
[2018.11.28-13.56.33:531][  0]LogTextLocalizationManager: No specific localization for 'fr-FR' exists, so the 'fr' localization will be used.
[2018.11.28-13.56.33:533][  0]LogStreaming: Display: Took  0.002s to InitEngineTextLocalization.
[2018.11.28-13.56.33:533][  0]LogInit: Setting process to per monitor DPI aware
[2018.11.28-13.56.33:577][  0]LogSlate: New Slate User Created.  User Index 0, Is Virtual User: 0
[2018.11.28-13.56.33:577][  0]LogSlate: Slate User Registered.  User Index 0, Is Virtual User: 0
[2018.11.28-13.56.33:792][  0]LogHMD: Failed to initialize OpenVR with code 101
[2018.11.28-13.56.33:792][  0]LogD3D11RHI: D3D11 adapters:
[2018.11.28-13.56.33:864][  0]LogD3D11RHI:    0. 'NVIDIA GeForce GTX 1060' (Feature Level 11_0)
[2018.11.28-13.56.33:864][  0]LogD3D11RHI:       6061/0/8138 MB DedicatedVideo/DedicatedSystem/SharedSystem, Outputs:1, VendorId:0x10de
[2018.11.28-13.56.33:877][  0]LogD3D11RHI:    1. 'Intel(R) HD Graphics 530' (Feature Level 11_0)
[2018.11.28-13.56.33:877][  0]LogD3D11RHI:       128/0/8138 MB DedicatedVideo/DedicatedSystem/SharedSystem, Outputs:0, VendorId:0x8086
[2018.11.28-13.56.33:879][  0]LogD3D11RHI:    2. 'Microsoft Basic Render Driver' (Feature Level 11_0)
[2018.11.28-13.56.33:879][  0]LogD3D11RHI:       0/0/8138 MB DedicatedVideo/DedicatedSystem/SharedSystem, Outputs:0, VendorId:0x1414
[2018.11.28-13.56.33:879][  0]LogD3D11RHI: Chosen D3D11 Adapter: 0
[2018.11.28-13.56.33:898][  0]LogD3D11RHI: Creating new Direct3DDevice
[2018.11.28-13.56.33:898][  0]LogD3D11RHI:     GPU DeviceId: 0x1c20 (for the marketing name, search the web for "GPU Device Id")
[2018.11.28-13.56.33:898][  0]LogWindows: EnumDisplayDevices:
[2018.11.28-13.56.33:898][  0]LogWindows:    0. 'Intel(R) HD Graphics 530' (P:1 D:1)
[2018.11.28-13.56.33:898][  0]LogWindows:    1. 'Intel(R) HD Graphics 530' (P:0 D:0)
[2018.11.28-13.56.33:899][  0]LogWindows:    2. 'Intel(R) HD Graphics 530' (P:0 D:0)
[2018.11.28-13.56.33:899][  0]LogWindows:    3. 'NVIDIA GeForce GTX 1060' (P:0 D:0)
[2018.11.28-13.56.33:899][  0]LogWindows: DebugString: PrimaryIsNotTheChoosenAdapter PrimaryIsNotTheChoosenAdapter PrimaryIsNotTheChoosenAdapter 
[2018.11.28-13.56.33:899][  0]LogD3D11RHI:     Adapter Name: NVIDIA GeForce GTX 1060
[2018.11.28-13.56.33:899][  0]LogD3D11RHI:   Driver Version: 388.73 (internal:23.21.13.8873, unified:388.73)
[2018.11.28-13.56.33:899][  0]LogD3D11RHI:      Driver Date: 12-18-2017
[2018.11.28-13.56.33:899][  0]LogRHI: Texture pool is 4242 MB (70% of 6061 MB)
[2018.11.28-13.56.33:934][  0]LogD3D11RHI: Async texture creation enabled
[2018.11.28-13.56.33:975][  0]LogD3D11RHI: GPU Timing Frequency: 1000.000000 (Debug: 2 1)
[2018.11.28-13.56.33:977][  0]LogShaderCompilers: Guid format shader working directory is -16 characters bigger than the processId version (../../../../../../Users/alexi/Unreal Engine/-UE4-Code-Spaceship/Intermediate/Shaders/WorkingDirectory/740/).
[2018.11.28-13.56.33:977][  0]LogShaderCompilers: Cleaned the shader compiler working directory 'C:/Users/alexi/AppData/Local/Temp/UnrealShaderWorkingDir/AC2C91434F3825E2C1C28C972B12016C/'.
[2018.11.28-13.56.34:299][  0]LogTemp: Display: Loaded TP AllDesktopTargetPlatform
[2018.11.28-13.56.34:316][  0]LogTemp: Display: Loaded TP MacClientTargetPlatform
[2018.11.28-13.56.34:331][  0]LogTemp: Display: Loaded TP MacNoEditorTargetPlatform
[2018.11.28-13.56.34:347][  0]LogTemp: Display: Loaded TP MacServerTargetPlatform
[2018.11.28-13.56.34:363][  0]LogTemp: Display: Loaded TP MacTargetPlatform
[2018.11.28-13.56.34:379][  0]LogTemp: Display: Loaded TP WindowsClientTargetPlatform
[2018.11.28-13.56.34:396][  0]LogTemp: Display: Loaded TP WindowsNoEditorTargetPlatform
[2018.11.28-13.56.34:412][  0]LogTemp: Display: Loaded TP WindowsServerTargetPlatform
[2018.11.28-13.56.34:420][  0]LogTemp: Display: Loaded TP WindowsTargetPlatform
[2018.11.28-13.56.34:525][  0]LogTemp: Display: Loaded TP AndroidTargetPlatform
[2018.11.28-13.56.34:525][  0]LogTemp: Display: Loaded TP AndroidTargetPlatform
[2018.11.28-13.56.34:525][  0]LogTemp: Display: Loaded TP AndroidTargetPlatform
[2018.11.28-13.56.34:525][  0]LogTemp: Display: Loaded TP AndroidTargetPlatform
[2018.11.28-13.56.34:525][  0]LogTemp: Display: Loaded TP AndroidTargetPlatform
[2018.11.28-13.56.34:525][  0]LogTemp: Display: Loaded TP AndroidTargetPlatform
[2018.11.28-13.56.34:525][  0]LogTemp: Display: Loaded TP AndroidTargetPlatform
[2018.11.28-13.56.34:525][  0]LogTemp: Display: Loaded TP AndroidTargetPlatform
[2018.11.28-13.56.34:525][  0]LogTemp: Display: Loaded TP AndroidTargetPlatform
[2018.11.28-13.56.34:525][  0]LogTemp: Display: Loaded TP AndroidTargetPlatform
[2018.11.28-13.56.34:525][  0]LogTemp: Display: Loaded TP AndroidTargetPlatform
[2018.11.28-13.56.34:525][  0]LogTemp: Display: Loaded TP AndroidTargetPlatform
[2018.11.28-13.56.34:525][  0]LogTemp: Display: Loaded TP AndroidTargetPlatform
[2018.11.28-13.56.34:525][  0]LogTemp: Display: Loaded TP AndroidTargetPlatform
[2018.11.28-13.56.34:525][  0]LogTemp: Display: Loaded TP AndroidTargetPlatform
[2018.11.28-13.56.34:525][  0]LogTemp: Display: Loaded TP AndroidTargetPlatform
[2018.11.28-13.56.34:525][  0]LogTemp: Display: Loaded TP AndroidTargetPlatform
[2018.11.28-13.56.34:525][  0]LogTemp: Display: Loaded TP AndroidTargetPlatform
[2018.11.28-13.56.34:526][  0]LogTemp: Display: Loaded TP HTML5TargetPlatform
[2018.11.28-13.56.34:589][  0]LogTemp: Display: Loaded TP IOSTargetPlatform
[2018.11.28-13.56.34:589][  0]LogTemp: Display: Loaded TP IOSTargetPlatform
[2018.11.28-13.56.34:614][  0]LogTemp: Display: Loaded TP TVOSTargetPlatform
[2018.11.28-13.56.34:614][  0]LogTemp: Display: Loaded TP TVOSTargetPlatform
[2018.11.28-13.56.34:627][  0]LogTemp: Display: Loaded TP LinuxClientTargetPlatform
[2018.11.28-13.56.34:640][  0]LogTemp: Display: Loaded TP LinuxNoEditorTargetPlatform
[2018.11.28-13.56.34:654][  0]LogTemp: Display: Loaded TP LinuxServerTargetPlatform
[2018.11.28-13.56.34:672][  0]LogTemp: Display: Loaded TP LinuxTargetPlatform
[2018.11.28-13.56.34:683][  0]LogTemp: Display: Loaded TP LuminTargetPlatform
[2018.11.28-13.56.34:683][  0]LogTargetPlatformManager: Display: Building Assets For Windows
[2018.11.28-13.56.34:740][  0]LogXGEController: Cleaning working directory: C:/Users/alexi/AppData/Local/Temp/UnrealXGEWorkingDir/
[2018.11.28-13.56.34:740][  0]LogXGEController: Cannot use XGE Controller as Incredibuild is not installed on this machine.
[2018.11.28-13.56.34:740][  0]LogShaderCompilers: Cannot use XGE Shader Compiler as Incredibuild is not installed on this machine.
[2018.11.28-13.56.34:740][  0]LogShaderCompilers: Display: Using Local Shader Compiler.
[2018.11.28-13.56.35:537][  0]LogDerivedDataCache: Display: Max Cache Size: 512 MB
[2018.11.28-13.56.35:591][  0]LogDerivedDataCache: Loaded boot cache 0.05s 71MB C:/Users/alexi/AppData/Local/UnrealEngine/4.20/DerivedDataCache/Boot.ddc.
[2018.11.28-13.56.35:591][  0]LogDerivedDataCache: Display: Loaded Boot cache: C:/Users/alexi/AppData/Local/UnrealEngine/4.20/DerivedDataCache/Boot.ddc
[2018.11.28-13.56.35:591][  0]LogDerivedDataCache: FDerivedDataBackendGraph:  Pak pak cache file ../../../../../../Users/alexi/Unreal Engine/-UE4-Code-Spaceship/DerivedDataCache/DDC.ddp not found, will not use a pak cache.
[2018.11.28-13.56.35:591][  0]LogDerivedDataCache: Unable to find inner node Pak for hierarchical cache Hierarchy.
[2018.11.28-13.56.35:591][  0]LogDerivedDataCache: FDerivedDataBackendGraph:  CompressedPak pak cache file ../../../../../../Users/alexi/Unreal Engine/-UE4-Code-Spaceship/DerivedDataCache/Compressed.ddp not found, will not use a pak cache.
[2018.11.28-13.56.35:591][  0]LogDerivedDataCache: Unable to find inner node CompressedPak for hierarchical cache Hierarchy.
[2018.11.28-13.56.35:606][  0]LogDerivedDataCache: Display: Pak cache opened for reading ../../../Engine/DerivedDataCache/Compressed.ddp.
[2018.11.28-13.56.35:618][  0]LogDerivedDataCache: Using Local data cache path C:/Users/alexi/AppData/Local/UnrealEngine/Common/DerivedDataCache: Writable
[2018.11.28-13.56.35:618][  0]LogDerivedDataCache: Shared data cache path not found in *engine.ini, will not use an Shared cache.
[2018.11.28-13.56.35:618][  0]LogDerivedDataCache: Unable to find inner node Shared for hierarchical cache Hierarchy.
[2018.11.28-13.56.35:638][  0]LogMaterial: Verifying Global Shaders for PCD3D_SM5
[2018.11.28-13.56.35:639][  0]LogSlate: Using FreeType 2.6.0
[2018.11.28-13.56.35:640][  0]LogSlate: SlateFontServices - WITH_FREETYPE: 1, WITH_HARFBUZZ: 1
[2018.11.28-13.56.35:719][  0]LogAssetRegistry: FAssetRegistry took 0.0283 seconds to start up
[2018.11.28-13.56.36:069][  0]LogInit: Selected Device Profile: [Windows]
[2018.11.28-13.56.36:218][  0]LogSimplygon: Simplygon DLL not present - disabling.
[2018.11.28-13.56.36:221][  0]LogMeshReduction: Using SimplygonSwarm for distributed automatic mesh merging
[2018.11.28-13.56.36:221][  0]LogMeshReduction: Using ProxyLODMeshReduction for automatic mesh merging
[2018.11.28-13.56.36:221][  0]LogMeshReduction: Using QuadricMeshReduction for automatic static mesh reduction
[2018.11.28-13.56.36:221][  0]LogMeshReduction: No automatic skeletal mesh reduction module available
[2018.11.28-13.56.36:241][  0]LogNetVersion: ProjectShip 1.0.0, NetCL: 4212847, EngineNetVer: 5, GameNetVer: 0 (Checksum: 2633931975)
[2018.11.28-13.56.36:771][  0]LogPackageLocalizationCache: Processed 11 localized package path(s) for 2 prioritized culture(s) in 0.099023 seconds
[2018.11.28-13.56.36:778][  0]LogUObjectArray: 38425 objects as part of root set at end of initial load.
[2018.11.28-13.56.36:778][  0]LogUObjectAllocator: 6690864 out of 0 bytes used by permanent object pool.
[2018.11.28-13.56.36:778][  0]LogUObjectArray: CloseDisregardForGC: 0/0 objects in disregard for GC pool
[2018.11.28-13.56.37:675][  0]LogTcpMessaging: Initializing TcpMessaging bridge
[2018.11.28-13.56.37:689][  0]LogUdpMessaging: Initializing bridge on interface 0.0.0.0:0 to multicast group 230.0.0.1:6666.
[2018.11.28-13.56.37:833][  0]SourceControl: Source control is disabled
[2018.11.28-13.56.37:833][  0]SourceControl: Source control is disabled
[2018.11.28-13.56.37:834][  0]SourceControl: Source control is disabled
[2018.11.28-13.56.37:835][  0]SourceControl: Source control is disabled
[2018.11.28-13.56.37:996][  0]LogAndroidPermission: UAndroidPermissionCallbackProxy::GetInstance
[2018.11.28-13.56.38:103][  0]LogOcInput: OculusInput pre-init called
[2018.11.28-13.56.38:168][  0]LogEngine: Initializing Engine...
[2018.11.28-13.56.38:170][  0]LogHMD: Failed to initialize OpenVR with code 101
[2018.11.28-13.56.38:172][  0]LogStats: UGameplayTagsManager::ConstructGameplayTagTree: ImportINI prefixes -  0.000 s
[2018.11.28-13.56.38:172][  0]LogStats: UGameplayTagsManager::ConstructGameplayTagTree: Construct from data asset -  0.000 s
[2018.11.28-13.56.38:172][  0]LogStats: UGameplayTagsManager::ConstructGameplayTagTree: ImportINI -  0.000 s
[2018.11.28-13.56.38:172][  0]LogStats: UGameplayTagsManager::ConstructGameplayTagTree: GameplayTagTreeChangedEvent.Broadcast -  0.000 s
[2018.11.28-13.56.38:420][  0]LogInit: Initializing FReadOnlyCVARCache
[2018.11.28-13.56.38:434][  0]LogAIModule: Creating AISystem for world Untitled
[2018.11.28-13.56.38:463][  0]LogInit: XAudio2 using 'Speakers (Realtek High Definition Audio)' : 2 channels at 48 kHz using 32 bits per sample (channel mask 0x3)
[2018.11.28-13.56.38:519][  0]LogInit: FAudioDevice initialized.
[2018.11.28-13.56.38:519][  0]LogNetVersion: Set ProjectVersion to 1.0.0.0. Version Checksum will be recalculated on next use.
[2018.11.28-13.56.38:571][  0]LogDerivedDataCache: Saved boot cache 0.05s 71MB C:/Users/alexi/AppData/Local/UnrealEngine/4.20/DerivedDataCache/Boot.ddc.
[2018.11.28-13.56.38:586][  0]LogInit: Texture streaming: Enabled
[2018.11.28-13.56.38:605][  0]LogEngineSessionManager: EngineSessionManager initialized
[2018.11.28-13.56.38:605][  0]LogEngineSessionManager: EngineSessionManager sent abnormal shutdown report. Type=Crashed, SessionId={C7DB8DF4-4A0B-25E8-B98D-AF9710AE2150}
[2018.11.28-13.56.38:618][  0]LogInit: Transaction tracking system initialized
[2018.11.28-13.56.38:642][  0]BlueprintLog: New page: Editor Load
[2018.11.28-13.56.38:719][  0]LocalizationService: Localization service is disabled
[2018.11.28-13.56.38:977][  0]LogCook: Display: Max memory allowance for cook 16384mb min free memory 0mb
[2018.11.28-13.56.38:977][  0]LogCook: Display: Mobile HDR setting 1
[2018.11.28-13.56.38:977][  0]LogGameplayTags: Display: UGameplayTagsManager::DoneAddingNativeTags. DelegateIsBound: 0
[2018.11.28-13.56.38:977][  0]LogStats: UGameplayTagsManager::ConstructGameplayTagTree: ImportINI prefixes -  0.000 s
[2018.11.28-13.56.38:977][  0]LogStats: UGameplayTagsManager::ConstructGameplayTagTree: Construct from data asset -  0.000 s
[2018.11.28-13.56.38:977][  0]LogStats: UGameplayTagsManager::ConstructGameplayTagTree: ImportINI -  0.000 s
[2018.11.28-13.56.38:977][  0]LogStats: UGameplayTagsManager::ConstructGameplayTagTree: GameplayTagTreeChangedEvent.Broadcast -  0.000 s
[2018.11.28-13.56.39:100][  0]LogFileCache: Scanning file cache for directory 'C:/Users/alexi/Unreal Engine/-UE4-Code-Spaceship/Content/' took 0.01s
[2018.11.28-13.56.39:100][  0]SourceControl: Source control is disabled
[2018.11.28-13.56.39:100][  0]Cmd: MAP LOAD FILE="../../../../../../Users/alexi/Unreal Engine/-UE4-Code-Spaceship/Content/Scene/Test.umap" TEMPLATE=0 SHOWPROGRESS=1 FEATURELEVEL=3
[2018.11.28-13.56.39:101][  0]LightingResults: New page: Lighting Build
[2018.11.28-13.56.39:103][  0]MapCheck: New page: Map Check
[2018.11.28-13.56.39:103][  0]LightingResults: New page: Lighting Build
[2018.11.28-13.56.40:221][  0]LogAIModule: Creating AISystem for world Test
[2018.11.28-13.56.40:235][  0]LogEditorServer: Finished looking for orphan Actors (0.000 secs)
[2018.11.28-13.56.40:263][  0]Cmd: MAP CHECKDEP NOCLEARLOG
[2018.11.28-13.56.40:348][  0]MapCheck: Map check complete: 0 Error(s), 0 Warning(s), took 84,824ms to complete.
[2018.11.28-13.56.40:348][  0]LogFileHelpers: Loading map 'Test' took 1.248
[2018.11.28-13.56.40:470][  0]LogSlate: Updating window title bar state: overlay mode, drag disabled, window buttons hidden, title bar hidden
[2018.11.28-13.56.40:478][  0]LogSlate: Updating window title bar state: overlay mode, drag disabled, window buttons hidden, title bar hidden
[2018.11.28-13.56.40:485][  0]LogSlate: Updating window title bar state: overlay mode, drag disabled, window buttons hidden, title bar hidden
[2018.11.28-13.56.40:492][  0]LogSlate: Updating window title bar state: overlay mode, drag disabled, window buttons hidden, title bar hidden
[2018.11.28-13.56.40:499][  0]LogCollectionManager: Loaded 0 collections in 0.001821 seconds
[2018.11.28-13.56.40:545][  0]LogFileCache: Scanning file cache for directory 'C:/Users/alexi/Unreal Engine/-UE4-Code-Spaceship/Saved/Collections/' took 0.01s
[2018.11.28-13.56.40:545][  0]LogFileCache: Scanning file cache for directory 'C:/Users/alexi/Unreal Engine/-UE4-Code-Spaceship/Content/Developers/alexi/Collections/' took 0.01s
[2018.11.28-13.56.40:545][  0]LogFileCache: Scanning file cache for directory 'C:/Users/alexi/Unreal Engine/-UE4-Code-Spaceship/Content/Collections/' took 0.01s
[2018.11.28-13.56.40:545][  0]LogCollectionManager: Rebuilt the GUID cache for 0 collections in 0.000000 seconds
[2018.11.28-13.56.40:555][  0]LogContentBrowser: Native class hierarchy populated in 0.0100 seconds. Added 2572 classes and 603 folders.
[2018.11.28-13.56.40:564][  0]LogContentBrowser: Native class hierarchy updated for 'WidgetCarousel' in 0.0005 seconds. Added 0 classes and 0 folders.
[2018.11.28-13.56.40:600][  0]LogContentBrowser: Native class hierarchy updated for 'AddContentDialog' in 0.0002 seconds. Added 0 classes and 0 folders.
[2018.11.28-13.56.40:605][  0]LogContentBrowser: Native class hierarchy updated for 'SceneOutliner' in 0.0002 seconds. Added 1 classes and 2 folders.
[2018.11.28-13.56.41:725][  0]LogSlate: Only BGRA pngs, bmps or icos are supported in by External Image Picker
[2018.11.28-13.56.41:757][  0]LogSlate: Took 0.000212 seconds to synchronously load lazily loaded font '../../../Engine/Content/Slate/Fonts/Roboto-Regular.ttf' (155K)
[2018.11.28-13.56.41:760][  0]LogSlate: Took 0.000229 seconds to synchronously load lazily loaded font '../../../Engine/Content/Slate/Fonts/Roboto-Bold.ttf' (160K)
[2018.11.28-13.56.41:767][  0]LogSlate: Took 0.000285 seconds to synchronously load lazily loaded font '../../../Engine/Content/Editor/Slate/Fonts/FontAwesome.ttf' (139K)
[2018.11.28-13.56.41:938][  0]LogTemp: Executing iPhonePackager certificates Engine -bundlename com.YourCompany.ProjectShip
[2018.11.28-13.56.41:939][  0]LogTemp: CWD: C:\Program Files\Epic Games\UE_4.20\Engine\Binaries\DotNET\IOS
[2018.11.28-13.56.41:939][  0]LogTemp: Initial Dir: C:\Program Files\Epic Games\UE_4.20
[2018.11.28-13.56.41:939][  0]LogTemp: Env CWD: C:\Program Files\Epic Games\UE_4.20\Engine\Binaries\DotNET\IOS
[2018.11.28-13.56.41:939][  0]LogTemp: BranchPath = RAZER-BLADE/C/Program Files/Epic Games/UE_4.20/Engine/Binaries --- GameBranchPath = RAZER-BLADE/C/Program Files/Epic Games/UE_4.20/Engine/Binaries
[2018.11.28-13.56.41:939][  0]LogTemp: IPP ERROR: Could not find provision directory 'C:\Users\alexi\AppData\Local/Apple Computer/MobileDevice/Provisioning Profiles/'.
[2018.11.28-13.56.41:939][  0]LogRenderer: Reallocating scene render targets to support 1152x608 Format 10 NumSamples 1 (Frame:1).
[2018.11.28-13.56.42:169][  0]LogContentBrowser: Native class hierarchy updated for 'HierarchicalLODOutliner' in 0.0003 seconds. Added 0 classes and 0 folders.
[2018.11.28-13.56.42:170][  0]LogLoad: (Engine Initialization) Total time: 10.19 seconds
[2018.11.28-13.56.42:170][  0]LogLoad: (Engine Initialization) Total Blueprint compile time: 0.00 seconds
[2018.11.28-13.56.42:188][  0]LogWindowsTextInputMethodSystem: Display: IME system now deactivated.
[2018.11.28-13.56.42:216][  0]LogContentStreaming: Texture pool size now 1000 MB
[2018.11.28-13.56.42:332][  1]LogAssetRegistry: Asset discovery search completed in 6.6356 seconds
[2018.11.28-13.56.42:334][  1]LogCollectionManager: Rebuilt the object cache for 0 collections in 0.000000 seconds (found 0 objects)
[2018.11.28-13.56.42:334][  1]LogCollectionManager: Fixed up redirectors for 0 collections in 0.000106 seconds (updated 0 objects)
[2018.11.28-13.56.43:261][ 30]LogSlate: Took 0.000183 seconds to synchronously load lazily loaded font '../../../Engine/Content/Slate/Fonts/Roboto-Light.ttf' (167K)
[2018.11.28-13.57.28:285][378]LogSlate: FSceneViewport::OnFocusLost() reason 0
[2018.11.28-13.57.50:845][864]LogAssetEditorManager: Opening Asset editor for Blueprint /Game/Blueprint/SpaceShip.SpaceShip
[2018.11.28-13.57.51:421][864]LogContentBrowser: Native class hierarchy updated for 'BlueprintGraph' in 0.0006 seconds. Added 116 classes and 0 folders.
[2018.11.28-13.57.52:300][864]LogAssetEditorManager: Opening Asset editor for Blueprint /Game/ThirdPersonBP/Blueprints/ThirdPersonCharacter.ThirdPersonCharacter
[2018.11.28-13.57.52:675][864]LogSlate: Took 0.000271 seconds to synchronously load lazily loaded font '../../../Engine/Content/Slate/Fonts/Roboto-BoldCondensed.ttf' (158K)
[2018.11.28-13.57.52:769][865]LogSlate: Took 0.000356 seconds to synchronously load lazily loaded font '../../../Engine/Content/Slate/Fonts/Roboto-Italic.ttf' (157K)
[2018.11.28-13.57.59:973][227]BlueprintLog: New page: Compile ThirdPersonCharacter
[2018.11.28-13.58.00:191][227]LogScript: Warning: Accessed None trying to read property CurrentHud
	SpaceShip_C /Engine/Transient.World_2:PersistentLevel.SpaceShip_C_0
	Function /Game/Blueprint/SpaceShip.SpaceShip_C:HideHud:000D
[2018.11.28-13.58.00:191][227]LogScript: Warning: Accessed None trying to read property CurrentHud
	SpaceShip_C /Engine/Transient.World_2:PersistentLevel.SpaceShip_C_0
	Function /Game/Blueprint/SpaceShip.SpaceShip_C:HideHud:000D
[2018.11.28-13.58.00:192][227]LogScript: Warning: Accessed None trying to read property CurrentHud
	SpaceShip_C /Engine/Transient.World_2:PersistentLevel.SpaceShip_C_0
	Function /Game/Blueprint/SpaceShip.SpaceShip_C:HideHud:000D
[2018.11.28-13.58.00:192][227]LogScript: Warning: Accessed None trying to read property CurrentHud
	SpaceShip_C /Engine/Transient.World_2:PersistentLevel.SpaceShip_C_0
	Function /Game/Blueprint/SpaceShip.SpaceShip_C:HideHud:000D
[2018.11.28-13.58.00:192][227]LogScript: Warning: Accessed None trying to read property CurrentHud
	SpaceShip_C /Engine/Transient.World_2:PersistentLevel.SpaceShip_C_0
	Function /Game/Blueprint/SpaceShip.SpaceShip_C:HideHud:000D
[2018.11.28-13.58.00:192][227]LogScript: Warning: Accessed None trying to read property CurrentHud
	SpaceShip_C /Engine/Transient.World_2:PersistentLevel.SpaceShip_C_0
	Function /Game/Blueprint/SpaceShip.SpaceShip_C:HideHud:000D
[2018.11.28-13.58.00:192][227]LogScript: Warning: Accessed None trying to read property CurrentHud
	SpaceShip_C /Engine/Transient.World_2:PersistentLevel.SpaceShip_C_0
	Function /Game/Blueprint/SpaceShip.SpaceShip_C:HideHud:000D
[2018.11.28-13.58.00:192][227]LogScript: Warning: Accessed None trying to read property CurrentHud
	SpaceShip_C /Engine/Transient.World_2:PersistentLevel.SpaceShip_C_0
	Function /Game/Blueprint/SpaceShip.SpaceShip_C:HideHud:000D
[2018.11.28-13.58.00:192][227]LogScript: Warning: Accessed None trying to read property CurrentHud
	SpaceShip_C /Engine/Transient.World_2:PersistentLevel.SpaceShip_C_0
	Function /Game/Blueprint/SpaceShip.SpaceShip_C:HideHud:000D
[2018.11.28-13.58.00:192][227]LogScript: Warning: Accessed None trying to read property CurrentHud
	SpaceShip_C /Engine/Transient.World_2:PersistentLevel.SpaceShip_C_0
	Function /Game/Blueprint/SpaceShip.SpaceShip_C:HideHud:000D
[2018.11.28-13.58.00:192][227]LogScript: Warning: Accessed None trying to read property CurrentHud
	SpaceShip_C /Engine/Transient.World_2:PersistentLevel.SpaceShip_C_0
	Function /Game/Blueprint/SpaceShip.SpaceShip_C:HideHud:000D
[2018.11.28-13.58.10:328][646]LogSlate: Window 'ThirdPersonCharacter*' being destroyed
[2018.11.28-13.58.18:334][241]LogUObjectBase: Warning: Object is not registered
[2018.11.28-13.58.18:747][241]LogStats: FPlatformStackWalk::StackWalkAndDump -  0.414 s
[2018.11.28-13.58.18:747][241]LogOutputDevice: Error: === Handled ensure: ===
[2018.11.28-13.58.18:747][241]LogOutputDevice: Error: 
[2018.11.28-13.58.18:747][241]LogOutputDevice: Error: Ensure condition failed: false [File:D:\Build\++UE4\Sync\Engine\Source\Editor\UnrealEd\Private\Kismet2\KismetDebugUtilities.cpp] [Line: 1142]
[2018.11.28-13.58.18:747][241]LogOutputDevice: Error: Error: Invalid (but non-null) property associated with pin; cannot get variable value
[2018.11.28-13.58.18:747][241]LogOutputDevice: Error: Stack: 
[2018.11.28-13.58.18:747][241]LogOutputDevice: Error: [Callstack] 0x00007ffbb68671f6 UE4Editor-Core.dll!UnknownFunction []
[2018.11.28-13.58.18:747][241]LogOutputDevice: Error: [Callstack] 0x00007ffbb65a0c92 UE4Editor-Core.dll!UnknownFunction []
[2018.11.28-13.58.18:747][241]LogOutputDevice: Error: [Callstack] 0x00007ffbb65bb356 UE4Editor-Core.dll!UnknownFunction []
[2018.11.28-13.58.18:747][241]LogOutputDevice: Error: [Callstack] 0x00007ffba14911db UE4Editor-UnrealEd.dll!UnknownFunction []
[2018.11.28-13.58.18:747][241]LogOutputDevice: Error: [Callstack] 0x00007ffba14a060e UE4Editor-UnrealEd.dll!UnknownFunction []
[2018.11.28-13.58.18:747][241]LogOutputDevice: Error: [Callstack] 0x00007ffbae6dda7a UE4Editor-BlueprintGraph.dll!UnknownFunction []
[2018.11.28-13.58.18:747][241]LogOutputDevice: Error: [Callstack] 0x00007ffba348ec2a UE4Editor-GraphEditor.dll!UnknownFunction []
[2018.11.28-13.58.18:747][241]LogOutputDevice: Error: [Callstack] 0x00007ffba344f337 UE4Editor-GraphEditor.dll!UnknownFunction []
[2018.11.28-13.58.18:747][241]LogOutputDevice: Error: [Callstack] 0x00007ffbba4e8204 UE4Editor-Slate.dll!UnknownFunction []
[2018.11.28-13.58.18:747][241]LogOutputDevice: Error: [Callstack] 0x00007ffbba72e933 UE4Editor-Slate.dll!UnknownFunction []
[2018.11.28-13.58.18:747][241]LogOutputDevice: Error: [Callstack] 0x00007ffbba54281a UE4Editor-Slate.dll!UnknownFunction []
[2018.11.28-13.58.18:747][241]LogOutputDevice: Error: [Callstack] 0x00007ffbba53e788 UE4Editor-Slate.dll!UnknownFunction []
[2018.11.28-13.58.18:747][241]LogOutputDevice: Error: [Callstack] 0x00007ffbba53dd17 UE4Editor-Slate.dll!UnknownFunction []
[2018.11.28-13.58.18:747][241]LogOutputDevice: Error: [Callstack] 0x00007ff7afdd6aa7 UE4Editor.exe!UnknownFunction []
[2018.11.28-13.58.18:747][241]LogOutputDevice: Error: [Callstack] 0x00007ff7afde5b3c UE4Editor.exe!UnknownFunction []
[2018.11.28-13.58.18:747][241]LogOutputDevice: Error: [Callstack] 0x00007ff7afde5bba UE4Editor.exe!UnknownFunction []
[2018.11.28-13.58.18:747][241]LogOutputDevice: Error: [Callstack] 0x00007ff7afdf3dac UE4Editor.exe!UnknownFunction []
[2018.11.28-13.58.18:747][241]LogOutputDevice: Error: [Callstack] 0x00007ff7afdf5aaa UE4Editor.exe!UnknownFunction []
[2018.11.28-13.58.18:747][241]LogOutputDevice: Error: [Callstack] 0x00007ffbf61b3034 KERNEL32.DLL!UnknownFunction []
[2018.11.28-13.58.18:747][241]LogOutputDevice: Error: [Callstack] 0x00007ffbf6b61471 ntdll.dll!UnknownFunction []
[2018.11.28-13.58.18:747][241]LogOutputDevice: Error: 
[2018.11.28-13.58.18:749][241]LogStats:                SubmitErrorReport -  0.000 s
[2018.11.28-13.58.19:047][241]LogStats:                    SendNewReport -  0.297 s
[2018.11.28-13.58.19:047][241]LogStats:             FDebug::EnsureFailed -  0.713 s
[2018.11.28-13.58.19:060][242]LogUObjectBase: Warning: Object is not registered
[2018.11.28-13.58.19:060][242]LogUObjectBase: Warning: Object is not registered
[2018.11.28-13.58.19:314][258]LogUObjectBase: Warning: Object is not registered
[2018.11.28-13.58.19:329][259]LogUObjectBase: Warning: Object is not registered
[2018.11.28-13.58.19:346][260]LogUObjectBase: Warning: Object is not registered
[2018.11.28-13.58.19:361][261]LogUObjectBase: Warning: Object is not registered
[2018.11.28-13.58.19:361][261]LogUObjectBase: Warning: Object is not registered
[2018.11.28-13.58.19:366][261]LogUObjectBase: Warning: Object is not registered
[2018.11.28-13.58.19:375][261]LogUObjectBase: Warning: Object is not registered
[2018.11.28-13.58.19:387][262]LogUObjectBase: Warning: Object is not registered
[2018.11.28-13.58.19:390][262]LogUObjectBase: Warning: Object is not registered
[2018.11.28-13.58.19:396][262]LogUObjectBase: Warning: Object is not registered
[2018.11.28-13.58.19:404][263]LogUObjectBase: Warning: Object is not registered
[2018.11.28-13.58.19:411][263]LogUObjectBase: Warning: Object is not registered
[2018.11.28-13.58.19:419][264]LogUObjectBase: Warning: Object is not registered
[2018.11.28-13.58.19:425][264]LogUObjectBase: Warning: Object is not registered
[2018.11.28-13.58.19:436][265]LogUObjectBase: Warning: Object is not registered
[2018.11.28-13.58.19:441][265]LogUObjectBase: Warning: Object is not registered
[2018.11.28-13.58.19:454][266]LogUObjectBase: Warning: Object is not registered
[2018.11.28-13.58.19:463][266]LogUObjectBase: Warning: Object is not registered
[2018.11.28-13.58.19:472][267]LogUObjectBase: Warning: Object is not registered
[2018.11.28-13.58.19:477][267]LogUObjectBase: Warning: Object is not registered
[2018.11.28-13.58.19:486][268]LogUObjectBase: Warning: Object is not registered
[2018.11.28-13.58.19:493][268]LogUObjectBase: Warning: Object is not registered
[2018.11.28-13.58.19:503][269]LogUObjectBase: Warning: Object is not registered
[2018.11.28-13.58.19:508][269]LogUObjectBase: Warning: Object is not registered
[2018.11.28-13.58.19:518][270]LogUObjectBase: Warning: Object is not registered
[2018.11.28-13.58.19:527][270]LogUObjectBase: Warning: Object is not registered
[2018.11.28-13.58.19:535][271]LogUObjectBase: Warning: Object is not registered
[2018.11.28-13.58.19:538][271]LogUObjectBase: Warning: Object is not registered
[2018.11.28-13.58.19:545][271]LogUObjectBase: Warning: Object is not registered
[2018.11.28-13.58.19:555][272]LogUObjectBase: Warning: Object is not registered
[2018.11.28-13.58.19:557][272]LogUObjectBase: Warning: Object is not registered
[2018.11.28-13.58.19:565][272]LogUObjectBase: Warning: Object is not registered
[2018.11.28-13.58.19:675][279]LogUObjectBase: Warning: Object is not registered
[2018.11.28-13.58.19:691][280]LogUObjectBase: Warning: Object is not registered
[2018.11.28-13.58.19:707][281]LogUObjectBase: Warning: Object is not registered
[2018.11.28-13.58.19:723][282]LogUObjectBase: Warning: Object is not registered
[2018.11.28-13.58.19:739][283]LogUObjectBase: Warning: Object is not registered
[2018.11.28-13.58.19:755][284]LogUObjectBase: Warning: Object is not registered
[2018.11.28-13.58.19:771][285]LogUObjectBase: Warning: Object is not registered
[2018.11.28-13.58.19:786][286]LogUObjectBase: Warning: Object is not registered
[2018.11.28-13.58.19:803][287]LogUObjectBase: Warning: Object is not registered
[2018.11.28-13.58.19:818][288]LogUObjectBase: Warning: Object is not registered
[2018.11.28-13.58.19:832][289]LogUObjectBase: Warning: Object is not registered
[2018.11.28-13.58.19:845][290]LogUObjectBase: Warning: Object is not registered
[2018.11.28-13.58.19:865][291]LogUObjectBase: Warning: Object is not registered
[2018.11.28-13.58.19:881][292]LogUObjectBase: Warning: Object is not registered
[2018.11.28-13.59.04:597][188]BlueprintLog: New page: Compile SpaceShip
[2018.11.28-13.59.05:352][207]LogTemp: Repeating last play command: Selected Viewport
[2018.11.28-13.59.05:405][207]LogBlueprintUserMessages: Early PlayInEditor Detection: Level '/Game/Scene/Test.Test:PersistentLevel' has LevelScriptBlueprint '/Game/Scene/Test.Test:PersistentLevel.Test' with GeneratedClass '/Game/Scene/Test.Test_C' with ClassGeneratedBy '/Game/Scene/Test.Test:PersistentLevel.Test'
[2018.11.28-13.59.05:405][207]LogPlayLevel: PlayLevel: No blueprints needed recompiling
[2018.11.28-13.59.05:418][207]PIE: New page: PIE session: Test (28 nov. 2018 15:59:05)
[2018.11.28-13.59.05:418][207]LogPlayLevel: Creating play world package: /Game/Scene/UEDPIE_0_Test
[2018.11.28-13.59.05:438][207]LogPlayLevel: PIE: StaticDuplicateObject took: (0.019591s)
[2018.11.28-13.59.05:439][207]LogAIModule: Creating AISystem for world Test
[2018.11.28-13.59.05:440][207]LogPlayLevel: PIE: World Init took: (0.001526s)
[2018.11.28-13.59.05:440][207]LogPlayLevel: PIE: Created PIE world by copying editor world from /Game/Scene/Test.Test to /Game/Scene/UEDPIE_0_Test.Test (0.021413s)
[2018.11.28-13.59.05:481][207]LogInit: XAudio2 using 'Speakers (Realtek High Definition Audio)' : 2 channels at 48 kHz using 32 bits per sample (channel mask 0x3)
[2018.11.28-13.59.05:498][207]LogInit: FAudioDevice initialized.
[2018.11.28-13.59.05:508][207]LogSlate: Updating window title bar state: overlay mode, drag disabled, window buttons hidden, title bar hidden
[2018.11.28-13.59.05:630][207]LogLoad: Game class is 'ThirdPersonGameMode_C'
[2018.11.28-13.59.05:632][207]LogWorld: Bringing World /Game/Scene/UEDPIE_0_Test.Test up for play (max tick rate 0) at 2018.11.28-14.59.05
[2018.11.28-13.59.05:633][207]LogWorld: Bringing up level for play took: 0.001677
[2018.11.28-13.59.05:657][207]LogContentBrowser: Native class hierarchy updated for 'MovieSceneCapture' in 0.0003 seconds. Added 10 classes and 0 folders.
[2018.11.28-13.59.05:663][207]PIE: Play in editor start time for /Game/Scene/UEDPIE_0_Test -0,351
[2018.11.28-13.59.05:663][207]LogBlueprintUserMessages: Late PlayInEditor Detection: Level '/Game/Scene/Test.Test:PersistentLevel' has LevelScriptBlueprint '/Game/Scene/Test.Test:PersistentLevel.Test' with GeneratedClass '/Game/Scene/Test.Test_C' with ClassGeneratedBy '/Game/Scene/Test.Test:PersistentLevel.Test'
[2018.11.28-13.59.18:370][933]LogBlueprintUserMessages: Early EndPlayMap Detection: Level '/Game/Scene/Test.Test:PersistentLevel' has LevelScriptBlueprint '/Game/Scene/Test.Test:PersistentLevel.Test' with GeneratedClass '/Game/Scene/Test.Test_C' with ClassGeneratedBy '/Game/Scene/Test.Test:PersistentLevel.Test'
[2018.11.28-13.59.18:370][933]LogSlate: Updating window title bar state: overlay mode, drag disabled, window buttons hidden, title bar hidden
[2018.11.28-13.59.18:395][933]LogSlate: Window 'ProjectShip Game Preview Standalone (64-bit/PCD3D_SM5)' being destroyed
[2018.11.28-13.59.18:458][933]LogPlayLevel: Display: Shutting down PIE online subsystems
[2018.11.28-13.59.18:459][933]LogBlueprintUserMessages: Late EndPlayMap Detection: Level '/Game/Scene/Test.Test:PersistentLevel' has LevelScriptBlueprint '/Game/Scene/Test.Test:PersistentLevel.Test' with GeneratedClass '/Game/Scene/Test.Test_C' with ClassGeneratedBy '/Game/Scene/Test.Test:PersistentLevel.Test'
[2018.11.28-13.59.18:648][934]LogPlayLevel: Display: Destroying online subsystem :Context_5
[2018.11.28-13.59.28:750][663]BlueprintLog: New page: Compile SpaceShip
[2018.11.28-13.59.36:611][ 99]LogTemp: Repeating last play command: Selected Viewport
[2018.11.28-13.59.36:664][ 99]LogBlueprintUserMessages: Early PlayInEditor Detection: Level '/Game/Scene/Test.Test:PersistentLevel' has LevelScriptBlueprint '/Game/Scene/Test.Test:PersistentLevel.Test' with GeneratedClass '/Game/Scene/Test.Test_C' with ClassGeneratedBy '/Game/Scene/Test.Test:PersistentLevel.Test'
[2018.11.28-13.59.36:664][ 99]LogPlayLevel: PlayLevel: No blueprints needed recompiling
[2018.11.28-13.59.36:664][ 99]PIE: New page: PIE session: Test (28 nov. 2018 15:59:36)
[2018.11.28-13.59.36:664][ 99]LogPlayLevel: Creating play world package: /Game/Scene/UEDPIE_0_Test
[2018.11.28-13.59.36:674][ 99]LogPlayLevel: PIE: StaticDuplicateObject took: (0.010358s)
[2018.11.28-13.59.36:675][ 99]LogAIModule: Creating AISystem for world Test
[2018.11.28-13.59.36:675][ 99]LogPlayLevel: PIE: World Init took: (0.001571s)
[2018.11.28-13.59.36:675][ 99]LogPlayLevel: PIE: Created PIE world by copying editor world from /Game/Scene/Test.Test to /Game/Scene/UEDPIE_0_Test.Test (0.012149s)
[2018.11.28-13.59.36:715][ 99]LogInit: XAudio2 using 'Speakers (Realtek High Definition Audio)' : 2 channels at 48 kHz using 32 bits per sample (channel mask 0x3)
[2018.11.28-13.59.36:735][ 99]LogInit: FAudioDevice initialized.
[2018.11.28-13.59.36:745][ 99]LogSlate: Updating window title bar state: overlay mode, drag disabled, window buttons hidden, title bar hidden
[2018.11.28-13.59.36:819][ 99]LogLoad: Game class is 'ThirdPersonGameMode_C'
[2018.11.28-13.59.36:821][ 99]LogWorld: Bringing World /Game/Scene/UEDPIE_0_Test.Test up for play (max tick rate 0) at 2018.11.28-14.59.36
[2018.11.28-13.59.36:822][ 99]LogWorld: Bringing up level for play took: 0.001761
[2018.11.28-13.59.36:839][ 99]PIE: Play in editor start time for /Game/Scene/UEDPIE_0_Test 0,826
[2018.11.28-13.59.36:839][ 99]LogBlueprintUserMessages: Late PlayInEditor Detection: Level '/Game/Scene/Test.Test:PersistentLevel' has LevelScriptBlueprint '/Game/Scene/Test.Test:PersistentLevel.Test' with GeneratedClass '/Game/Scene/Test.Test_C' with ClassGeneratedBy '/Game/Scene/Test.Test:PersistentLevel.Test'
[2018.11.28-13.59.42:500][341]LogBlueprintUserMessages: Early EndPlayMap Detection: Level '/Game/Scene/Test.Test:PersistentLevel' has LevelScriptBlueprint '/Game/Scene/Test.Test:PersistentLevel.Test' with GeneratedClass '/Game/Scene/Test.Test_C' with ClassGeneratedBy '/Game/Scene/Test.Test:PersistentLevel.Test'
[2018.11.28-13.59.42:500][341]LogSlate: Updating window title bar state: overlay mode, drag disabled, window buttons hidden, title bar hidden
[2018.11.28-13.59.42:526][341]LogSlate: Window 'ProjectShip Game Preview Standalone (64-bit/PCD3D_SM5)' being destroyed
[2018.11.28-13.59.42:594][341]LogPlayLevel: Display: Shutting down PIE online subsystems
[2018.11.28-13.59.42:595][341]LogBlueprintUserMessages: Late EndPlayMap Detection: Level '/Game/Scene/Test.Test:PersistentLevel' has LevelScriptBlueprint '/Game/Scene/Test.Test:PersistentLevel.Test' with GeneratedClass '/Game/Scene/Test.Test_C' with ClassGeneratedBy '/Game/Scene/Test.Test:PersistentLevel.Test'
[2018.11.28-13.59.42:781][342]LogPlayLevel: Display: Destroying online subsystem :Context_6
[2018.11.28-13.59.45:886][544]BlueprintLog: New page: Compile SpaceShip
[2018.11.28-13.59.47:383][624]LogTemp: Repeating last play command: Selected Viewport
[2018.11.28-13.59.47:435][624]LogBlueprintUserMessages: Early PlayInEditor Detection: Level '/Game/Scene/Test.Test:PersistentLevel' has LevelScriptBlueprint '/Game/Scene/Test.Test:PersistentLevel.Test' with GeneratedClass '/Game/Scene/Test.Test_C' with ClassGeneratedBy '/Game/Scene/Test.Test:PersistentLevel.Test'
[2018.11.28-13.59.47:435][624]LogPlayLevel: PlayLevel: No blueprints needed recompiling
[2018.11.28-13.59.47:435][624]PIE: New page: PIE session: Test (28 nov. 2018 15:59:47)
[2018.11.28-13.59.47:435][624]LogPlayLevel: Creating play world package: /Game/Scene/UEDPIE_0_Test
[2018.11.28-13.59.47:446][624]LogPlayLevel: PIE: StaticDuplicateObject took: (0.011088s)
[2018.11.28-13.59.47:448][624]LogAIModule: Creating AISystem for world Test
[2018.11.28-13.59.47:448][624]LogPlayLevel: PIE: World Init took: (0.001330s)
[2018.11.28-13.59.47:448][624]LogPlayLevel: PIE: Created PIE world by copying editor world from /Game/Scene/Test.Test to /Game/Scene/UEDPIE_0_Test.Test (0.012678s)
[2018.11.28-13.59.47:485][624]LogInit: XAudio2 using 'Speakers (Realtek High Definition Audio)' : 2 channels at 48 kHz using 32 bits per sample (channel mask 0x3)
[2018.11.28-13.59.47:503][624]LogInit: FAudioDevice initialized.
[2018.11.28-13.59.47:512][624]LogSlate: Updating window title bar state: overlay mode, drag disabled, window buttons hidden, title bar hidden
[2018.11.28-13.59.47:587][624]LogLoad: Game class is 'ThirdPersonGameMode_C'
[2018.11.28-13.59.47:590][624]LogWorld: Bringing World /Game/Scene/UEDPIE_0_Test.Test up for play (max tick rate 0) at 2018.11.28-14.59.47
[2018.11.28-13.59.47:590][624]LogWorld: Bringing up level for play took: 0.001766
[2018.11.28-13.59.47:606][624]PIE: Play in editor start time for /Game/Scene/UEDPIE_0_Test -0,407
[2018.11.28-13.59.47:607][624]LogBlueprintUserMessages: Late PlayInEditor Detection: Level '/Game/Scene/Test.Test:PersistentLevel' has LevelScriptBlueprint '/Game/Scene/Test.Test:PersistentLevel.Test' with GeneratedClass '/Game/Scene/Test.Test_C' with ClassGeneratedBy '/Game/Scene/Test.Test:PersistentLevel.Test'
[2018.11.28-13.59.51:661][858]LogBlueprintUserMessages: Early EndPlayMap Detection: Level '/Game/Scene/Test.Test:PersistentLevel' has LevelScriptBlueprint '/Game/Scene/Test.Test:PersistentLevel.Test' with GeneratedClass '/Game/Scene/Test.Test_C' with ClassGeneratedBy '/Game/Scene/Test.Test:PersistentLevel.Test'
[2018.11.28-13.59.51:662][858]LogSlate: Updating window title bar state: overlay mode, drag disabled, window buttons hidden, title bar hidden
[2018.11.28-13.59.51:690][858]LogSlate: Window 'ProjectShip Game Preview Standalone (64-bit/PCD3D_SM5)' being destroyed
[2018.11.28-13.59.51:757][858]LogPlayLevel: Display: Shutting down PIE online subsystems
[2018.11.28-13.59.51:757][858]LogBlueprintUserMessages: Late EndPlayMap Detection: Level '/Game/Scene/Test.Test:PersistentLevel' has LevelScriptBlueprint '/Game/Scene/Test.Test:PersistentLevel.Test' with GeneratedClass '/Game/Scene/Test.Test_C' with ClassGeneratedBy '/Game/Scene/Test.Test:PersistentLevel.Test'
[2018.11.28-13.59.51:935][859]LogPlayLevel: Display: Destroying online subsystem :Context_7
[2018.11.28-13.59.59:719][441]LogSavePackage: Moving '../../../../../../Users/alexi/Unreal Engine/-UE4-Code-Spaceship/Saved/ThirdPersonCharacterBAD5DD55436B3349F71156A104F5A8F9.tmp' to '../../../../../../Users/alexi/Unreal Engine/-UE4-Code-Spaceship/Content/ThirdPersonBP/Blueprints/ThirdPersonCharacter.uasset'
[2018.11.28-14.00.07:875][271]BlueprintLog: New page: Compile ThirdPersonCharacter
[2018.11.28-14.00.10:166][468]BlueprintLog: New page: Compile ThirdPersonCharacter
[2018.11.28-14.00.10:977][509]LogSavePackage: Moving '../../../../../../Users/alexi/Unreal Engine/-UE4-Code-Spaceship/Saved/ThirdPersonCharacterB713173240AA89E33C30B19BBE148FE5.tmp' to '../../../../../../Users/alexi/Unreal Engine/-UE4-Code-Spaceship/Content/ThirdPersonBP/Blueprints/ThirdPersonCharacter.uasset'
[2018.11.28-14.00.26:270][ 15]BlueprintLog: New page: Compile ThirdPersonCharacter
[2018.11.28-14.00.27:197][ 75]LogTemp: Repeating last play command: Selected Viewport
[2018.11.28-14.00.27:230][ 75]LogBlueprintUserMessages: Early PlayInEditor Detection: Level '/Game/Scene/Test.Test:PersistentLevel' has LevelScriptBlueprint '/Game/Scene/Test.Test:PersistentLevel.Test' with GeneratedClass '/Game/Scene/Test.Test_C' with ClassGeneratedBy '/Game/Scene/Test.Test:PersistentLevel.Test'
[2018.11.28-14.00.27:230][ 75]LogPlayLevel: PlayLevel: No blueprints needed recompiling
[2018.11.28-14.00.27:230][ 75]PIE: New page: PIE session: Test (28 nov. 2018 16:00:27)
[2018.11.28-14.00.27:230][ 75]LogPlayLevel: Creating play world package: /Game/Scene/UEDPIE_0_Test
[2018.11.28-14.00.27:240][ 75]LogPlayLevel: PIE: StaticDuplicateObject took: (0.009824s)
[2018.11.28-14.00.27:241][ 75]LogAIModule: Creating AISystem for world Test
[2018.11.28-14.00.27:242][ 75]LogPlayLevel: PIE: World Init took: (0.001182s)
[2018.11.28-14.00.27:242][ 75]LogPlayLevel: PIE: Created PIE world by copying editor world from /Game/Scene/Test.Test to /Game/Scene/UEDPIE_0_Test.Test (0.011202s)
[2018.11.28-14.00.27:283][ 75]LogInit: XAudio2 using 'Speakers (Realtek High Definition Audio)' : 2 channels at 48 kHz using 32 bits per sample (channel mask 0x3)
[2018.11.28-14.00.27:300][ 75]LogInit: FAudioDevice initialized.
[2018.11.28-14.00.27:309][ 75]LogSlate: Updating window title bar state: overlay mode, drag disabled, window buttons hidden, title bar hidden
[2018.11.28-14.00.27:390][ 75]LogLoad: Game class is 'ThirdPersonGameMode_C'
[2018.11.28-14.00.27:391][ 75]LogWorld: Bringing World /Game/Scene/UEDPIE_0_Test.Test up for play (max tick rate 0) at 2018.11.28-15.00.27
[2018.11.28-14.00.27:392][ 75]LogWorld: Bringing up level for play took: 0.001641
[2018.11.28-14.00.27:408][ 75]PIE: Play in editor start time for /Game/Scene/UEDPIE_0_Test -0,605
[2018.11.28-14.00.27:408][ 75]LogBlueprintUserMessages: Late PlayInEditor Detection: Level '/Game/Scene/Test.Test:PersistentLevel' has LevelScriptBlueprint '/Game/Scene/Test.Test:PersistentLevel.Test' with GeneratedClass '/Game/Scene/Test.Test_C' with ClassGeneratedBy '/Game/Scene/Test.Test:PersistentLevel.Test'
[2018.11.28-14.00.31:060][355]LogBlueprintUserMessages: Early EndPlayMap Detection: Level '/Game/Scene/Test.Test:PersistentLevel' has LevelScriptBlueprint '/Game/Scene/Test.Test:PersistentLevel.Test' with GeneratedClass '/Game/Scene/Test.Test_C' with ClassGeneratedBy '/Game/Scene/Test.Test:PersistentLevel.Test'
[2018.11.28-14.00.31:061][355]LogSlate: Updating window title bar state: overlay mode, drag disabled, window buttons hidden, title bar hidden
[2018.11.28-14.00.31:086][355]LogSlate: Window 'ProjectShip Game Preview Standalone (64-bit/PCD3D_SM5)' being destroyed
[2018.11.28-14.00.31:133][355]LogPlayLevel: Display: Shutting down PIE online subsystems
[2018.11.28-14.00.31:133][355]LogBlueprintUserMessages: Late EndPlayMap Detection: Level '/Game/Scene/Test.Test:PersistentLevel' has LevelScriptBlueprint '/Game/Scene/Test.Test:PersistentLevel.Test' with GeneratedClass '/Game/Scene/Test.Test_C' with ClassGeneratedBy '/Game/Scene/Test.Test:PersistentLevel.Test'
[2018.11.28-14.00.31:189][356]LogPlayLevel: Display: Destroying online subsystem :Context_9
[2018.11.28-14.00.33:374][520]LogUObjectArray: Warning: Other object in slot
[2018.11.28-14.00.33:375][520]LogUObjectArray: Warning: Other object in slot
[2018.11.28-14.00.33:378][520]LogUObjectArray: Warning: Other object in slot
[2018.11.28-14.00.33:379][520]LogUObjectArray: Warning: Other object in slot
[2018.11.28-14.00.33:382][520]LogUObjectArray: Warning: Other object in slot
[2018.11.28-14.00.33:388][520]LogUObjectArray: Warning: Other object in slot
[2018.11.28-14.00.34:587][600]Cmd: OBJ SAVEPACKAGE PACKAGE="/Game/Blueprint/SpaceShip" FILE="../../../../../../Users/alexi/Unreal Engine/-UE4-Code-Spaceship/Content/Blueprint/SpaceShip.uasset" SILENT=true
[2018.11.28-14.00.34:754][600]LogSavePackage: Moving '../../../../../../Users/alexi/Unreal Engine/-UE4-Code-Spaceship/Saved/SpaceShip099E730C41552FE4BC98F384EE80CDFD.tmp' to '../../../../../../Users/alexi/Unreal Engine/-UE4-Code-Spaceship/Content/Blueprint/SpaceShip.uasset'
[2018.11.28-14.00.34:795][601]LogUObjectArray: Warning: Other object in slot
[2018.11.28-14.00.38:048][901]BlueprintLog: New page: Compile ThirdPersonCharacter
[2018.11.28-14.00.38:653][923]LogRenderer: Reallocating scene render targets to support 1152x656 Format 10 NumSamples 1 (Frame:1).
[2018.11.28-14.00.46:596][604]BlueprintLog: New page: Compile ThirdPersonCharacter
[2018.11.28-14.00.47:389][642]LogTemp: Repeating last play command: Selected Viewport
[2018.11.28-14.00.47:416][642]LogBlueprintUserMessages: Early PlayInEditor Detection: Level '/Game/Scene/Test.Test:PersistentLevel' has LevelScriptBlueprint '/Game/Scene/Test.Test:PersistentLevel.Test' with GeneratedClass '/Game/Scene/Test.Test_C' with ClassGeneratedBy '/Game/Scene/Test.Test:PersistentLevel.Test'
[2018.11.28-14.00.47:416][642]LogPlayLevel: PlayLevel: No blueprints needed recompiling
[2018.11.28-14.00.47:416][642]PIE: New page: PIE session: Test (28 nov. 2018 16:00:47)
[2018.11.28-14.00.47:416][642]LogPlayLevel: Creating play world package: /Game/Scene/UEDPIE_0_Test
[2018.11.28-14.00.47:427][642]LogPlayLevel: PIE: StaticDuplicateObject took: (0.010606s)
[2018.11.28-14.00.47:428][642]LogAIModule: Creating AISystem for world Test
[2018.11.28-14.00.47:428][642]LogPlayLevel: PIE: World Init took: (0.001218s)
[2018.11.28-14.00.47:428][642]LogPlayLevel: PIE: Created PIE world by copying editor world from /Game/Scene/Test.Test to /Game/Scene/UEDPIE_0_Test.Test (0.012034s)
[2018.11.28-14.00.47:471][642]LogInit: XAudio2 using 'Speakers (Realtek High Definition Audio)' : 2 channels at 48 kHz using 32 bits per sample (channel mask 0x3)
[2018.11.28-14.00.47:488][642]LogInit: FAudioDevice initialized.
[2018.11.28-14.00.47:498][642]LogSlate: Updating window title bar state: overlay mode, drag disabled, window buttons hidden, title bar hidden
[2018.11.28-14.00.47:584][642]LogLoad: Game class is 'ThirdPersonGameMode_C'
[2018.11.28-14.00.47:586][642]LogWorld: Bringing World /Game/Scene/UEDPIE_0_Test.Test up for play (max tick rate 0) at 2018.11.28-15.00.47
[2018.11.28-14.00.47:586][642]LogWorld: Bringing up level for play took: 0.001330
[2018.11.28-14.00.47:603][642]PIE: Play in editor start time for /Game/Scene/UEDPIE_0_Test -0,41
[2018.11.28-14.00.47:604][642]LogBlueprintUserMessages: Late PlayInEditor Detection: Level '/Game/Scene/Test.Test:PersistentLevel' has LevelScriptBlueprint '/Game/Scene/Test.Test:PersistentLevel.Test' with GeneratedClass '/Game/Scene/Test.Test_C' with ClassGeneratedBy '/Game/Scene/Test.Test:PersistentLevel.Test'
[2018.11.28-14.00.54:490][ 86]LogBlueprintUserMessages: Early EndPlayMap Detection: Level '/Game/Scene/Test.Test:PersistentLevel' has LevelScriptBlueprint '/Game/Scene/Test.Test:PersistentLevel.Test' with GeneratedClass '/Game/Scene/Test.Test_C' with ClassGeneratedBy '/Game/Scene/Test.Test:PersistentLevel.Test'
[2018.11.28-14.00.54:491][ 86]LogSlate: Updating window title bar state: overlay mode, drag disabled, window buttons hidden, title bar hidden
[2018.11.28-14.00.54:521][ 86]LogSlate: Window 'ProjectShip Game Preview Standalone (64-bit/PCD3D_SM5)' being destroyed
[2018.11.28-14.00.54:560][ 86]LogPlayLevel: Display: Shutting down PIE online subsystems
[2018.11.28-14.00.54:560][ 86]LogBlueprintUserMessages: Late EndPlayMap Detection: Level '/Game/Scene/Test.Test:PersistentLevel' has LevelScriptBlueprint '/Game/Scene/Test.Test:PersistentLevel.Test' with GeneratedClass '/Game/Scene/Test.Test_C' with ClassGeneratedBy '/Game/Scene/Test.Test:PersistentLevel.Test'
[2018.11.28-14.00.54:608][ 87]LogPlayLevel: Display: Destroying online subsystem :Context_10
[2018.11.28-14.01.02:009][561]LogUObjectArray: Warning: Invalid object index 7798887
[2018.11.28-14.01.02:011][561]LogUObjectArray: Warning: Invalid object index 7798887
[2018.11.28-14.01.08:746][954]LogUObjectBase: Warning: Object is not registered
[2018.11.28-14.01.08:747][954]LogUObjectBase: Warning: Object is not registered
[2018.11.28-14.01.08:748][954]LogUObjectBase: Warning: Object is not registered
[2018.11.28-14.01.08:751][954]LogUObjectBase: Warning: Object is not registered
[2018.11.28-14.01.08:752][954]LogUObjectBase: Warning: Object is not registered
[2018.11.28-14.01.08:754][954]LogUObjectBase: Warning: Object is not registered
[2018.11.28-14.01.08:759][954]LogUObjectBase: Warning: Object is not registered
[2018.11.28-14.01.13:902][243]LogUObjectArray: Warning: Other object in slot
[2018.11.28-14.01.13:917][244]LogUObjectArray: Warning: Other object in slot
[2018.11.28-14.01.13:917][244]LogUObjectArray: Warning: Other object in slot
[2018.11.28-14.01.13:921][244]LogUObjectArray: Warning: Other object in slot
[2018.11.28-14.01.13:924][244]LogUObjectArray: Warning: Other object in slot
[2018.11.28-14.01.13:930][244]LogUObjectArray: Warning: Other object in slot
[2018.11.28-14.01.13:944][245]LogUObjectArray: Warning: Other object in slot
[2018.11.28-14.01.13:947][245]LogUObjectArray: Warning: Other object in slot
[2018.11.28-14.01.13:954][245]LogUObjectArray: Warning: Other object in slot
[2018.11.28-14.01.13:961][246]LogUObjectArray: Warning: Other object in slot
[2018.11.28-14.01.13:968][246]LogUObjectArray: Warning: Other object in slot
[2018.11.28-14.01.13:978][247]LogUObjectArray: Warning: Other object in slot
[2018.11.28-14.01.13:979][247]LogUObjectArray: Warning: Other object in slot
[2018.11.28-14.01.13:990][247]LogUObjectArray: Warning: Other object in slot
[2018.11.28-14.01.13:997][248]LogUObjectArray: Warning: Other object in slot
[2018.11.28-14.01.13:998][248]LogUObjectArray: Warning: Other object in slot
[2018.11.28-14.01.14:008][248]LogUObjectArray: Warning: Other object in slot
[2018.11.28-14.01.16:042][361]LogUObjectArray: Warning: Other object in slot
[2018.11.28-14.01.16:042][361]LogUObjectArray: Warning: Other object in slot
[2018.11.28-14.01.16:047][361]LogUObjectArray: Warning: Other object in slot
[2018.11.28-14.01.17:945][463]LogUObjectBase: Warning: Object is not registered
[2018.11.28-14.01.18:867][514]BlueprintLog: New page: Compile SpaceShip
[2018.11.28-14.01.19:927][548]LogTemp: Repeating last play command: Selected Viewport
[2018.11.28-14.01.19:979][548]LogBlueprintUserMessages: Early PlayInEditor Detection: Level '/Game/Scene/Test.Test:PersistentLevel' has LevelScriptBlueprint '/Game/Scene/Test.Test:PersistentLevel.Test' with GeneratedClass '/Game/Scene/Test.Test_C' with ClassGeneratedBy '/Game/Scene/Test.Test:PersistentLevel.Test'
[2018.11.28-14.01.19:979][548]LogPlayLevel: PlayLevel: No blueprints needed recompiling
[2018.11.28-14.01.19:979][548]PIE: New page: PIE session: Test (28 nov. 2018 16:01:19)
[2018.11.28-14.01.19:979][548]LogPlayLevel: Creating play world package: /Game/Scene/UEDPIE_0_Test
[2018.11.28-14.01.19:990][548]LogPlayLevel: PIE: StaticDuplicateObject took: (0.011002s)
[2018.11.28-14.01.19:991][548]LogAIModule: Creating AISystem for world Test
[2018.11.28-14.01.19:991][548]LogPlayLevel: PIE: World Init took: (0.001022s)
[2018.11.28-14.01.19:991][548]LogPlayLevel: PIE: Created PIE world by copying editor world from /Game/Scene/Test.Test to /Game/Scene/UEDPIE_0_Test.Test (0.012244s)
[2018.11.28-14.01.20:034][548]LogInit: XAudio2 using 'Speakers (Realtek High Definition Audio)' : 2 channels at 48 kHz using 32 bits per sample (channel mask 0x3)
[2018.11.28-14.01.20:049][548]LogInit: FAudioDevice initialized.
[2018.11.28-14.01.20:058][548]LogSlate: Updating window title bar state: overlay mode, drag disabled, window buttons hidden, title bar hidden
[2018.11.28-14.01.20:140][548]LogLoad: Game class is 'ThirdPersonGameMode_C'
[2018.11.28-14.01.20:142][548]LogWorld: Bringing World /Game/Scene/UEDPIE_0_Test.Test up for play (max tick rate 0) at 2018.11.28-15.01.20
[2018.11.28-14.01.20:143][548]LogWorld: Bringing up level for play took: 0.001348
[2018.11.28-14.01.20:159][548]PIE: Play in editor start time for /Game/Scene/UEDPIE_0_Test 0,146
[2018.11.28-14.01.20:160][548]LogBlueprintUserMessages: Late PlayInEditor Detection: Level '/Game/Scene/Test.Test:PersistentLevel' has LevelScriptBlueprint '/Game/Scene/Test.Test:PersistentLevel.Test' with GeneratedClass '/Game/Scene/Test.Test_C' with ClassGeneratedBy '/Game/Scene/Test.Test:PersistentLevel.Test'
[2018.11.28-14.01.33:880][188]LogBlueprintUserMessages: Early EndPlayMap Detection: Level '/Game/Scene/Test.Test:PersistentLevel' has LevelScriptBlueprint '/Game/Scene/Test.Test:PersistentLevel.Test' with GeneratedClass '/Game/Scene/Test.Test_C' with ClassGeneratedBy '/Game/Scene/Test.Test:PersistentLevel.Test'
[2018.11.28-14.01.33:880][188]LogSlate: Updating window title bar state: overlay mode, drag disabled, window buttons hidden, title bar hidden
[2018.11.28-14.01.33:906][188]LogSlate: Window 'ProjectShip Game Preview Standalone (64-bit/PCD3D_SM5)' being destroyed
[2018.11.28-14.01.33:972][188]LogPlayLevel: Display: Shutting down PIE online subsystems
[2018.11.28-14.01.33:972][188]LogBlueprintUserMessages: Late EndPlayMap Detection: Level '/Game/Scene/Test.Test:PersistentLevel' has LevelScriptBlueprint '/Game/Scene/Test.Test:PersistentLevel.Test' with GeneratedClass '/Game/Scene/Test.Test_C' with ClassGeneratedBy '/Game/Scene/Test.Test:PersistentLevel.Test'
[2018.11.28-14.01.34:145][189]LogPlayLevel: Display: Destroying online subsystem :Context_11
[2018.11.28-14.01.53:084][387]BlueprintLog: New page: Compile SpaceShip
[2018.11.28-14.02.16:127][  4]Cmd: OBJ SAVEPACKAGE PACKAGE="/Game/Blueprint/SpaceShip" FILE="../../../../../../Users/alexi/Unreal Engine/-UE4-Code-Spaceship/Content/Blueprint/SpaceShip.uasset" SILENT=true
[2018.11.28-14.02.16:289][  4]LogSavePackage: Moving '../../../../../../Users/alexi/Unreal Engine/-UE4-Code-Spaceship/Saved/SpaceShipD3566BF94C853F6E47059A922D7D9A48.tmp' to '../../../../../../Users/alexi/Unreal Engine/-UE4-Code-Spaceship/Content/Blueprint/SpaceShip.uasset'
[2018.11.28-14.02.19:792][274]LogSavePackage: Moving '../../../../../../Users/alexi/Unreal Engine/-UE4-Code-Spaceship/Saved/ThirdPersonCharacterF5D495A944BF21605ADBCD9B50E01A45.tmp' to '../../../../../../Users/alexi/Unreal Engine/-UE4-Code-Spaceship/Content/ThirdPersonBP/Blueprints/ThirdPersonCharacter.uasset'
[2018.11.28-14.02.23:189][380]LogSlate: Window 'Save Content' being destroyed
[2018.11.28-14.02.23:325][380]Cmd: OBJ SAVEPACKAGE PACKAGE="/Game/Scene/Test" FILE="../../../../../../Users/alexi/Unreal Engine/-UE4-Code-Spaceship/Content/Scene/Test.umap" SILENT=true AUTOSAVING=false KEEPDIRTY=false
[2018.11.28-14.02.23:536][380]LogSavePackage: Moving '../../../../../../Users/alexi/Unreal Engine/-UE4-Code-Spaceship/Saved/Test2ED6A15C4C818AF7EC17D5BC6799540E.tmp' to '../../../../../../Users/alexi/Unreal Engine/-UE4-Code-Spaceship/Content/Scene/Test.umap'
[2018.11.28-14.02.23:575][380]LogFileHelpers: Saving map 'Test' took 0.351
[2018.11.28-14.02.25:388][525]LogActorComponent: UnregisterComponent: (/Engine/Transient.EditorFloorComp) Not registered. Aborting.
[2018.11.28-14.02.25:446][525]LogSlate: Window 'ProjectShip - Unreal Editor' being destroyed
[2018.11.28-14.02.25:448][525]LogWindowsTextInputMethodSystem: Display: IME system now deactivated.
[2018.11.28-14.02.25:864][526]Cmd: QUIT_EDITOR
[2018.11.28-14.02.26:104][526]LogExit: Preparing to exit.
[2018.11.28-14.02.26:924][526]LogExit: Editor shut down
[2018.11.28-14.02.26:924][526]LogExit: Transaction tracking system shut down
[2018.11.28-14.02.27:624][526]LogExit: Object subsystem successfully closed.
[2018.11.28-14.02.27:740][526]LogShaderCompilers: Display: Shaders left to compile 0
[2018.11.28-14.02.27:748][526]LogD3D11RHI: Shutdown
[2018.11.28-14.02.27:748][526]LogD3D11RHI: CleanupD3DDevice
[2018.11.28-14.02.27:754][526]LogD3D11RHI: ~FD3D11DynamicRHI
[2018.11.28-14.02.27:796][526]LogModuleManager: Shutting down and abandoning module MovieSceneCapture (618)
[2018.11.28-14.02.27:798][526]LogModuleManager: Shutting down and abandoning module Voice (616)
[2018.11.28-14.02.27:798][526]LogModuleManager: Shutting down and abandoning module BlueprintGraph (614)
[2018.11.28-14.02.27:798][526]LogModuleManager: Shutting down and abandoning module HierarchicalLODOutliner (612)
[2018.11.28-14.02.27:798][526]LogModuleManager: Shutting down and abandoning module ExternalImagePicker (610)
[2018.11.28-14.02.27:798][526]LogModuleManager: Shutting down and abandoning module SceneOutliner (608)
[2018.11.28-14.02.27:798][526]LogModuleManager: Shutting down and abandoning module AddContentDialog (606)
[2018.11.28-14.02.27:799][526]LogModuleManager: Shutting down and abandoning module WidgetCarousel (605)
[2018.11.28-14.02.27:799][526]LogModuleManager: Shutting down and abandoning module EditorWidgets (602)
[2018.11.28-14.02.27:799][526]LogModuleManager: Shutting down and abandoning module CollectionManager (600)
[2018.11.28-14.02.27:799][526]LogModuleManager: Shutting down and abandoning module StatsViewer (598)
[2018.11.28-14.02.27:799][526]LogModuleManager: Shutting down and abandoning module FoliageEdit (596)
[2018.11.28-14.02.27:799][526]LogModuleManager: Shutting down and abandoning module LandscapeEditor (594)
[2018.11.28-14.02.27:799][526]LogModuleManager: Shutting down and abandoning module MeshPaintMode (592)
[2018.11.28-14.02.27:799][526]LogModuleManager: Shutting down and abandoning module SceneDepthPickerMode (590)
[2018.11.28-14.02.27:799][526]LogModuleManager: Shutting down and abandoning module ActorPickerMode (588)
[2018.11.28-14.02.27:799][526]LogModuleManager: Shutting down and abandoning module GeometryMode (586)
[2018.11.28-14.02.27:799][526]LogModuleManager: Shutting down and abandoning module TextureAlignMode (584)
[2018.11.28-14.02.27:799][526]LogModuleManager: Shutting down and abandoning module BspMode (582)
[2018.11.28-14.02.27:799][526]LogModuleManager: Shutting down and abandoning module PIEPreviewDeviceProfileSelector (580)
[2018.11.28-14.02.27:800][526]LogModuleManager: Shutting down and abandoning module SequenceRecorderSections (578)
[2018.11.28-14.02.27:800][526]LogModuleManager: Shutting down and abandoning module AutomationWorker (576)
[2018.11.28-14.02.27:800][526]LogModuleManager: Shutting down and abandoning module AudioCaptureEditor (574)
[2018.11.28-14.02.27:800][526]LogModuleManager: Shutting down and abandoning module SequenceRecorder (573)
[2018.11.28-14.02.27:800][526]LogModuleManager: Shutting down and abandoning module MatineeToLevelSequence (570)
[2018.11.28-14.02.27:800][526]LogModuleManager: Shutting down and abandoning module LevelSequenceEditor (568)
[2018.11.28-14.02.27:800][526]LogModuleManager: Shutting down and abandoning module PlacementMode (567)
[2018.11.28-14.02.27:800][526]LogModuleManager: Shutting down and abandoning module MaterialEditor (566)
[2018.11.28-14.02.27:800][526]LogModuleManager: Shutting down and abandoning module WmfMediaFactory (562)
[2018.11.28-14.02.27:800][526]LogModuleManager: Shutting down and abandoning module WmfMediaEditor (560)
[2018.11.28-14.02.27:800][526]LogModuleManager: Shutting down and abandoning module MediaPlayerEditor (558)
[2018.11.28-14.02.27:800][526]LogModuleManager: Shutting down and abandoning module OpenExrWrapper (556)
[2018.11.28-14.02.27:800][526]LogModuleManager: Shutting down and abandoning module ImgMediaFactory (554)
[2018.11.28-14.02.27:800][526]LogModuleManager: Shutting down and abandoning module ImgMediaEditor (552)
[2018.11.28-14.02.27:801][526]LogModuleManager: Shutting down and abandoning module AvfMediaFactory (550)
[2018.11.28-14.02.27:801][526]LogModuleManager: Shutting down and abandoning module AvfMediaEditor (548)
[2018.11.28-14.02.27:801][526]LogModuleManager: Shutting down and abandoning module AndroidMediaFactory (546)
[2018.11.28-14.02.27:801][526]LogModuleManager: Shutting down and abandoning module AndroidMediaEditor (544)
[2018.11.28-14.02.27:801][526]LogModuleManager: Shutting down and abandoning module MagicLeapCameraPreviewFactory (542)
[2018.11.28-14.02.27:801][526]LogModuleManager: Shutting down and abandoning module MagicLeapMediaFactory (540)
[2018.11.28-14.02.27:801][526]LogModuleManager: Shutting down and abandoning module MagicLeapMediaEditor (538)
[2018.11.28-14.02.27:801][526]LogModuleManager: Shutting down and abandoning module CharacterAI (536)
[2018.11.28-14.02.27:801][526]LogModuleManager: Shutting down and abandoning module SmartSnapping (534)
[2018.11.28-14.02.27:801][526]LogModuleManager: Shutting down and abandoning module SessionServices (532)
[2018.11.28-14.02.27:801][526]LogModuleManager: Shutting down and abandoning module ViewportSnapping (530)
[2018.11.28-14.02.27:801][526]LogModuleManager: Shutting down and abandoning module ViewportInteraction (528)
[2018.11.28-14.02.27:801][526]LogModuleManager: Shutting down and abandoning module ClothPainter (526)
[2018.11.28-14.02.27:801][526]LogModuleManager: Shutting down and abandoning module SkeletalMeshEditor (525)
[2018.11.28-14.02.27:801][526]LogModuleManager: Shutting down and abandoning module LogVisualizer (522)
[2018.11.28-14.02.27:801][526]LogModuleManager: Shutting down and abandoning module IntroTutorials (520)
[2018.11.28-14.02.27:801][526]LogModuleManager: Shutting down and abandoning module GameProjectGeneration (519)
[2018.11.28-14.02.27:801][526]LogModuleManager: Shutting down and abandoning module LuminPlatformEditor (516)
[2018.11.28-14.02.27:801][526]LogModuleManager: Shutting down and abandoning module IOSPlatformEditor (514)
[2018.11.28-14.02.27:801][526]LogModuleManager: Shutting down and abandoning module HTML5PlatformEditor (512)
[2018.11.28-14.02.27:801][526]LogModuleManager: Shutting down and abandoning module AndroidPlatformEditor (510)
[2018.11.28-14.02.27:801][526]LogModuleManager: Shutting down and abandoning module AndroidDeviceDetection (509)
[2018.11.28-14.02.29:173][526]LogModuleManager: Shutting down and abandoning module WindowsPlatformEditor (506)
[2018.11.28-14.02.29:173][526]LogModuleManager: Shutting down and abandoning module LuminRuntimeSettings (504)
[2018.11.28-14.02.29:173][526]LogModuleManager: Shutting down and abandoning module IOSRuntimeSettings (502)
[2018.11.28-14.02.29:173][526]LogModuleManager: Shutting down and abandoning module AndroidRuntimeSettings (500)
[2018.11.28-14.02.29:173][526]LogModuleManager: Shutting down and abandoning module InputBindingEditor (498)
[2018.11.28-14.02.29:173][526]LogModuleManager: Shutting down and abandoning module MergeActors (496)
[2018.11.28-14.02.29:173][526]LogModuleManager: Shutting down and abandoning module LocalizationDashboard (494)
[2018.11.28-14.02.29:173][526]LogModuleManager: Shutting down and abandoning module LocalizationService (493)
[2018.11.28-14.02.29:173][526]LogModuleManager: Shutting down and abandoning module HardwareTargeting (490)
[2018.11.28-14.02.29:173][526]LogModuleManager: Shutting down and abandoning module DeviceProfileEditor (488)
[2018.11.28-14.02.29:173][526]LogModuleManager: Shutting down and abandoning module UndoHistory (486)
[2018.11.28-14.02.29:173][526]LogModuleManager: Shutting down and abandoning module XmlParser (484)
[2018.11.28-14.02.29:173][526]LogModuleManager: Shutting down and abandoning module Blutility (482)
[2018.11.28-14.02.29:173][526]LogModuleManager: Shutting down and abandoning module ProjectSettingsViewer (480)
[2018.11.28-14.02.29:173][526]LogModuleManager: Shutting down and abandoning module ProjectTargetPlatformEditor (479)
[2018.11.28-14.02.29:174][526]LogModuleManager: Shutting down and abandoning module EditorSettingsViewer (476)
[2018.11.28-14.02.29:174][526]LogModuleManager: Shutting down and abandoning module SettingsEditor (474)
[2018.11.28-14.02.29:174][526]LogModuleManager: Shutting down and abandoning module ProjectLauncher (472)
[2018.11.28-14.02.29:174][526]LogModuleManager: Shutting down and abandoning module SessionFrontend (470)
[2018.11.28-14.02.29:174][526]LogModuleManager: Shutting down and abandoning module ProfilerClient (468)
[2018.11.28-14.02.29:174][526]LogModuleManager: Shutting down and abandoning module DeviceManager (466)
[2018.11.28-14.02.29:174][526]LogModuleManager: Shutting down and abandoning module TargetDeviceServices (465)
[2018.11.28-14.02.29:228][526]LogModuleManager: Shutting down and abandoning module AutomationController (462)
[2018.11.28-14.02.29:228][526]LogModuleManager: Shutting down and abandoning module AutomationWindow (460)
[2018.11.28-14.02.29:228][526]LogModuleManager: Shutting down and abandoning module Layers (458)
[2018.11.28-14.02.29:228][526]LogModuleManager: Shutting down and abandoning module ComponentVisualizers (456)
[2018.11.28-14.02.29:228][526]LogModuleManager: Shutting down and abandoning module DetailCustomizations (454)
[2018.11.28-14.02.29:228][526]LogModuleManager: Shutting down and abandoning module PackagesDialog (452)
[2018.11.28-14.02.29:228][526]LogModuleManager: Shutting down and abandoning module Persona (450)
[2018.11.28-14.02.29:228][526]LogModuleManager: Shutting down and abandoning module AdvancedPreviewScene (449)
[2018.11.28-14.02.29:228][526]LogModuleManager: Shutting down and abandoning module AnimGraph (447)
[2018.11.28-14.02.29:228][526]LogModuleManager: Shutting down and abandoning module Kismet (444)
[2018.11.28-14.02.29:234][526]LogModuleManager: Shutting down and abandoning module GraphEditor (442)
[2018.11.28-14.02.29:234][526]LogModuleManager: Shutting down and abandoning module ClassViewer (440)
[2018.11.28-14.02.29:234][526]LogModuleManager: Shutting down and abandoning module Toolbox (438)
[2018.11.28-14.02.29:234][526]LogModuleManager: Shutting down and abandoning module ModuleUI (436)
[2018.11.28-14.02.29:234][526]LogModuleManager: Shutting down and abandoning module MovieSceneTools (434)
[2018.11.28-14.02.29:234][526]LogModuleManager: Shutting down and abandoning module OutputLog (432)
[2018.11.28-14.02.29:234][526]LogModuleManager: Shutting down and abandoning module GammaUI (430)
[2018.11.28-14.02.29:234][526]LogModuleManager: Shutting down and abandoning module Documentation (428)
[2018.11.28-14.02.29:235][526]LogModuleManager: Shutting down and abandoning module MovieSceneTracks (426)
[2018.11.28-14.02.29:235][526]LogModuleManager: Shutting down and abandoning module MovieScene (424)
[2018.11.28-14.02.29:235][526]LogModuleManager: Shutting down and abandoning module StreamingPauseRendering (422)
[2018.11.28-14.02.29:235][526]LogModuleManager: Shutting down and abandoning module LauncherPlatform (420)
[2018.11.28-14.02.29:235][526]LogModuleManager: Shutting down and abandoning module AnalyticsET (418)
[2018.11.28-14.02.29:235][526]LogModuleManager: Shutting down and abandoning module PortalServices (416)
[2018.11.28-14.02.29:235][526]LogModuleManager: Shutting down and abandoning module PortalRpc (414)
[2018.11.28-14.02.29:235][526]LogModuleManager: Shutting down and abandoning module MessagingRpc (412)
[2018.11.28-14.02.29:235][526]LogModuleManager: Shutting down and abandoning module AIModule (410)
[2018.11.28-14.02.29:235][526]LogModuleManager: Shutting down and abandoning module GameplayDebugger (409)
[2018.11.28-14.02.29:235][526]LogModuleManager: Shutting down and abandoning module AITestSuite (407)
[2018.11.28-14.02.29:235][526]LogModuleManager: Shutting down and abandoning module NavigationSystem (405)
[2018.11.28-14.02.29:235][526]LogModuleManager: Shutting down and abandoning module DesktopPlatform (402)
[2018.11.28-14.02.29:235][526]LogModuleManager: Shutting down and abandoning module ProfilerService (400)
[2018.11.28-14.02.29:471][526]LogModuleManager: Shutting down and abandoning module TaskGraph (398)
[2018.11.28-14.02.29:471][526]LogModuleManager: Shutting down and abandoning module SteamVRController (396)
[2018.11.28-14.02.29:471][526]LogModuleManager: Shutting down and abandoning module ProceduralMeshComponentEditor (394)
[2018.11.28-14.02.29:471][526]LogModuleManager: Shutting down and abandoning module ProceduralMeshComponent (392)
[2018.11.28-14.02.29:471][526]LogModuleManager: Shutting down and abandoning module OculusInput (390)
[2018.11.28-14.02.29:471][526]LogModuleManager: Shutting down and abandoning module MobilePatchingUtils (388)
[2018.11.28-14.02.29:471][526]LogModuleManager: Shutting down and abandoning module EditableMesh (386)
[2018.11.28-14.02.29:472][526]LogModuleManager: Shutting down and abandoning module CustomMeshComponent (384)
[2018.11.28-14.02.29:472][526]LogModuleManager: Shutting down and abandoning module CableComponent (382)
[2018.11.28-14.02.29:472][526]LogModuleManager: Shutting down and abandoning module AudioCapture (380)
[2018.11.28-14.02.29:472][526]LogModuleManager: Shutting down and abandoning module ArchVisCharacter (378)
[2018.11.28-14.02.29:472][526]LogModuleManager: Shutting down and abandoning module AndroidPermission (376)
[2018.11.28-14.02.29:472][526]LogModuleManager: Shutting down and abandoning module NUTUnrealEngine4 (374)
[2018.11.28-14.02.29:472][526]LogModuleManager: Shutting down and abandoning module NetcodeUnitTest (372)
[2018.11.28-14.02.29:472][526]LogModuleManager: Shutting down and abandoning module MediaCompositingEditor (370)
[2018.11.28-14.02.29:472][526]LogModuleManager: Shutting down and abandoning module MediaCompositing (368)
[2018.11.28-14.02.29:472][526]LogModuleManager: Shutting down and abandoning module LinearTimecode (366)
[2018.11.28-14.02.29:472][526]LogModuleManager: Shutting down and abandoning module ImgMedia (364)
[2018.11.28-14.02.29:476][526]LogModuleManager: Shutting down and abandoning module HTML5Networking (362)
[2018.11.28-14.02.29:476][526]LogModuleManager: Shutting down and abandoning module GeometryCacheTracks (360)
[2018.11.28-14.02.29:476][526]LogModuleManager: Shutting down and abandoning module GeometryCacheSequencer (358)
[2018.11.28-14.02.29:476][526]LogModuleManager: Shutting down and abandoning module BackChannel (356)
[2018.11.28-14.02.29:476][526]LogModuleManager: Shutting down and abandoning module AppleVision (354)
[2018.11.28-14.02.29:476][526]LogModuleManager: Shutting down and abandoning module AppleImageUtils (352)
[2018.11.28-14.02.29:476][526]LogModuleManager: Shutting down and abandoning module AlembicImporter (350)
[2018.11.28-14.02.29:476][526]LogModuleManager: Shutting down and abandoning module AlembicLibrary (349)
[2018.11.28-14.02.29:476][526]LogModuleManager: Shutting down and abandoning module GeometryCache (348)
[2018.11.28-14.02.29:476][526]LogModuleManager: Shutting down and abandoning module GeometryCacheEd (347)
[2018.11.28-14.02.29:476][526]LogModuleManager: Shutting down and abandoning module DatasmithContentEditor (342)
[2018.11.28-14.02.29:476][526]LogModuleManager: Shutting down and abandoning module DatasmithContent (340)
[2018.11.28-14.02.29:476][526]LogModuleManager: Shutting down and abandoning module SpeedTreeImporter (338)
[2018.11.28-14.02.29:477][526]LogModuleManager: Shutting down and abandoning module PluginBrowser (336)
[2018.11.28-14.02.29:477][526]LogModuleManager: Shutting down and abandoning module MobileLauncherProfileWizard (334)
[2018.11.28-14.02.29:477][526]LogModuleManager: Shutting down and abandoning module PolygonModeling (332)
[2018.11.28-14.02.29:477][526]LogModuleManager: Shutting down and abandoning module MeshEditor (330)
[2018.11.28-14.02.29:477][526]LogModuleManager: Shutting down and abandoning module CryptoKeysOpenSSL (328)
[2018.11.28-14.02.29:477][526]LogModuleManager: Shutting down and abandoning module CryptoKeys (326)
[2018.11.28-14.02.29:477][526]LogModuleManager: Shutting down and abandoning module VisualStudioSourceCodeAccess (324)
[2018.11.28-14.02.29:477][526]LogModuleManager: Shutting down and abandoning module VisualStudioCodeSourceCodeAccess (322)
[2018.11.28-14.02.29:477][526]LogModuleManager: Shutting down and abandoning module UObjectPlugin (320)
[2018.11.28-14.02.29:477][526]LogModuleManager: Shutting down and abandoning module SubversionSourceControl (318)
[2018.11.28-14.02.29:477][526]LogModuleManager: Shutting down and abandoning module PerforceSourceControl (316)
[2018.11.28-14.02.29:477][526]LogModuleManager: Shutting down and abandoning module GitSourceControl (314)
[2018.11.28-14.02.29:477][526]LogModuleManager: Shutting down and abandoning module SourceControl (313)
[2018.11.28-14.02.29:477][526]LogModuleManager: Shutting down and abandoning module CLionSourceCodeAccess (310)
[2018.11.28-14.02.29:477][526]LogModuleManager: Shutting down and abandoning module LightPropagationVolumeEditor (308)
[2018.11.28-14.02.29:477][526]LogModuleManager: Shutting down and abandoning module PaperTiledImporter (306)
[2018.11.28-14.02.29:477][526]LogModuleManager: Shutting down and abandoning module PaperSpriteSheetImporter (304)
[2018.11.28-14.02.29:477][526]LogModuleManager: Shutting down and abandoning module Paper2DEditor (302)
[2018.11.28-14.02.29:477][526]LogModuleManager: Shutting down and abandoning module MeshPaint (301)
[2018.11.28-14.02.29:477][526]LogModuleManager: Shutting down and abandoning module RuntimePhysXCooking (298)
[2018.11.28-14.02.29:477][526]LogModuleManager: Shutting down and abandoning module PhysXVehiclesEditor (296)
[2018.11.28-14.02.29:477][526]LogModuleManager: Shutting down and abandoning module PhysXVehicles (294)
[2018.11.28-14.02.29:477][526]LogModuleManager: Shutting down and abandoning module OculusEditor (292)
[2018.11.28-14.02.29:477][526]LogModuleManager: Shutting down and abandoning module LocationServicesBPLibrary (290)
[2018.11.28-14.02.29:477][526]LogModuleManager: Shutting down and abandoning module ImmediatePhysicsEditor (288)
[2018.11.28-14.02.29:477][526]LogModuleManager: Shutting down and abandoning module ImmediatePhysics (286)
[2018.11.28-14.02.29:477][526]LogModuleManager: Shutting down and abandoning module ActorSequence (284)
[2018.11.28-14.02.29:477][526]LogModuleManager: Shutting down and abandoning module UdpMessaging (282)
[2018.11.28-14.02.29:579][526]LogModuleManager: Shutting down and abandoning module TcpMessaging (280)
[2018.11.28-14.02.29:679][526]LogModuleManager: Shutting down and abandoning module MagicLeapAudio (278)
[2018.11.28-14.02.29:679][526]LogModuleManager: Shutting down and abandoning module GameplayTagsEditor (276)
[2018.11.28-14.02.29:679][526]LogModuleManager: Shutting down and abandoning module FacialAnimationEditor (274)
[2018.11.28-14.02.29:679][526]LogModuleManager: Shutting down and abandoning module FacialAnimation (272)
[2018.11.28-14.02.29:679][526]LogModuleManager: Shutting down and abandoning module DataValidation (270)
[2018.11.28-14.02.29:679][526]LogModuleManager: Shutting down and abandoning module AssetManagerEditor (268)
[2018.11.28-14.02.29:679][526]LogModuleManager: Shutting down and abandoning module LevelEditor (267)
[2018.11.28-14.02.29:680][526]LogModuleManager: Shutting down and abandoning module PixelInspectorModule (266)
[2018.11.28-14.02.29:680][526]LogModuleManager: Shutting down and abandoning module CommonMenuExtensions (264)
[2018.11.28-14.02.29:681][526]LogModuleManager: Shutting down and abandoning module MainFrame (262)
[2018.11.28-14.02.29:681][526]LogModuleManager: Shutting down and abandoning module HotReload (261)
[2018.11.28-14.02.29:681][526]LogModuleManager: Shutting down and abandoning module ContentBrowser (257)
[2018.11.28-14.02.29:682][526]LogModuleManager: Shutting down and abandoning module TreeMap (255)
[2018.11.28-14.02.29:682][526]LogModuleManager: Shutting down and abandoning module LightPropagationVolumeRuntime (252)
[2018.11.28-14.02.29:682][526]LogModuleManager: Shutting down and abandoning module AISupportModule (250)
[2018.11.28-14.02.29:682][526]LogModuleManager: Shutting down and abandoning module Paper2D (248)
[2018.11.28-14.02.29:682][526]LogModuleManager: Shutting down and abandoning module WindowsMoviePlayer (246)
[2018.11.28-14.02.29:682][526]LogModuleManager: Shutting down and abandoning module WmfMedia (244)
[2018.11.28-14.02.29:684][526]LogModuleManager: Shutting down and abandoning module Media (243)
[2018.11.28-14.02.29:691][526]LogModuleManager: Shutting down and abandoning module PacketHandler (240)
[2018.11.28-14.02.29:691][526]LogModuleManager: Shutting down and abandoning module ClothingSystemEditor (238)
[2018.11.28-14.02.29:691][526]LogModuleManager: Shutting down and abandoning module ClothingSystemRuntime (236)
[2018.11.28-14.02.29:691][526]LogModuleManager: Shutting down and abandoning module MediaAssets (234)
[2018.11.28-14.02.29:691][526]LogModuleManager: Shutting down and abandoning module Overlay (232)
[2018.11.28-14.02.29:691][526]LogModuleManager: Shutting down and abandoning module OverlayEditor (231)
[2018.11.28-14.02.29:691][526]LogModuleManager: Shutting down and abandoning module VREditor (228)
[2018.11.28-14.02.29:691][526]LogModuleManager: Shutting down and abandoning module StringTableEditor (226)
[2018.11.28-14.02.29:691][526]LogModuleManager: Shutting down and abandoning module GameplayTasksEditor (224)
[2018.11.28-14.02.29:691][526]LogModuleManager: Shutting down and abandoning module BehaviorTreeEditor (222)
[2018.11.28-14.02.29:691][526]LogModuleManager: Shutting down and abandoning module FunctionalTesting (220)
[2018.11.28-14.02.29:691][526]LogModuleManager: Shutting down and abandoning module CollisionAnalyzer (218)
[2018.11.28-14.02.29:691][526]LogModuleManager: Shutting down and abandoning module WorkspaceMenuStructure (217)
[2018.11.28-14.02.29:691][526]LogModuleManager: Shutting down and abandoning module UMG (214)
[2018.11.28-14.02.29:691][526]LogModuleManager: Shutting down and abandoning module UMGEditor (213)
[2018.11.28-14.02.29:691][526]LogModuleManager: Shutting down and abandoning module Sequencer (212)
[2018.11.28-14.02.29:691][526]LogModuleManager: Shutting down and abandoning module MessageLog (209)
[2018.11.28-14.02.29:691][526]LogModuleManager: Shutting down and abandoning module SlateReflector (204)
[2018.11.28-14.02.29:691][526]LogModuleManager: Shutting down and abandoning module Slate (202)
[2018.11.28-14.02.29:691][526]LogModuleManager: Shutting down and abandoning module EditorStyle (200)
[2018.11.28-14.02.29:694][526]LogModuleManager: Shutting down and abandoning module MRMesh (198)
[2018.11.28-14.02.29:694][526]LogModuleManager: Shutting down and abandoning module SourceCodeAccess (196)
[2018.11.28-14.02.29:694][526]LogModuleManager: Shutting down and abandoning module HeadMountedDisplay (194)
[2018.11.28-14.02.29:694][526]LogModuleManager: Shutting down and abandoning module XAudio2 (192)
[2018.11.28-14.02.29:694][526]LogModuleManager: Shutting down and abandoning module Networking (190)
[2018.11.28-14.02.29:694][526]LogModuleManager: Shutting down and abandoning module Core (188)
[2018.11.28-14.02.29:694][526]LogModuleManager: Shutting down and abandoning module LevelSequence (186)
[2018.11.28-14.02.29:694][526]LogModuleManager: Shutting down and abandoning module KismetCompiler (184)
[2018.11.28-14.02.29:694][526]LogModuleManager: Shutting down and abandoning module MeshUtilities (182)
[2018.11.28-14.02.29:694][526]LogModuleManager: Shutting down and abandoning module MeshMergeUtilities (181)
[2018.11.28-14.02.29:694][526]LogModuleManager: Shutting down and abandoning module MeshReductionInterface (180)
[2018.11.28-14.02.29:694][526]LogModuleManager: Shutting down and abandoning module SimplygonSwarm (179)
[2018.11.28-14.02.29:694][526]LogModuleManager: Shutting down and abandoning module ProxyLODMeshReduction (177)
[2018.11.28-14.02.29:694][526]LogModuleManager: Shutting down and abandoning module SimplygonMeshReduction (175)
[2018.11.28-14.02.29:694][526]LogModuleManager: Shutting down and abandoning module QuadricMeshReduction (173)
[2018.11.28-14.02.29:694][526]LogModuleManager: Shutting down and abandoning module MaterialBaking (169)
[2018.11.28-14.02.29:694][526]LogModuleManager: Shutting down and abandoning module DirectoryWatcher (165)
[2018.11.28-14.02.29:694][526]LogModuleManager: Shutting down and abandoning module DerivedDataCache (162)
[2018.11.28-14.02.29:727][526]LogDerivedDataCache: Shutdown
[2018.11.28-14.02.29:728][526]LogModuleManager: Shutting down and abandoning module XGEController (160)
[2018.11.28-14.02.29:728][526]LogXGEController: Cleaning working directory: C:/Users/alexi/AppData/Local/Temp/UnrealXGEWorkingDir/
[2018.11.28-14.02.29:728][526]LogModuleManager: Shutting down and abandoning module TargetPlatform (158)
[2018.11.28-14.02.29:728][526]LogModuleManager: Shutting down and abandoning module VulkanShaderFormat (157)
[2018.11.28-14.02.29:728][526]LogModuleManager: Shutting down and abandoning module ShaderFormatVectorVM (155)
[2018.11.28-14.02.29:728][526]LogModuleManager: Shutting down and abandoning module ShaderFormatOpenGL (153)
[2018.11.28-14.02.29:728][526]LogModuleManager: Shutting down and abandoning module ShaderFormatD3D (151)
[2018.11.28-14.02.29:728][526]LogModuleManager: Shutting down and abandoning module MetalShaderFormat (149)
[2018.11.28-14.02.29:728][526]LogModuleManager: Shutting down and abandoning module TextureFormatUncompressed (147)
[2018.11.28-14.02.29:728][526]LogModuleManager: Shutting down and abandoning module TextureFormatPVR (145)
[2018.11.28-14.02.29:728][526]LogModuleManager: Shutting down and abandoning module TextureFormatDXT (143)
[2018.11.28-14.02.29:728][526]LogModuleManager: Shutting down and abandoning module TextureFormatIntelISPCTexComp (141)
[2018.11.28-14.02.29:728][526]LogModuleManager: Shutting down and abandoning module TextureFormatASTC (139)
[2018.11.28-14.02.29:728][526]LogModuleManager: Shutting down and abandoning module ImageWrapper (138)
[2018.11.28-14.02.29:728][526]LogModuleManager: Shutting down and abandoning module TextureFormatAndroid (135)
[2018.11.28-14.02.29:728][526]LogModuleManager: Shutting down and abandoning module AudioFormatOpus (133)
[2018.11.28-14.02.29:728][526]LogModuleManager: Shutting down and abandoning module AudioFormatOgg (131)
[2018.11.28-14.02.29:728][526]LogModuleManager: Shutting down and abandoning module AudioFormatADPCM (129)
[2018.11.28-14.02.29:728][526]LogModuleManager: Shutting down and abandoning module LuminTargetPlatform (127)
[2018.11.28-14.02.29:728][526]LogModuleManager: Shutting down and abandoning module LinuxTargetPlatform (125)
[2018.11.28-14.02.29:728][526]LogModuleManager: Shutting down and abandoning module LinuxServerTargetPlatform (123)
[2018.11.28-14.02.29:728][526]LogModuleManager: Shutting down and abandoning module LinuxNoEditorTargetPlatform (121)
[2018.11.28-14.02.29:728][526]LogModuleManager: Shutting down and abandoning module LinuxClientTargetPlatform (119)
[2018.11.28-14.02.29:728][526]LogModuleManager: Shutting down and abandoning module TVOSTargetPlatform (117)
[2018.11.28-14.02.29:729][526]LogModuleManager: Shutting down and abandoning module Messaging (115)
[2018.11.28-14.02.29:729][526]LogModuleManager: Shutting down and abandoning module IOSTargetPlatform (113)
[2018.11.28-14.02.29:730][526]LogModuleManager: Shutting down and abandoning module HTML5TargetPlatform (111)
[2018.11.28-14.02.29:730][526]LogModuleManager: Shutting down and abandoning module AndroidTargetPlatform (109)
[2018.11.28-14.02.29:739][526]LogModuleManager: Shutting down and abandoning module WindowsTargetPlatform (107)
[2018.11.28-14.02.29:739][526]LogModuleManager: Shutting down and abandoning module WindowsServerTargetPlatform (105)
[2018.11.28-14.02.29:739][526]LogModuleManager: Shutting down and abandoning module WindowsNoEditorTargetPlatform (103)
[2018.11.28-14.02.29:739][526]LogModuleManager: Shutting down and abandoning module WindowsClientTargetPlatform (101)
[2018.11.28-14.02.29:739][526]LogModuleManager: Shutting down and abandoning module MacTargetPlatform (99)
[2018.11.28-14.02.29:739][526]LogModuleManager: Shutting down and abandoning module MacServerTargetPlatform (97)
[2018.11.28-14.02.29:739][526]LogModuleManager: Shutting down and abandoning module MacNoEditorTargetPlatform (95)
[2018.11.28-14.02.29:739][526]LogModuleManager: Shutting down and abandoning module MacClientTargetPlatform (93)
[2018.11.28-14.02.29:739][526]LogModuleManager: Shutting down and abandoning module AllDesktopTargetPlatform (91)
[2018.11.28-14.02.29:739][526]LogModuleManager: Shutting down and abandoning module InputCore (88)
[2018.11.28-14.02.29:739][526]LogModuleManager: Shutting down and abandoning module Settings (86)
[2018.11.28-14.02.29:739][526]LogModuleManager: Shutting down and abandoning module PhysXCooking (84)
[2018.11.28-14.02.29:739][526]LogModuleManager: Shutting down and abandoning module SteamVR (82)
[2018.11.28-14.02.29:739][526]LogModuleManager: Shutting down and abandoning module OculusHMD (80)
[2018.11.28-14.02.29:739][526]LogModuleManager: Shutting down and abandoning module ExampleDeviceProfileSelector (78)
[2018.11.28-14.02.29:739][526]LogModuleManager: Shutting down and abandoning module LauncherChunkInstaller (76)
[2018.11.28-14.02.29:739][526]LogModuleManager: Shutting down and abandoning module OnlineBlueprintSupport (74)
[2018.11.28-14.02.29:740][526]LogModuleManager: Shutting down and abandoning module OnlineSubsystem (70)
[2018.11.28-14.02.29:740][526]LogModuleManager: Shutting down and abandoning module XMPP (65)
[2018.11.28-14.02.29:740][526]LogModuleManager: Shutting down and abandoning module WebSockets (64)
[2018.11.28-14.02.29:776][526]LogModuleManager: Shutting down and abandoning module HTTP (61)
[2018.11.28-14.02.29:777][526]LogHttp: Display: Http module shutting down, but needs to wait on 1 outstanding Http requests:
[2018.11.28-14.02.29:777][526]LogHttp: Display: 	verb=[POST] url=[https://datarouter.ol.epicgames.com/datarouter/api/v1/public/data?SessionID=%7BD6FBE598-444D-4746-1E76-DCAF23ABF11D%7D&AppID=UEEditor.Rocket.Release&AppVersion=4.20.3-4369336%2B%2B%2BUE4%2BRelease-4.20&UserID=6926f37c421718641f8f35b9c2d54eea%7C47a59e21a0b24ea08d76c63f32004e6d%7Cf8306fa0-9add-414f-9fda-81a770667c29&AppEnvironment=datacollector-binary&UploadType=eteventstream] status=Processing
[2018.11.28-14.02.29:779][526]LogModuleManager: Shutting down and abandoning module SSL (60)
[2018.11.28-14.02.29:781][526]LogModuleManager: Shutting down and abandoning module MagicLeapEmulator (56)
[2018.11.28-14.02.29:781][526]LogModuleManager: Shutting down and abandoning module MagicLeapPrivileges (54)
[2018.11.28-14.02.29:781][526]LogModuleManager: Shutting down and abandoning module MagicLeapIdentity (52)
[2018.11.28-14.02.29:781][526]LogModuleManager: Shutting down and abandoning module MagicLeapHelperVulkan (50)
[2018.11.28-14.02.29:781][526]LogModuleManager: Shutting down and abandoning module MagicLeapHelperOpenGL (48)
[2018.11.28-14.02.29:781][526]LogModuleManager: Shutting down and abandoning module MagicLeapSecureStorage (46)
[2018.11.28-14.02.29:781][526]LogModuleManager: Shutting down and abandoning module MagicLeapGestures (44)
[2018.11.28-14.02.29:781][526]LogModuleManager: Shutting down and abandoning module MagicLeapEyeTracker (42)
[2018.11.28-14.02.29:781][526]LogModuleManager: Shutting down and abandoning module MagicLeapController (40)
[2018.11.28-14.02.29:781][526]LogSlate: Slate User Destroyed.  User Index 0, Is Virtual User: 0
[2018.11.28-14.02.29:781][526]LogModuleManager: Shutting down and abandoning module MagicLeap (38)
[2018.11.28-14.02.29:781][526]LogModuleManager: Shutting down and abandoning module AnimationModifiers (36)
[2018.11.28-14.02.29:781][526]LogModuleManager: Shutting down and abandoning module PropertyEditor (35)
[2018.11.28-14.02.29:781][526]LogModuleManager: Shutting down and abandoning module AudioEditor (32)
[2018.11.28-14.02.29:781][526]LogModuleManager: Shutting down and abandoning module TextureCompressor (30)
[2018.11.28-14.02.29:782][526]LogModuleManager: Shutting down and abandoning module ShaderCore (28)
[2018.11.28-14.02.29:782][526]LogModuleManager: Shutting down and abandoning module Landscape (26)
[2018.11.28-14.02.29:782][526]LogModuleManager: Shutting down and abandoning module SlateRHIRenderer (24)
[2018.11.28-14.02.29:783][526]LogModuleManager: Shutting down and abandoning module OpenGLDrv (22)
[2018.11.28-14.02.29:783][526]LogModuleManager: Shutting down and abandoning module D3D11RHI (20)
[2018.11.28-14.02.29:783][526]LogModuleManager: Shutting down and abandoning module AnimGraphRuntime (18)
[2018.11.28-14.02.29:783][526]LogModuleManager: Shutting down and abandoning module Renderer (16)
[2018.11.28-14.02.29:783][526]LogModuleManager: Shutting down and abandoning module Engine (14)
[2018.11.28-14.02.29:783][526]LogModuleManager: Shutting down and abandoning module CoreUObject (12)
[2018.11.28-14.02.29:783][526]LogModuleManager: Shutting down and abandoning module NetworkFile (10)
[2018.11.28-14.02.29:783][526]LogModuleManager: Shutting down and abandoning module CookedIterativeFile (8)
[2018.11.28-14.02.29:783][526]LogModuleManager: Shutting down and abandoning module StreamingFile (6)
[2018.11.28-14.02.29:783][526]LogModuleManager: Shutting down and abandoning module SandboxFile (4)
[2018.11.28-14.02.29:783][526]LogModuleManager: Shutting down and abandoning module PakFile (2)
[2018.11.28-14.02.29:791][526]LogExit: Exiting.
[2018.11.28-14.02.29:794][526]Log file closed, 11/28/18 15:02:29
