Log file open, 11/14/18 21:49:07
LogWindows: Failed to load 'aqProf.dll' (GetLastError=126)
LogWindows: File 'aqProf.dll' does not exist
LogWindows: Failed to load 'VSPerf140.dll' (GetLastError=126)
LogWindows: File 'VSPerf140.dll' does not exist
LogWindows: Failed to load 'VtuneApi.dll' (GetLastError=126)
LogWindows: File 'VtuneApi.dll' does not exist
LogWindows: Failed to load 'VtuneApi32e.dll' (GetLastError=126)
LogWindows: File 'VtuneApi32e.dll' does not exist
LogInit: Display: Running engine for game: ProjectShip
LogPlatformFile: Not using cached read wrapper
LogTaskGraph: Started task graph with 5 named threads and 23 total threads with 3 sets of task threads.
LogStats: Stats thread started at 0.712383
LogD3D11RHI: Loaded GFSDK_Aftermath_Lib.x64.dll
LogICUInternationalization: Display: ICU TimeZone Detection - Raw Offset: +1:00, Platform Override: ''
LogPluginManager: Mounting plugin Paper2D
LogPluginManager: Mounting plugin AISupport
LogPluginManager: Mounting plugin LightPropagationVolume
LogPluginManager: Mounting plugin CLionSourceCodeAccess
LogPluginManager: Mounting plugin CodeLiteSourceCodeAccess
LogPluginManager: Mounting plugin GitSourceControl
LogPluginManager: Mounting plugin KDevelopSourceCodeAccess
LogPluginManager: Mounting plugin NullSourceCodeAccess
LogPluginManager: Mounting plugin PerforceSourceControl
LogPluginManager: Mounting plugin SubversionSourceControl
LogPluginManager: Mounting plugin UObjectPlugin
LogPluginManager: Mounting plugin VisualStudioCodeSourceCodeAccess
LogPluginManager: Mounting plugin VisualStudioSourceCodeAccess
LogPluginManager: Mounting plugin XCodeSourceCodeAccess
LogPluginManager: Mounting plugin AssetManagerEditor
LogPluginManager: Mounting plugin CryptoKeys
LogPluginManager: Mounting plugin DataValidation
LogPluginManager: Mounting plugin FacialAnimation
LogPluginManager: Mounting plugin GameplayTagsEditor
LogPluginManager: Mounting plugin MacGraphicsSwitching
LogPluginManager: Mounting plugin MeshEditor
LogPluginManager: Mounting plugin MobileLauncherProfileWizard
LogPluginManager: Mounting plugin PluginBrowser
LogPluginManager: Mounting plugin SpeedTreeImporter
LogPluginManager: Mounting plugin DatasmithContent
LogPluginManager: Mounting plugin AlembicImporter
LogPluginManager: Mounting plugin AppleImageUtils
LogPluginManager: Mounting plugin AppleVision
LogPluginManager: Mounting plugin BackChannel
LogPluginManager: Mounting plugin CharacterAI
LogPluginManager: Mounting plugin GeometryCache
LogPluginManager: Mounting plugin HTML5Networking
LogPluginManager: Mounting plugin ProxyLODPlugin
LogPluginManager: Mounting plugin MagicLeap
LogPluginManager: Mounting plugin MagicLeapEmulator
LogPluginManager: Mounting plugin MagicLeapMedia
LogPluginManager: Mounting plugin AndroidMedia
LogPluginManager: Mounting plugin AvfMedia
LogPluginManager: Mounting plugin ImgMedia
LogPluginManager: Mounting plugin LinearTimecode
LogPluginManager: Mounting plugin MediaCompositing
LogPluginManager: Mounting plugin MediaPlayerEditor
LogPluginManager: Mounting plugin WmfMedia
LogPluginManager: Mounting plugin TcpMessaging
LogPluginManager: Mounting plugin UdpMessaging
LogPluginManager: Mounting plugin ActorSequence
LogPluginManager: Mounting plugin LevelSequenceEditor
LogPluginManager: Mounting plugin MatineeToLevelSequence
LogPluginManager: Mounting plugin NetcodeUnitTest
LogPluginManager: Mounting plugin NUTUnrealEngine4
LogPluginManager: Mounting plugin OnlineSubsystemGooglePlay
LogPluginManager: Mounting plugin OnlineSubsystemIOS
LogPluginManager: Mounting plugin OnlineSubsystem
LogPluginManager: Mounting plugin OnlineSubsystemNull
LogPluginManager: Mounting plugin OnlineSubsystemUtils
LogPluginManager: Mounting plugin LauncherChunkInstaller
LogPluginManager: Mounting plugin AndroidDeviceProfileSelector
LogPluginManager: Mounting plugin AndroidMoviePlayer
LogPluginManager: Mounting plugin AndroidPermission
LogPluginManager: Mounting plugin AppleMoviePlayer
LogPluginManager: Mounting plugin ArchVisCharacter
LogPluginManager: Mounting plugin AudioCapture
LogPluginManager: Mounting plugin CableComponent
LogPluginManager: Mounting plugin CustomMeshComponent
LogPluginManager: Mounting plugin EditableMesh
LogPluginManager: Mounting plugin ExampleDeviceProfileSelector
LogPluginManager: Mounting plugin GoogleCloudMessaging
LogPluginManager: Mounting plugin ImmediatePhysics
LogPluginManager: Mounting plugin IOSDeviceProfileSelector
LogPluginManager: Mounting plugin LinuxDeviceProfileSelector
LogPluginManager: Mounting plugin LocationServicesBPLibrary
LogPluginManager: Mounting plugin MobilePatchingUtils
LogPluginManager: Mounting plugin OculusVR
LogPluginManager: Plugin shader directory ../../../Engine/Plugins/Runtime/Oculus/OculusVR/Shaders found
LogPluginManager: Mapping shader source directory ../../../Engine/Plugins/Runtime/Oculus/OculusVR/Shaders to virtual directory /Plugin/OculusVR
LogPluginManager: Mounting plugin PhysXVehicles
LogPluginManager: Mounting plugin ProceduralMeshComponent
LogPluginManager: Mounting plugin RuntimePhysXCooking
LogPluginManager: Mounting plugin SteamVR
LogPluginManager: Mounting plugin WindowsMoviePlayer
LogStreaming: Display: Took  0.276s to configure plugins.
LogInit: Using libcurl 7.55.1-DEV
LogInit:  - built for x86_64-pc-win32
LogInit:  - supports SSL with OpenSSL/1.0.2h
LogInit:  - supports HTTP deflate (compression) using libz 1.2.8
LogInit:  - other features:
LogInit:      CURL_VERSION_SSL
LogInit:      CURL_VERSION_LIBZ
LogInit:      CURL_VERSION_IPV6
LogInit:      CURL_VERSION_ASYNCHDNS
LogInit:      CURL_VERSION_LARGEFILE
LogInit:      CURL_VERSION_IDN
LogInit:  CurlRequestOptions (configurable via config and command line):
LogInit:  - bVerifyPeer = false  - Libcurl will NOT verify peer certificate
LogInit:  - bUseHttpProxy = false  - Libcurl will NOT use HTTP proxy
LogInit:  - bDontReuseConnections = false  - Libcurl will reuse connections
LogInit:  - CertBundlePath = nullptr  - Libcurl will use whatever was configured at build time.
LogInit:  - MaxHostConnections = 16  - Libcurl will limit the number of connections to a host
LogInit:  - LocalHostAddr = Default
LogInit:  - BufferSize = 65536
LogInit: WinSock: version 1.1 (2.2), MaxSocks=32767, MaxUdp=65467
LogInit: Build: ++UE4+Release-4.20-CL-4369336
LogInit: Engine Version: 4.20.3-4369336+++UE4+Release-4.20
LogInit: Compatible Engine Version: 4.20.0-4212847+++UE4+Release-4.20
LogInit: Net CL: 4212847
LogInit: OS: Windows 10 (), CPU: Intel(R) Core(TM) i7-4770 CPU @ 3.40GHz, GPU: NVIDIA GeForce GTX 970
LogInit: Compiled (64-bit): Sep 17 2018 12:26:19
LogInit: Compiled with Visual C++: 19.13.26129.00
LogInit: Build Configuration: Development
LogInit: Branch Name: ++UE4+Release-4.20
LogInit: Command Line: 
LogInit: Base Directory: J:/ProgramFiles(x86)/UE_4.20/Engine/Binaries/Win64/
LogInit: Installed Engine Build: 1
LogDevObjectVersion: Number of dev versions registered: 20
LogDevObjectVersion:   Dev-Blueprints (B0D832E4-1F89-4F0D-ACCF-7EB736FD4AA2): 10
LogDevObjectVersion:   Dev-Build (E1C64328-A22C-4D53-A36C-8E866417BD8C): 0
LogDevObjectVersion:   Dev-Core (375EC13C-06E4-48FB-B500-84F0262A717E): 2
LogDevObjectVersion:   Dev-Editor (E4B068ED-F494-42E9-A231-DA0B2E46BB41): 24
LogDevObjectVersion:   Dev-Framework (CFFC743F-43B0-4480-9391-14DF171D2073): 34
LogDevObjectVersion:   Dev-Mobile (B02B49B5-BB20-44E9-A304-32B752E40360): 2
LogDevObjectVersion:   Dev-Networking (A4E4105C-59A1-49B5-A7C5-40C4547EDFEE): 0
LogDevObjectVersion:   Dev-Online (39C831C9-5AE6-47DC-9A44-9C173E1C8E7C): 0
LogDevObjectVersion:   Dev-Physics (78F01B33-EBEA-4F98-B9B4-84EACCB95AA2): 0
LogDevObjectVersion:   Dev-Platform (6631380F-2D4D-43E0-8009-CF276956A95A): 0
LogDevObjectVersion:   Dev-Rendering (12F88B9F-8875-4AFC-A67C-D90C383ABD29): 26
LogDevObjectVersion:   Dev-Sequencer (7B5AE74C-D270-4C10-A958-57980B212A5A): 9
LogDevObjectVersion:   Dev-VR (D7296918-1DD6-4BDD-9DE2-64A83CC13884): 2
LogDevObjectVersion:   Dev-LoadTimes (C2A15278-BFE7-4AFE-6C17-90FF531DF755): 1
LogDevObjectVersion:   Private-Geometry (6EACA3D4-40EC-4CC1-B786-8BED09428FC5): 3
LogDevObjectVersion:   Dev-AnimPhys (29E575DD-E0A3-4627-9D10-D276232CDCEA): 17
LogDevObjectVersion:   Dev-ReflectionCapture (6B266CEC-1EC7-4B8F-A30B-E4D90942FC07): 1
LogDevObjectVersion:   Dev-Automation (0DF73D61-A23F-47EA-B727-89E90C41499A): 1
LogDevObjectVersion:   FortniteMain (601D1886-AC64-4F84-AA16-D3DE0DEAC7D6): 12
LogDevObjectVersion:   Dev-Enterprise (9DFFBCD6-494F-0158-E221-12823C92A888): 1
LogStreaming: Display: Took  0.001s to delete old logs.
LogInit: Presizing for max 8388607 objects, including 0 objects not considered by GC, pre-allocating 0 bytes for permanent pool.
LogInit: Object subsystem initialized
[2018.11.14-20.49.08:421][  0]LogInit: Selected Device Profile: [Windows]
[2018.11.14-20.49.08:421][  0]LogInit: Applying CVar settings loaded from the selected device profile: [Windows]
[2018.11.14-20.49.08:506][  0]LogHAL: Display: Platform has ~ 16 GB [17062424576 / 17179869184 / 16], which maps to Larger [LargestMinGB=32, LargerMinGB=12, DefaultMinGB=8, SmallerMinGB=6, SmallestMinGB=0)
[2018.11.14-20.49.08:506][  0]LogInit: Setting Device Profile CVar: [[r.Vulkan.UseRealUBs:1]]
[2018.11.14-20.49.08:506][  0]LogInit: Going up to parent DeviceProfile []
[2018.11.14-20.49.08:521][  0]LogInit: Computer: DESKTOP-INJ546F
[2018.11.14-20.49.08:521][  0]LogInit: User: alexi
[2018.11.14-20.49.08:521][  0]LogInit: CPU Page size=4096, Cores=4
[2018.11.14-20.49.08:521][  0]LogInit: High frequency timer resolution =3.312638 MHz
[2018.11.14-20.49.08:521][  0]LogMemory: Memory total: Physical=15.9GB (16GB approx)
[2018.11.14-20.49.08:522][  0]LogMemory: Platform Memory Stats for Windows
[2018.11.14-20.49.08:522][  0]LogMemory: Process Physical Memory: 100.70 MB used, 100.70 MB peak
[2018.11.14-20.49.08:522][  0]LogMemory: Process Virtual Memory: 89.50 MB used, 89.50 MB peak
[2018.11.14-20.49.08:522][  0]LogMemory: Physical Memory: 5630.00 MB used,  10641.99 MB free, 16272.00 MB total
[2018.11.14-20.49.08:522][  0]LogMemory: Virtual Memory: 4638.52 MB used,  10641.99 MB free, 134217728.00 MB total
[2018.11.14-20.49.09:080][  0]LogInit: Using OS detected language (fr-FR).
[2018.11.14-20.49.09:080][  0]LogInit: Using OS detected locale (fr-FR).
[2018.11.14-20.49.09:307][  0]LogTextLocalizationManager: No specific localization for 'fr-FR' exists, so the 'fr' localization will be used.
[2018.11.14-20.49.09:550][  0]LogStreaming: Display: Took  0.471s to InitEngineTextLocalization.
[2018.11.14-20.49.09:550][  0]LogInit: Setting process to per monitor DPI aware
[2018.11.14-20.49.09:904][  0]LogSlate: New Slate User Created.  User Index 0, Is Virtual User: 0
[2018.11.14-20.49.09:904][  0]LogSlate: Slate User Registered.  User Index 0, Is Virtual User: 0
[2018.11.14-20.49.12:365][  0]LogHMD: Failed to initialize OpenVR with code 110
[2018.11.14-20.49.12:365][  0]LogD3D11RHI: D3D11 adapters:
[2018.11.14-20.49.12:416][  0]LogD3D11RHI:    0. 'NVIDIA GeForce GTX 970' (Feature Level 11_0)
[2018.11.14-20.49.12:416][  0]LogD3D11RHI:       4058/0/8135 MB DedicatedVideo/DedicatedSystem/SharedSystem, Outputs:3, VendorId:0x10de
[2018.11.14-20.49.12:458][  0]LogD3D11RHI:    1. 'Intel(R) HD Graphics 4600' (Feature Level 11_0)
[2018.11.14-20.49.12:458][  0]LogD3D11RHI:       112/0/2048 MB DedicatedVideo/DedicatedSystem/SharedSystem, Outputs:0, VendorId:0x8086
[2018.11.14-20.49.12:460][  0]LogD3D11RHI:    2. 'Microsoft Basic Render Driver' (Feature Level 11_0)
[2018.11.14-20.49.12:460][  0]LogD3D11RHI:       0/0/8135 MB DedicatedVideo/DedicatedSystem/SharedSystem, Outputs:0, VendorId:0x1414
[2018.11.14-20.49.12:460][  0]LogD3D11RHI: Chosen D3D11 Adapter: 0
[2018.11.14-20.49.12:477][  0]LogD3D11RHI: Creating new Direct3DDevice
[2018.11.14-20.49.12:478][  0]LogD3D11RHI:     GPU DeviceId: 0x13c2 (for the marketing name, search the web for "GPU Device Id")
[2018.11.14-20.49.12:478][  0]LogWindows: EnumDisplayDevices:
[2018.11.14-20.49.12:478][  0]LogWindows:    0. 'NVIDIA GeForce GTX 970' (P:1 D:1)
[2018.11.14-20.49.12:478][  0]LogWindows:    1. 'NVIDIA GeForce GTX 970' (P:0 D:1)
[2018.11.14-20.49.12:478][  0]LogWindows:    2. 'NVIDIA GeForce GTX 970' (P:0 D:1)
[2018.11.14-20.49.12:479][  0]LogWindows:    3. 'NVIDIA GeForce GTX 970' (P:0 D:0)
[2018.11.14-20.49.12:479][  0]LogWindows:    4. 'Intel(R) HD Graphics 4600' (P:0 D:0)
[2018.11.14-20.49.12:479][  0]LogWindows:    5. 'Intel(R) HD Graphics 4600' (P:0 D:0)
[2018.11.14-20.49.12:479][  0]LogWindows:    6. 'Intel(R) HD Graphics 4600' (P:0 D:0)
[2018.11.14-20.49.12:480][  0]LogWindows: DebugString: PrimaryIsNotTheChoosenAdapter PrimaryIsNotTheChoosenAdapter PrimaryIsNotTheChoosenAdapter FoundDriverCount:4 
[2018.11.14-20.49.12:480][  0]LogD3D11RHI:     Adapter Name: NVIDIA GeForce GTX 970
[2018.11.14-20.49.12:480][  0]LogD3D11RHI:   Driver Version: 388.13 (internal:23.21.13.8813, unified:388.13)
[2018.11.14-20.49.12:480][  0]LogD3D11RHI:      Driver Date: 10-27-2017
[2018.11.14-20.49.12:480][  0]LogRHI: Texture pool is 2840 MB (70% of 4058 MB)
[2018.11.14-20.49.12:506][  0]LogD3D11RHI: Async texture creation enabled
[2018.11.14-20.49.12:518][  0]LogD3D11RHI: GPU Timing Frequency: 1000.000000 (Debug: 2 1)
[2018.11.14-20.49.12:611][  0]LogShaderCompilers: Guid format shader working directory is 6 characters bigger than the processId version (B:/Unreal Engine/Prototypes/ProjectShip/Intermediate/Shaders/WorkingDirectory/12644/).
[2018.11.14-20.49.12:611][  0]LogShaderCompilers: Cleaned the shader compiler working directory 'C:/Users/alexi/AppData/Local/Temp/UnrealShaderWorkingDir/0A08E115432A391A3653AB97F8A1BDE8/'.
[2018.11.14-20.49.13:359][  0]LogTemp: Display: Loaded TP AllDesktopTargetPlatform
[2018.11.14-20.49.13:382][  0]LogTemp: Display: Loaded TP MacClientTargetPlatform
[2018.11.14-20.49.13:402][  0]LogTemp: Display: Loaded TP MacNoEditorTargetPlatform
[2018.11.14-20.49.13:414][  0]LogTemp: Display: Loaded TP MacServerTargetPlatform
[2018.11.14-20.49.13:448][  0]LogTemp: Display: Loaded TP MacTargetPlatform
[2018.11.14-20.49.13:470][  0]LogTemp: Display: Loaded TP WindowsClientTargetPlatform
[2018.11.14-20.49.13:483][  0]LogTemp: Display: Loaded TP WindowsNoEditorTargetPlatform
[2018.11.14-20.49.13:495][  0]LogTemp: Display: Loaded TP WindowsServerTargetPlatform
[2018.11.14-20.49.13:501][  0]LogTemp: Display: Loaded TP WindowsTargetPlatform
[2018.11.14-20.49.13:600][  0]LogTemp: Display: Loaded TP AndroidTargetPlatform
[2018.11.14-20.49.13:601][  0]LogTemp: Display: Loaded TP AndroidTargetPlatform
[2018.11.14-20.49.13:601][  0]LogTemp: Display: Loaded TP AndroidTargetPlatform
[2018.11.14-20.49.13:601][  0]LogTemp: Display: Loaded TP AndroidTargetPlatform
[2018.11.14-20.49.13:601][  0]LogTemp: Display: Loaded TP AndroidTargetPlatform
[2018.11.14-20.49.13:601][  0]LogTemp: Display: Loaded TP AndroidTargetPlatform
[2018.11.14-20.49.13:601][  0]LogTemp: Display: Loaded TP AndroidTargetPlatform
[2018.11.14-20.49.13:601][  0]LogTemp: Display: Loaded TP AndroidTargetPlatform
[2018.11.14-20.49.13:601][  0]LogTemp: Display: Loaded TP AndroidTargetPlatform
[2018.11.14-20.49.13:601][  0]LogTemp: Display: Loaded TP AndroidTargetPlatform
[2018.11.14-20.49.13:601][  0]LogTemp: Display: Loaded TP AndroidTargetPlatform
[2018.11.14-20.49.13:601][  0]LogTemp: Display: Loaded TP AndroidTargetPlatform
[2018.11.14-20.49.13:601][  0]LogTemp: Display: Loaded TP AndroidTargetPlatform
[2018.11.14-20.49.13:601][  0]LogTemp: Display: Loaded TP AndroidTargetPlatform
[2018.11.14-20.49.13:601][  0]LogTemp: Display: Loaded TP AndroidTargetPlatform
[2018.11.14-20.49.13:601][  0]LogTemp: Display: Loaded TP AndroidTargetPlatform
[2018.11.14-20.49.13:601][  0]LogTemp: Display: Loaded TP AndroidTargetPlatform
[2018.11.14-20.49.13:601][  0]LogTemp: Display: Loaded TP AndroidTargetPlatform
[2018.11.14-20.49.13:608][  0]LogTemp: Display: Loaded TP HTML5TargetPlatform
[2018.11.14-20.49.13:706][  0]LogTemp: Display: Loaded TP IOSTargetPlatform
[2018.11.14-20.49.13:706][  0]LogTemp: Display: Loaded TP IOSTargetPlatform
[2018.11.14-20.49.13:730][  0]LogTemp: Display: Loaded TP TVOSTargetPlatform
[2018.11.14-20.49.13:730][  0]LogTemp: Display: Loaded TP TVOSTargetPlatform
[2018.11.14-20.49.13:752][  0]LogTemp: Display: Loaded TP LinuxClientTargetPlatform
[2018.11.14-20.49.13:764][  0]LogTemp: Display: Loaded TP LinuxNoEditorTargetPlatform
[2018.11.14-20.49.13:775][  0]LogTemp: Display: Loaded TP LinuxServerTargetPlatform
[2018.11.14-20.49.13:816][  0]LogTemp: Display: Loaded TP LinuxTargetPlatform
[2018.11.14-20.49.13:832][  0]LogTemp: Display: Loaded TP LuminTargetPlatform
[2018.11.14-20.49.13:833][  0]LogTargetPlatformManager: Display: Building Assets For Windows
[2018.11.14-20.49.14:119][  0]LogXGEController: Cannot use XGE Controller as Incredibuild is not installed on this machine.
[2018.11.14-20.49.14:119][  0]LogShaderCompilers: Cannot use XGE Shader Compiler as Incredibuild is not installed on this machine.
[2018.11.14-20.49.14:119][  0]LogShaderCompilers: Display: Using Local Shader Compiler.
[2018.11.14-20.49.17:824][  0]LogDerivedDataCache: Display: Max Cache Size: 512 MB
[2018.11.14-20.49.18:066][  0]LogDerivedDataCache: Loaded boot cache 0.24s 71MB C:/Users/alexi/AppData/Local/UnrealEngine/4.20/DerivedDataCache/Boot.ddc.
[2018.11.14-20.49.18:066][  0]LogDerivedDataCache: Display: Loaded Boot cache: C:/Users/alexi/AppData/Local/UnrealEngine/4.20/DerivedDataCache/Boot.ddc
[2018.11.14-20.49.18:066][  0]LogDerivedDataCache: FDerivedDataBackendGraph:  Pak pak cache file B:/Unreal Engine/Prototypes/ProjectShip/DerivedDataCache/DDC.ddp not found, will not use a pak cache.
[2018.11.14-20.49.18:067][  0]LogDerivedDataCache: Unable to find inner node Pak for hierarchical cache Hierarchy.
[2018.11.14-20.49.18:067][  0]LogDerivedDataCache: FDerivedDataBackendGraph:  CompressedPak pak cache file B:/Unreal Engine/Prototypes/ProjectShip/DerivedDataCache/Compressed.ddp not found, will not use a pak cache.
[2018.11.14-20.49.18:067][  0]LogDerivedDataCache: Unable to find inner node CompressedPak for hierarchical cache Hierarchy.
[2018.11.14-20.49.18:085][  0]LogDerivedDataCache: Display: Pak cache opened for reading ../../../Engine/DerivedDataCache/Compressed.ddp.
[2018.11.14-20.49.18:098][  0]LogDerivedDataCache: Using Local data cache path C:/Users/alexi/AppData/Local/UnrealEngine/Common/DerivedDataCache: Writable
[2018.11.14-20.49.18:098][  0]LogDerivedDataCache: Shared data cache path not found in *engine.ini, will not use an Shared cache.
[2018.11.14-20.49.18:098][  0]LogDerivedDataCache: Unable to find inner node Shared for hierarchical cache Hierarchy.
[2018.11.14-20.49.18:137][  0]LogMaterial: Verifying Global Shaders for PCD3D_SM5
[2018.11.14-20.49.18:140][  0]LogSlate: Using FreeType 2.6.0
[2018.11.14-20.49.18:199][  0]LogSlate: SlateFontServices - WITH_FREETYPE: 1, WITH_HARFBUZZ: 1
[2018.11.14-20.49.18:602][  0]LogAssetRegistry: FAssetRegistry took 0.0262 seconds to start up
[2018.11.14-20.49.18:945][  0]LogInit: Selected Device Profile: [Windows]
[2018.11.14-20.49.19:635][  0]LogSimplygon: Simplygon DLL not present - disabling.
[2018.11.14-20.49.19:837][  0]LogMeshReduction: Using SimplygonSwarm for distributed automatic mesh merging
[2018.11.14-20.49.19:837][  0]LogMeshReduction: Using ProxyLODMeshReduction for automatic mesh merging
[2018.11.14-20.49.19:837][  0]LogMeshReduction: Using QuadricMeshReduction for automatic static mesh reduction
[2018.11.14-20.49.19:837][  0]LogMeshReduction: No automatic skeletal mesh reduction module available
[2018.11.14-20.49.19:862][  0]LogNetVersion: ProjectShip 1.0.0, NetCL: 4212847, EngineNetVer: 5, GameNetVer: 0 (Checksum: 2633931975)
[2018.11.14-20.49.20:784][  0]LogPackageLocalizationCache: Processed 11 localized package path(s) for 2 prioritized culture(s) in 0.289357 seconds
[2018.11.14-20.49.20:790][  0]LogUObjectArray: 38425 objects as part of root set at end of initial load.
[2018.11.14-20.49.20:790][  0]LogUObjectAllocator: 6690864 out of 0 bytes used by permanent object pool.
[2018.11.14-20.49.20:790][  0]LogUObjectArray: CloseDisregardForGC: 0/0 objects in disregard for GC pool
[2018.11.14-20.49.30:029][  0]LogTcpMessaging: Initializing TcpMessaging bridge
[2018.11.14-20.49.30:051][  0]LogUdpMessaging: Initializing bridge on interface 0.0.0.0:0 to multicast group 230.0.0.1:6666.
[2018.11.14-20.49.30:574][  0]SourceControl: Source control is disabled
[2018.11.14-20.49.30:574][  0]SourceControl: Source control is disabled
[2018.11.14-20.49.30:604][  0]SourceControl: Source control is disabled
[2018.11.14-20.49.30:621][  0]SourceControl: Source control is disabled
[2018.11.14-20.49.31:895][  0]LogAndroidPermission: UAndroidPermissionCallbackProxy::GetInstance
[2018.11.14-20.49.32:058][  0]LogOcInput: OculusInput pre-init called
[2018.11.14-20.49.32:322][  0]LogEngine: Initializing Engine...
[2018.11.14-20.49.32:323][  0]LogHMD: Failed to initialize OpenVR with code 110
[2018.11.14-20.49.32:325][  0]LogStats: UGameplayTagsManager::ConstructGameplayTagTree: ImportINI prefixes -  0.000 s
[2018.11.14-20.49.32:325][  0]LogStats: UGameplayTagsManager::ConstructGameplayTagTree: Construct from data asset -  0.000 s
[2018.11.14-20.49.32:325][  0]LogStats: UGameplayTagsManager::ConstructGameplayTagTree: ImportINI -  0.000 s
[2018.11.14-20.49.32:325][  0]LogStats: UGameplayTagsManager::ConstructGameplayTagTree: GameplayTagTreeChangedEvent.Broadcast -  0.000 s
[2018.11.14-20.49.32:519][  0]LogInit: Initializing FReadOnlyCVARCache
[2018.11.14-20.49.32:720][  0]LogAIModule: Creating AISystem for world Untitled
[2018.11.14-20.49.32:740][  0]LogInit: XAudio2 using 'Philips 231T-C (NVIDIA High Definition Audio)' : 2 channels at 48 kHz using 16 bits per sample (channel mask 0x3)
[2018.11.14-20.49.32:790][  0]LogInit: FAudioDevice initialized.
[2018.11.14-20.49.32:790][  0]LogNetVersion: Set ProjectVersion to 1.0.0.0. Version Checksum will be recalculated on next use.
[2018.11.14-20.49.32:858][  0]LogDerivedDataCache: Saved boot cache 0.07s 71MB C:/Users/alexi/AppData/Local/UnrealEngine/4.20/DerivedDataCache/Boot.ddc.
[2018.11.14-20.49.32:868][  0]LogInit: Texture streaming: Enabled
[2018.11.14-20.49.32:949][  0]LogEngineSessionManager: EngineSessionManager initialized
[2018.11.14-20.49.33:188][  0]LogInit: Transaction tracking system initialized
[2018.11.14-20.49.33:369][  0]BlueprintLog: New page: Editor Load
[2018.11.14-20.49.34:639][  0]LocalizationService: Localization service is disabled
[2018.11.14-20.49.36:792][  0]LogCook: Display: Max memory allowance for cook 16384mb min free memory 0mb
[2018.11.14-20.49.36:792][  0]LogCook: Display: Mobile HDR setting 1
[2018.11.14-20.49.36:817][  0]LogFileCache: Scanning file cache for directory 'B:/Unreal Engine/Prototypes/ProjectShip/Content/' took 0.02s
[2018.11.14-20.49.36:817][  0]LogGameplayTags: Display: UGameplayTagsManager::DoneAddingNativeTags. DelegateIsBound: 0
[2018.11.14-20.49.36:817][  0]LogStats: UGameplayTagsManager::ConstructGameplayTagTree: ImportINI prefixes -  0.000 s
[2018.11.14-20.49.36:817][  0]LogStats: UGameplayTagsManager::ConstructGameplayTagTree: Construct from data asset -  0.000 s
[2018.11.14-20.49.36:817][  0]LogStats: UGameplayTagsManager::ConstructGameplayTagTree: ImportINI -  0.000 s
[2018.11.14-20.49.36:817][  0]LogStats: UGameplayTagsManager::ConstructGameplayTagTree: GameplayTagTreeChangedEvent.Broadcast -  0.000 s
[2018.11.14-20.49.38:846][  0]SourceControl: Source control is disabled
[2018.11.14-20.49.38:846][  0]Cmd: MAP LOAD FILE="B:/Unreal Engine/Prototypes/ProjectShip/Content/ThirdPersonBP/Maps/ThirdPersonExampleMap.umap" TEMPLATE=0 SHOWPROGRESS=1 FEATURELEVEL=3
[2018.11.14-20.49.38:847][  0]LightingResults: New page: Lighting Build
[2018.11.14-20.49.38:890][  0]MapCheck: New page: Map Check
[2018.11.14-20.49.38:890][  0]LightingResults: New page: Lighting Build
[2018.11.14-20.49.43:932][  0]LogAIModule: Creating AISystem for world ThirdPersonExampleMap
[2018.11.14-20.49.44:541][  0]LogEditorServer: Finished looking for orphan Actors (0.000 secs)
[2018.11.14-20.49.44:586][  0]Cmd: MAP CHECKDEP NOCLEARLOG
[2018.11.14-20.49.44:645][  0]MapCheck: Map check complete: 0 Error(s), 0 Warning(s), took 58,337ms to complete.
[2018.11.14-20.49.44:645][  0]LogFileHelpers: Loading map 'ThirdPersonExampleMap' took 5.799
[2018.11.14-20.49.46:081][  0]LogSlate: Updating window title bar state: overlay mode, drag disabled, window buttons hidden, title bar hidden
[2018.11.14-20.49.46:133][  0]LogSlate: Updating window title bar state: overlay mode, drag disabled, window buttons hidden, title bar hidden
[2018.11.14-20.49.46:140][  0]LogSlate: Updating window title bar state: overlay mode, drag disabled, window buttons hidden, title bar hidden
[2018.11.14-20.49.46:147][  0]LogSlate: Updating window title bar state: overlay mode, drag disabled, window buttons hidden, title bar hidden
[2018.11.14-20.49.47:646][  0]LogCollectionManager: Loaded 0 collections in 0.043244 seconds
[2018.11.14-20.49.47:836][  0]LogFileCache: Scanning file cache for directory 'B:/Unreal Engine/Prototypes/ProjectShip/Saved/Collections/' took 0.01s
[2018.11.14-20.49.47:836][  0]LogFileCache: Scanning file cache for directory 'B:/Unreal Engine/Prototypes/ProjectShip/Content/Developers/alexi/Collections/' took 0.01s
[2018.11.14-20.49.47:836][  0]LogFileCache: Scanning file cache for directory 'B:/Unreal Engine/Prototypes/ProjectShip/Content/Collections/' took 0.01s
[2018.11.14-20.49.47:836][  0]LogCollectionManager: Rebuilt the GUID cache for 0 collections in 0.000000 seconds
[2018.11.14-20.49.47:852][  0]LogContentBrowser: Native class hierarchy populated in 0.0141 seconds. Added 2573 classes and 605 folders.
[2018.11.14-20.49.47:983][  0]LogContentBrowser: Native class hierarchy updated for 'WidgetCarousel' in 0.0012 seconds. Added 0 classes and 0 folders.
[2018.11.14-20.49.49:622][  0]LogContentBrowser: Native class hierarchy updated for 'AddContentDialog' in 0.0005 seconds. Added 0 classes and 0 folders.
[2018.11.14-20.49.49:659][  0]LogSlate: Took 0.016404 seconds to synchronously load lazily loaded font '../../../Engine/Content/Slate/Fonts/Roboto-Regular.ttf' (155K)
[2018.11.14-20.49.49:703][  0]LogSlate: Took 0.031168 seconds to synchronously load lazily loaded font '../../../Engine/Content/Slate/Fonts/Roboto-Bold.ttf' (160K)
[2018.11.14-20.49.49:841][  0]LogSlate: Took 0.036310 seconds to synchronously load lazily loaded font '../../../Engine/Content/Editor/Slate/Fonts/FontAwesome.ttf' (139K)
[2018.11.14-20.49.50:399][  0]LogRenderer: Reallocating scene render targets to support 1208x924 Format 10 NumSamples 1 (Frame:1).
[2018.11.14-20.49.51:022][  0]LogContentBrowser: Native class hierarchy updated for 'HierarchicalLODOutliner' in 0.0006 seconds. Added 0 classes and 0 folders.
[2018.11.14-20.49.51:022][  0]LogLoad: (Engine Initialization) Total time: 84.27 seconds
[2018.11.14-20.49.51:022][  0]LogLoad: (Engine Initialization) Total Blueprint compile time: 0.00 seconds
[2018.11.14-20.49.51:136][  0]LogContentStreaming: Texture pool size now 1000 MB
[2018.11.14-20.49.51:332][  0]LogSlate: Took 0.022404 seconds to synchronously load lazily loaded font '../../../Engine/Content/Slate/Fonts/Roboto-Light.ttf' (167K)
[2018.11.14-20.49.51:638][  2]LogAssetRegistry: Asset discovery search completed in 33.0588 seconds
[2018.11.14-20.49.51:640][  2]LogCollectionManager: Rebuilt the object cache for 0 collections in 0.000000 seconds (found 0 objects)
[2018.11.14-20.49.51:640][  2]LogCollectionManager: Fixed up redirectors for 0 collections in 0.000051 seconds (updated 0 objects)
[2018.11.14-20.49.52:674][  5]LogSlate: Took 0.000729 seconds to synchronously load lazily loaded font '../../../Engine/Content/Slate/Fonts/Roboto-Light.ttf' (167K)
[2018.11.14-20.51.18:341][336]LogSlate: FSceneViewport::OnFocusLost() reason 0
[2018.11.14-20.51.18:569][347]LogAssetEditorManager: Opening Asset editor for PhysicsAsset /Game/Models/Spaceship/spaceships_PhysicsAsset.spaceships_PhysicsAsset
[2018.11.14-20.51.18:669][347]LogContentBrowser: Native class hierarchy updated for 'PhysicsAssetEditor' in 0.0004 seconds. Added 7 classes and 3 folders.
[2018.11.14-20.51.18:713][347]LogContentBrowser: Native class hierarchy updated for 'SkeletonEditor' in 0.0011 seconds. Added 1 classes and 2 folders.
[2018.11.14-20.51.19:417][347]LogActorComponent: RegisterComponentWithWorld: (/Engine/Transient.World_2:PersistentLevel.AnimationEditorPreviewActor_0.PhysicsAssetEditorSkeletalMeshComponent_0) Already registered. Aborting.
[2018.11.14-20.51.19:458][347]LogContentBrowser: Native class hierarchy updated for 'PinnedCommandList' in 0.0066 seconds. Added 1 classes and 0 folders.
[2018.11.14-20.51.21:401][347]LogContentBrowser: Native class hierarchy updated for 'ClothingSystemEditorInterface' in 0.0003 seconds. Added 1 classes and 0 folders.
[2018.11.14-20.51.56:046][787]LogSlate: FSceneViewport::OnFocusLost() reason 2
[2018.11.14-20.53.10:124][429]LogSlate: FSceneViewport::OnFocusLost() reason 2
[2018.11.14-20.53.24:064][913]LogSlate: FSceneViewport::OnFocusLost() reason 0
[2018.11.14-20.54.37:349][223]LogSlate: FSceneViewport::OnFocusLost() reason 0
[2018.11.14-20.55.10:576][337]LogSlate: FSceneViewport::OnFocusLost() reason 2
[2018.11.14-20.55.11:848][452]LogSlate: FSceneViewport::OnFocusLost() reason 0
[2018.11.14-20.57.26:450][131]LogSlate: FSceneViewport::OnFocusLost() reason 2
[2018.11.14-20.57.40:565][374]LogSlate: FSceneViewport::OnFocusLost() reason 2
[2018.11.14-20.57.50:511][270]LogSlate: FSceneViewport::OnFocusLost() reason 0
[2018.11.14-20.58.30:227][342]LogSlate: FSceneViewport::OnFocusLost() reason 2
[2018.11.14-20.58.30:273][342]LogSlate: FSceneViewport::OnFocusLost() reason 2
[2018.11.14-20.58.37:103][ 54]LogSlate: FSceneViewport::OnFocusLost() reason 0
[2018.11.14-20.58.38:267][142]EditorErrors: Warning: Unable to create a convex hull for the given bone as there are no vertices associated with the bone.
[2018.11.14-20.58.38:319][142]EditorErrors: Warning: Unable to create a convex hull for the given bone as there are no vertices associated with the bone.
[2018.11.14-20.58.47:092][142]EditorErrors: Warning: Unable to create a convex hull for the given bone as there are no vertices associated with the bone.
[2018.11.14-20.58.50:728][142]EditorErrors: Warning: Unable to create a convex hull for the given bone as there are no vertices associated with the bone.
[2018.11.14-20.58.58:381][142]EditorErrors: Warning: Unable to create a convex hull for the given bone as there are no vertices associated with the bone.
[2018.11.14-20.59.05:983][142]EditorErrors: Warning: Unable to create a convex hull for the given bone as there are no vertices associated with the bone.
[2018.11.14-20.59.14:077][142]EditorErrors: Warning: Unable to create a convex hull for the given bone as there are no vertices associated with the bone.
[2018.11.14-20.59.14:302][142]EditorErrors: Warning: Unable to create a convex hull for the given bone as there are no vertices associated with the bone.
[2018.11.14-20.59.17:971][142]EditorErrors: Warning: Unable to create a convex hull for the given bone as there are no vertices associated with the bone.
[2018.11.14-20.59.18:218][142]EditorErrors: Warning: Unable to create a convex hull for the given bone as there are no vertices associated with the bone.
[2018.11.14-20.59.21:274][142]EditorErrors: Warning: Unable to create a convex hull for the given bone as there are no vertices associated with the bone.
[2018.11.14-20.59.26:148][142]EditorErrors: Warning: Unable to create a convex hull for the given bone as there are no vertices associated with the bone.
[2018.11.14-20.59.28:000][142]EditorErrors: Warning: Unable to create a convex hull for the given bone as there are no vertices associated with the bone.
[2018.11.14-20.59.33:012][142]EditorErrors: Warning: Unable to create a convex hull for the given bone as there are no vertices associated with the bone.
[2018.11.14-20.59.39:340][142]EditorErrors: Warning: Unable to create a convex hull for the given bone as there are no vertices associated with the bone.
[2018.11.14-20.59.46:152][142]EditorErrors: Warning: Unable to create a convex hull for the given bone as there are no vertices associated with the bone.
[2018.11.14-20.59.52:601][142]EditorErrors: Warning: Unable to create a convex hull for the given bone as there are no vertices associated with the bone.
[2018.11.14-20.59.58:643][142]EditorErrors: Warning: Unable to create a convex hull for the given bone as there are no vertices associated with the bone.
[2018.11.14-21.00.01:781][142]EditorErrors: Warning: Unable to create a convex hull for the given bone as there are no vertices associated with the bone.
[2018.11.14-21.00.04:593][142]EditorErrors: Warning: Unable to create a convex hull for the given bone as there are no vertices associated with the bone.
[2018.11.14-21.00.10:271][142]EditorErrors: Warning: Unable to create a convex hull for the given bone as there are no vertices associated with the bone.
[2018.11.14-21.00.15:124][142]EditorErrors: Warning: Unable to create a convex hull for the given bone as there are no vertices associated with the bone.
[2018.11.14-21.00.19:792][142]EditorErrors: Warning: Unable to create a convex hull for the given bone as there are no vertices associated with the bone.
[2018.11.14-21.00.24:514][142]EditorErrors: Warning: Unable to create a convex hull for the given bone as there are no vertices associated with the bone.
[2018.11.14-21.00.29:375][142]EditorErrors: Warning: Unable to create a convex hull for the given bone as there are no vertices associated with the bone.
[2018.11.14-21.00.32:792][142]EditorErrors: Warning: Unable to create a convex hull for the given bone as there are no vertices associated with the bone.
[2018.11.14-21.00.36:525][142]EditorErrors: Warning: Unable to create a convex hull for the given bone as there are no vertices associated with the bone.
[2018.11.14-21.00.42:113][142]EditorErrors: Warning: Unable to create a convex hull for the given bone as there are no vertices associated with the bone.
[2018.11.14-21.00.47:828][142]EditorErrors: Warning: Unable to create a convex hull for the given bone as there are no vertices associated with the bone.
[2018.11.14-21.00.48:037][142]EditorErrors: Warning: Unable to create a convex hull for the given bone as there are no vertices associated with the bone.
[2018.11.14-21.01.04:942][142]EditorErrors: Warning: Unable to create a convex hull for the given bone as there are no vertices associated with the bone.
[2018.11.14-21.01.13:456][142]EditorErrors: Warning: Unable to create a convex hull for the given bone as there are no vertices associated with the bone.
[2018.11.14-21.01.19:285][142]EditorErrors: Warning: Unable to create a convex hull for the given bone as there are no vertices associated with the bone.
[2018.11.14-21.01.25:335][142]EditorErrors: Warning: Unable to create a convex hull for the given bone as there are no vertices associated with the bone.
[2018.11.14-21.01.28:646][142]EditorErrors: Warning: Unable to create a convex hull for the given bone as there are no vertices associated with the bone.
[2018.11.14-21.01.31:746][142]EditorErrors: Warning: Unable to create a convex hull for the given bone as there are no vertices associated with the bone.
[2018.11.14-21.01.31:986][142]EditorErrors: Warning: Unable to create a convex hull for the given bone as there are no vertices associated with the bone.
[2018.11.14-21.01.35:273][142]EditorErrors: Warning: Unable to create a convex hull for the given bone as there are no vertices associated with the bone.
[2018.11.14-21.01.37:427][142]EditorErrors: Warning: Unable to create a convex hull for the given bone as there are no vertices associated with the bone.
[2018.11.14-21.01.38:112][142]EditorErrors: Warning: Unable to create a convex hull for the given bone as there are no vertices associated with the bone.
[2018.11.14-21.01.40:278][142]EditorErrors: Warning: Unable to create a convex hull for the given bone as there are no vertices associated with the bone.
[2018.11.14-21.01.40:898][142]EditorErrors: Warning: Unable to create a convex hull for the given bone as there are no vertices associated with the bone.
[2018.11.14-21.01.46:923][142]EditorErrors: Warning: Unable to create a convex hull for the given bone as there are no vertices associated with the bone.
[2018.11.14-21.01.52:797][142]EditorErrors: Warning: Unable to create a convex hull for the given bone as there are no vertices associated with the bone.
[2018.11.14-21.01.54:579][142]EditorErrors: Warning: Unable to create a convex hull for the given bone as there are no vertices associated with the bone.
[2018.11.14-21.01.56:336][142]EditorErrors: Warning: Unable to create a convex hull for the given bone as there are no vertices associated with the bone.
[2018.11.14-21.02.02:536][142]EditorErrors: Warning: Unable to create a convex hull for the given bone as there are no vertices associated with the bone.
[2018.11.14-21.02.09:164][142]EditorErrors: Warning: Unable to create a convex hull for the given bone as there are no vertices associated with the bone.
[2018.11.14-21.02.15:526][142]EditorErrors: Warning: Unable to create a convex hull for the given bone as there are no vertices associated with the bone.
[2018.11.14-21.02.21:683][142]EditorErrors: Warning: Unable to create a convex hull for the given bone as there are no vertices associated with the bone.
[2018.11.14-21.02.27:845][142]EditorErrors: Warning: Unable to create a convex hull for the given bone as there are no vertices associated with the bone.
[2018.11.14-21.02.33:653][142]EditorErrors: Warning: Unable to create a convex hull for the given bone as there are no vertices associated with the bone.
[2018.11.14-21.02.46:639][142]EditorErrors: Warning: Unable to create a convex hull for the given bone as there are no vertices associated with the bone.
[2018.11.14-21.02.46:643][142]EditorErrors: Warning: Unable to create a convex hull for the given bone as there are no vertices associated with the bone.
[2018.11.14-21.02.46:646][142]EditorErrors: Warning: Unable to create a convex hull for the given bone as there are no vertices associated with the bone.
[2018.11.14-21.02.57:780][161]LogSlate: Window 'Message Log' being destroyed
[2018.11.14-21.02.57:785][161]LogSlate: Window 'Message Log' being destroyed
[2018.11.14-21.02.58:793][182]LogSlate: FSceneViewport::OnFocusLost() reason 2
[2018.11.14-21.03.13:886][624]LogSlate: FSceneViewport::OnFocusLost() reason 2
[2018.11.14-21.03.14:022][624]LogFileHelpers: Editor autosave (incl. sublevels) for '/Game/ThirdPersonBP/Maps/ThirdPersonExampleMap' took 0.094
[2018.11.14-21.03.14:105][624]OBJ SavePackage: Generating thumbnails for [1] asset(s) in package [/Game/Models/Spaceship/spaceships_PhysicsAsset] ([1] browsable assets)...
[2018.11.14-21.03.14:143][624]OBJ SavePackage:     Rendered thumbnail for [PhysicsAsset /Game/Models/Spaceship/spaceships_PhysicsAsset.spaceships_PhysicsAsset]
[2018.11.14-21.03.14:144][624]OBJ SavePackage: Finished generating thumbnails for package [/Game/Models/Spaceship/spaceships_PhysicsAsset]
[2018.11.14-21.03.15:003][624]LogSavePackage: Moving 'B:/Unreal Engine/Prototypes/ProjectShip/Saved/spaceships_PhysicsAsset_Auto13128AC214CAD402B8F76208EFE4EEDB5.tmp' to 'B:/Unreal Engine/Prototypes/ProjectShip/Saved/Autosaves/Game/Models/Spaceship/spaceships_PhysicsAsset_Auto1.uasset'
[2018.11.14-21.03.15:067][624]LogFileHelpers: Auto-saving content packages took 1.040
[2018.11.14-21.03.15:629][634]LogSlate: FSceneViewport::OnFocusLost() reason 2
[2018.11.14-21.03.16:417][634]LogSavePackage: Moving 'B:/Unreal Engine/Prototypes/ProjectShip/Saved/ThirdPersonExampleMap9633A9F9445BEFF89F2221AB1815C9D2.tmp' to 'B:/Unreal Engine/Prototypes/ProjectShip/Content/ThirdPersonBP/Maps/ThirdPersonExampleMap.umap'
[2018.11.14-21.03.16:763][634]LogSavePackage: Moving 'B:/Unreal Engine/Prototypes/ProjectShip/Saved/ThirdPersonExampleMap_BuiltData290283B34FE99E5C6355CA9FFF32BEF4.tmp' to 'B:/Unreal Engine/Prototypes/ProjectShip/Content/ThirdPersonBP/Maps/ThirdPersonExampleMap_BuiltData.uasset'
[2018.11.14-21.03.18:151][671]LogSlate: FSceneViewport::OnFocusLost() reason 0
[2018.11.14-21.03.19:523][802]LogSlate: FSceneViewport::OnFocusLost() reason 0
[2018.11.14-21.03.20:876][959]LogEditorViewport: Clicking on Actor (LMB): SkeletalMeshActor (spaceships)
[2018.11.14-21.03.21:916][975]LogEditorViewport: Clicking on Actor (LMB): SkeletalMeshActor (spaceships)
[2018.11.14-21.03.30:258][937]LogSlate: FSceneViewport::OnFocusLost() reason 0
[2018.11.14-21.03.39:223][914]LogEditorViewport: Clicking on Actor (LMB): StaticMeshActor (Floor)
[2018.11.14-21.03.40:507][ 54]LogEditorViewport: Clicking on Actor (LMB): StaticMeshActor (Floor)
[2018.11.14-21.03.41:067][119]LogEditorViewport: Clicking on Actor (LMB): PlayerStart (NetworkPlayerStart)
[2018.11.14-21.03.41:987][223]Cmd: DELETE
[2018.11.14-21.03.41:987][223]Cmd: ACTOR DELETE
[2018.11.14-21.03.42:285][223]LogEditorActor: Deleted Actor: PlayerStart
[2018.11.14-21.03.42:317][223]LogEditorActor: Deleted 1 Actors (0.095 secs)
[2018.11.14-21.03.43:723][390]LogEditorViewport: Clicking on Actor (LMB): PlayerStart (PlayerStart)
[2018.11.14-21.03.44:155][438]Cmd: DELETE
[2018.11.14-21.03.44:155][438]Cmd: ACTOR DELETE
[2018.11.14-21.03.44:157][438]LogEditorActor: Deleted Actor: PlayerStart
[2018.11.14-21.03.44:179][438]LogEditorActor: Deleted 1 Actors (0.024 secs)
[2018.11.14-21.03.44:938][529]LogSlate: FSceneViewport::OnFocusLost() reason 0
[2018.11.14-21.03.46:116][653]LogSavePackage: Moving 'B:/Unreal Engine/Prototypes/ProjectShip/Saved/ThirdPersonExampleMap153D0AFD42B61EABC034D88979C35541.tmp' to 'B:/Unreal Engine/Prototypes/ProjectShip/Content/ThirdPersonBP/Maps/ThirdPersonExampleMap.umap'
[2018.11.14-21.03.46:214][653]LogSavePackage: Moving 'B:/Unreal Engine/Prototypes/ProjectShip/Saved/ThirdPersonExampleMap_BuiltDataB897D2E64E76D9C96E6F7FA790E353FD.tmp' to 'B:/Unreal Engine/Prototypes/ProjectShip/Content/ThirdPersonBP/Maps/ThirdPersonExampleMap_BuiltData.uasset'
[2018.11.14-21.03.46:749][717]LogTemp: Repeating last play command: Selected Viewport
[2018.11.14-21.03.46:801][717]LogBlueprintUserMessages: Early PlayInEditor Detection: Level '/Game/ThirdPersonBP/Maps/ThirdPersonExampleMap.ThirdPersonExampleMap:PersistentLevel' has LevelScriptBlueprint '/Game/ThirdPersonBP/Maps/ThirdPersonExampleMap.ThirdPersonExampleMap:PersistentLevel.ThirdPersonExampleMap' with GeneratedClass '/Game/ThirdPersonBP/Maps/ThirdPersonExampleMap.ThirdPersonExampleMap_C' with ClassGeneratedBy '/Game/ThirdPersonBP/Maps/ThirdPersonExampleMap.ThirdPersonExampleMap:PersistentLevel.ThirdPersonExampleMap'
[2018.11.14-21.03.46:825][717]LogPlayLevel: PlayLevel: No blueprints needed recompiling
[2018.11.14-21.03.47:025][717]PIE: New page: PIE session: ThirdPersonExampleMap (14 nov. 2018 23:03:46)
[2018.11.14-21.03.47:025][717]LogPlayLevel: Creating play world package: /Game/ThirdPersonBP/Maps/UEDPIE_0_ThirdPersonExampleMap
[2018.11.14-21.03.47:097][717]LogPlayLevel: PIE: StaticDuplicateObject took: (0.071555s)
[2018.11.14-21.03.47:098][717]LogAIModule: Creating AISystem for world ThirdPersonExampleMap
[2018.11.14-21.03.47:102][717]LogPlayLevel: PIE: World Init took: (0.004732s)
[2018.11.14-21.03.47:107][717]LogPlayLevel: PIE: Created PIE world by copying editor world from /Game/ThirdPersonBP/Maps/ThirdPersonExampleMap.ThirdPersonExampleMap to /Game/ThirdPersonBP/Maps/UEDPIE_0_ThirdPersonExampleMap.ThirdPersonExampleMap (0.082036s)
[2018.11.14-21.03.47:160][717]LogInit: XAudio2 using 'Philips 231T-C (NVIDIA High Definition Audio)' : 2 channels at 48 kHz using 16 bits per sample (channel mask 0x3)
[2018.11.14-21.03.47:167][717]LogInit: FAudioDevice initialized.
[2018.11.14-21.03.48:668][717]LogLoad: Game class is 'ThirdPersonGameMode_C'
[2018.11.14-21.03.48:685][717]LogWorld: Bringing World /Game/ThirdPersonBP/Maps/UEDPIE_0_ThirdPersonExampleMap.ThirdPersonExampleMap up for play (max tick rate 0) at 2018.11.14-22.03.48
[2018.11.14-21.03.48:715][717]LogWorld: Bringing up level for play took: 0.038475
[2018.11.14-21.03.48:971][717]LogContentBrowser: Native class hierarchy updated for 'MovieSceneCapture' in 0.0007 seconds. Added 10 classes and 0 folders.
[2018.11.14-21.03.49:173][717]PIE: Play in editor start time for /Game/ThirdPersonBP/Maps/UEDPIE_0_ThirdPersonExampleMap 1,987
[2018.11.14-21.03.49:173][717]LogBlueprintUserMessages: Late PlayInEditor Detection: Level '/Game/ThirdPersonBP/Maps/ThirdPersonExampleMap.ThirdPersonExampleMap:PersistentLevel' has LevelScriptBlueprint '/Game/ThirdPersonBP/Maps/ThirdPersonExampleMap.ThirdPersonExampleMap:PersistentLevel.ThirdPersonExampleMap' with GeneratedClass '/Game/ThirdPersonBP/Maps/ThirdPersonExampleMap.ThirdPersonExampleMap_C' with ClassGeneratedBy '/Game/ThirdPersonBP/Maps/ThirdPersonExampleMap.ThirdPersonExampleMap:PersistentLevel.ThirdPersonExampleMap'
[2018.11.14-21.04.12:383][459]LogBlueprintUserMessages: Early EndPlayMap Detection: Level '/Game/ThirdPersonBP/Maps/ThirdPersonExampleMap.ThirdPersonExampleMap:PersistentLevel' has LevelScriptBlueprint '/Game/ThirdPersonBP/Maps/ThirdPersonExampleMap.ThirdPersonExampleMap:PersistentLevel.ThirdPersonExampleMap' with GeneratedClass '/Game/ThirdPersonBP/Maps/ThirdPersonExampleMap.ThirdPersonExampleMap_C' with ClassGeneratedBy '/Game/ThirdPersonBP/Maps/ThirdPersonExampleMap.ThirdPersonExampleMap:PersistentLevel.ThirdPersonExampleMap'
[2018.11.14-21.04.12:413][459]LogSlate: Updating window title bar state: overlay mode, drag disabled, window buttons hidden, title bar hidden
[2018.11.14-21.04.12:596][459]LogPlayLevel: Display: Shutting down PIE online subsystems
[2018.11.14-21.04.12:596][459]LogBlueprintUserMessages: Late EndPlayMap Detection: Level '/Game/ThirdPersonBP/Maps/ThirdPersonExampleMap.ThirdPersonExampleMap:PersistentLevel' has LevelScriptBlueprint '/Game/ThirdPersonBP/Maps/ThirdPersonExampleMap.ThirdPersonExampleMap:PersistentLevel.ThirdPersonExampleMap' with GeneratedClass '/Game/ThirdPersonBP/Maps/ThirdPersonExampleMap.ThirdPersonExampleMap_C' with ClassGeneratedBy '/Game/ThirdPersonBP/Maps/ThirdPersonExampleMap.ThirdPersonExampleMap:PersistentLevel.ThirdPersonExampleMap'
[2018.11.14-21.04.12:665][459]LogSlate: Updating window title bar state: overlay mode, drag disabled, window buttons hidden, title bar hidden
[2018.11.14-21.04.12:850][460]LogPlayLevel: Display: Destroying online subsystem :Context_9
[2018.11.14-21.04.16:320][791]LogSlate: FSceneViewport::OnFocusLost() reason 2
[2018.11.14-21.04.39:850][390]LogSlate: FSceneViewport::OnFocusLost() reason 0
[2018.11.14-21.04.43:974][498]Cmd: TRANSACTION UNDO
[2018.11.14-21.04.43:975][498]LogEditorTransaction: Undo Move Element
[2018.11.14-21.04.44:099][498]LogActorComponent: RegisterComponentWithWorld: (/Engine/Transient.World_2:PersistentLevel.AnimationEditorPreviewActor_0.PhysicsAssetEditorSkeletalMeshComponent_0) Already registered. Aborting.
[2018.11.14-21.04.53:605][629]LogSlate: FSceneViewport::OnFocusLost() reason 0
[2018.11.14-21.05.00:342][817]Cmd: TRANSACTION UNDO
[2018.11.14-21.05.00:342][817]LogEditorTransaction: Undo Move Element
[2018.11.14-21.05.00:452][817]LogActorComponent: RegisterComponentWithWorld: (/Engine/Transient.World_2:PersistentLevel.AnimationEditorPreviewActor_0.PhysicsAssetEditorSkeletalMeshComponent_0) Already registered. Aborting.
[2018.11.14-21.05.03:869][848]LogSlate: FSceneViewport::OnFocusLost() reason 2
[2018.11.14-21.05.03:878][848]Cmd: OBJ SAVEPACKAGE PACKAGE="/Game/Models/Spaceship/spaceships_PhysicsAsset" FILE="B:/Unreal Engine/Prototypes/ProjectShip/Content/Models/Spaceship/spaceships_PhysicsAsset.uasset" SILENT=true
[2018.11.14-21.05.04:484][848]LogSavePackage: Moving 'B:/Unreal Engine/Prototypes/ProjectShip/Saved/spaceships_PhysicsAsset6768C3B44A5A89B8F2DE7DA2493374F1.tmp' to 'B:/Unreal Engine/Prototypes/ProjectShip/Content/Models/Spaceship/spaceships_PhysicsAsset.uasset'
[2018.11.14-21.05.06:517][908]LogSlate: FSceneViewport::OnFocusLost() reason 0
[2018.11.14-21.26.53:596][962]LogSlate: FSceneViewport::OnFocusLost() reason 2
[2018.11.14-21.28.24:847][291]LogSlate: FSceneViewport::OnFocusLost() reason 0
[2018.11.14-21.28.25:154][291]LogSlate: Window 'spaceships_PhysicsAsset' being destroyed
[2018.11.14-21.28.31:822][971]LogWindowsTextInputMethodSystem: Display: IME system now deactivated.
[2018.11.14-21.28.31:822][971]LogWindowsTextInputMethodSystem: Display: IME system now deactivated.
[2018.11.14-21.28.37:444][637]LogEditorViewport: Clicking on Actor (LMB): SkeletalMeshActor (spaceships)
[2018.11.14-21.28.44:820][477]LogSlate: FSceneViewport::OnFocusLost() reason 0
[2018.11.14-21.28.47:067][745]LogEditorActor: Deleted Actor: SkeletalMeshActor
[2018.11.14-21.28.47:139][745]LogEditorActor: Deleted 1 Actors (0.074 secs)
[2018.11.14-21.28.58:758][938]LogSlate: Window 'Content Browser' being destroyed
[2018.11.14-21.29.01:944][316]LogSlate: FSceneViewport::OnFocusLost() reason 0
[2018.11.14-21.29.05:365][669]LogSlate: FSceneViewport::OnFocusLost() reason 0
[2018.11.14-21.29.06:081][753]LogEditorActor: Deleted Actor: PlayerStart
[2018.11.14-21.29.06:100][753]LogEditorActor: Deleted 1 Actors (0.021 secs)
[2018.11.14-21.29.07:567][900]LogEditorActor: Deleted Actor: CameraActor
[2018.11.14-21.29.07:588][900]LogEditorActor: Deleted 1 Actors (0.022 secs)
[2018.11.14-21.29.29:717][376]LogSlate: FSceneViewport::OnFocusLost() reason 0
[2018.11.14-21.29.31:470][567]LogSlate: FSceneViewport::OnFocusLost() reason 0
[2018.11.14-21.29.31:553][577]LogTemp: Repeating last play command: Selected Viewport
[2018.11.14-21.29.31:569][577]LogBlueprintUserMessages: Early PlayInEditor Detection: Level '/Game/ThirdPersonBP/Maps/ThirdPersonExampleMap.ThirdPersonExampleMap:PersistentLevel' has LevelScriptBlueprint '/Game/ThirdPersonBP/Maps/ThirdPersonExampleMap.ThirdPersonExampleMap:PersistentLevel.ThirdPersonExampleMap' with GeneratedClass '/Game/ThirdPersonBP/Maps/ThirdPersonExampleMap.ThirdPersonExampleMap_C' with ClassGeneratedBy '/Game/ThirdPersonBP/Maps/ThirdPersonExampleMap.ThirdPersonExampleMap:PersistentLevel.ThirdPersonExampleMap'
[2018.11.14-21.29.31:569][577]LogPlayLevel: PlayLevel: No blueprints needed recompiling
[2018.11.14-21.29.31:569][577]PIE: New page: PIE session: ThirdPersonExampleMap (14 nov. 2018 23:29:31)
[2018.11.14-21.29.31:569][577]LogPlayLevel: Creating play world package: /Game/ThirdPersonBP/Maps/UEDPIE_0_ThirdPersonExampleMap
[2018.11.14-21.29.31:588][577]LogPlayLevel: PIE: StaticDuplicateObject took: (0.018716s)
[2018.11.14-21.29.31:589][577]LogAIModule: Creating AISystem for world ThirdPersonExampleMap
[2018.11.14-21.29.31:589][577]LogPlayLevel: PIE: World Init took: (0.000907s)
[2018.11.14-21.29.31:589][577]LogPlayLevel: PIE: Created PIE world by copying editor world from /Game/ThirdPersonBP/Maps/ThirdPersonExampleMap.ThirdPersonExampleMap to /Game/ThirdPersonBP/Maps/UEDPIE_0_ThirdPersonExampleMap.ThirdPersonExampleMap (0.019779s)
[2018.11.14-21.29.31:620][577]LogInit: XAudio2 using 'Philips 231T-C (NVIDIA High Definition Audio)' : 2 channels at 48 kHz using 16 bits per sample (channel mask 0x3)
[2018.11.14-21.29.31:627][577]LogInit: FAudioDevice initialized.
[2018.11.14-21.29.31:667][577]LogLoad: Game class is 'ThirdPersonGameMode_C'
[2018.11.14-21.29.31:670][577]LogWorld: Bringing World /Game/ThirdPersonBP/Maps/UEDPIE_0_ThirdPersonExampleMap.ThirdPersonExampleMap up for play (max tick rate 0) at 2018.11.14-22.29.31
[2018.11.14-21.29.31:731][577]LogWorld: Bringing up level for play took: 0.062324
[2018.11.14-21.29.31:744][577]PIE: Play in editor start time for /Game/ThirdPersonBP/Maps/UEDPIE_0_ThirdPersonExampleMap 0,558
[2018.11.14-21.29.31:744][577]LogBlueprintUserMessages: Late PlayInEditor Detection: Level '/Game/ThirdPersonBP/Maps/ThirdPersonExampleMap.ThirdPersonExampleMap:PersistentLevel' has LevelScriptBlueprint '/Game/ThirdPersonBP/Maps/ThirdPersonExampleMap.ThirdPersonExampleMap:PersistentLevel.ThirdPersonExampleMap' with GeneratedClass '/Game/ThirdPersonBP/Maps/ThirdPersonExampleMap.ThirdPersonExampleMap_C' with ClassGeneratedBy '/Game/ThirdPersonBP/Maps/ThirdPersonExampleMap.ThirdPersonExampleMap:PersistentLevel.ThirdPersonExampleMap'
[2018.11.14-21.29.36:520][147]LogBlueprintUserMessages: Early EndPlayMap Detection: Level '/Game/ThirdPersonBP/Maps/ThirdPersonExampleMap.ThirdPersonExampleMap:PersistentLevel' has LevelScriptBlueprint '/Game/ThirdPersonBP/Maps/ThirdPersonExampleMap.ThirdPersonExampleMap:PersistentLevel.ThirdPersonExampleMap' with GeneratedClass '/Game/ThirdPersonBP/Maps/ThirdPersonExampleMap.ThirdPersonExampleMap_C' with ClassGeneratedBy '/Game/ThirdPersonBP/Maps/ThirdPersonExampleMap.ThirdPersonExampleMap:PersistentLevel.ThirdPersonExampleMap'
[2018.11.14-21.29.36:520][147]LogSlate: Updating window title bar state: overlay mode, drag disabled, window buttons hidden, title bar hidden
[2018.11.14-21.29.36:564][147]LogPlayLevel: Display: Shutting down PIE online subsystems
[2018.11.14-21.29.36:565][147]LogBlueprintUserMessages: Late EndPlayMap Detection: Level '/Game/ThirdPersonBP/Maps/ThirdPersonExampleMap.ThirdPersonExampleMap:PersistentLevel' has LevelScriptBlueprint '/Game/ThirdPersonBP/Maps/ThirdPersonExampleMap.ThirdPersonExampleMap:PersistentLevel.ThirdPersonExampleMap' with GeneratedClass '/Game/ThirdPersonBP/Maps/ThirdPersonExampleMap.ThirdPersonExampleMap_C' with ClassGeneratedBy '/Game/ThirdPersonBP/Maps/ThirdPersonExampleMap.ThirdPersonExampleMap:PersistentLevel.ThirdPersonExampleMap'
[2018.11.14-21.29.36:587][147]LogSlate: Updating window title bar state: overlay mode, drag disabled, window buttons hidden, title bar hidden
[2018.11.14-21.29.36:628][148]LogPlayLevel: Display: Destroying online subsystem :Context_11
[2018.11.14-21.29.38:624][387]LogSlate: FSceneViewport::OnFocusLost() reason 0
[2018.11.14-21.29.38:723][397]LogAssetEditorManager: Opening Asset editor for Blueprint /Game/Models/Spaceship/BP_Spaceships.BP_Spaceships
[2018.11.14-21.29.39:973][397]LogContentBrowser: Native class hierarchy updated for 'BlueprintGraph' in 0.0019 seconds. Added 116 classes and 0 folders.
[2018.11.14-21.29.42:021][397]LogSlate: Took 0.019098 seconds to synchronously load lazily loaded font '../../../Engine/Content/Slate/Fonts/Roboto-BoldCondensed.ttf' (158K)
[2018.11.14-21.29.45:233][690]LogSlate: Took 0.015119 seconds to synchronously load lazily loaded font '../../../Engine/Content/Slate/Fonts/Roboto-Italic.ttf' (157K)
[2018.11.14-21.30.25:925][576]LogClass: Warning: In asset 'None', there is an enum property of type 'EAnimationMode' with an invalid value of ''
[2018.11.14-21.30.25:925][576]LogClass: Warning: In asset 'None', there is an enum property of type 'EAnimationMode' with an invalid value of ''
[2018.11.14-21.30.25:925][576]LogClass: Warning: In asset 'None', there is an enum property of type 'EAnimationMode' with an invalid value of ''
[2018.11.14-21.30.31:968][166]LogClass: Warning: In asset 'None', there is an enum property of type 'EAnimationMode' with an invalid value of ''
[2018.11.14-21.30.31:968][166]LogClass: Warning: In asset 'None', there is an enum property of type 'EAnimationMode' with an invalid value of ''
[2018.11.14-21.30.31:968][166]LogClass: Warning: In asset 'None', there is an enum property of type 'EAnimationMode' with an invalid value of ''
[2018.11.14-21.30.36:740][668]BlueprintLog: New page: Compile BP_Spaceships
[2018.11.14-21.30.40:317][999]LogAssetEditorManager: Opening Asset editor for PhysicsAsset /Game/Models/Spaceship/spaceships_PhysicsAsset.spaceships_PhysicsAsset
[2018.11.14-21.30.45:822][999]LogSlate: Window 'Message' being destroyed
[2018.11.14-21.30.45:847][999]LogActorComponent: RegisterComponentWithWorld: (/Engine/Transient.World_10:PersistentLevel.AnimationEditorPreviewActor_0.PhysicsAssetEditorSkeletalMeshComponent_0) Already registered. Aborting.
[2018.11.14-21.30.49:575][ 57]Cmd: OBJ SAVEPACKAGE PACKAGE="/Game/Models/Spaceship/spaceships_PhysicsAsset" FILE="B:/Unreal Engine/Prototypes/ProjectShip/Content/Models/Spaceship/spaceships_PhysicsAsset.uasset" SILENT=true
[2018.11.14-21.30.50:522][ 57]LogSavePackage: Moving 'B:/Unreal Engine/Prototypes/ProjectShip/Saved/spaceships_PhysicsAsset376F3CFE451BE0D35FD19FB48CE6F41D.tmp' to 'B:/Unreal Engine/Prototypes/ProjectShip/Content/Models/Spaceship/spaceships_PhysicsAsset.uasset'
