Log file open, 11/28/18 14:00:33
LogWindows: Failed to load 'aqProf.dll' (GetLastError=126)
LogWindows: File 'aqProf.dll' does not exist
LogWindows: Failed to load 'VSPerf140.dll' (GetLastError=126)
LogWindows: File 'VSPerf140.dll' does not exist
LogWindows: Failed to load 'VtuneApi.dll' (GetLastError=126)
LogWindows: File 'VtuneApi.dll' does not exist
LogWindows: Failed to load 'VtuneApi32e.dll' (GetLastError=126)
LogWindows: File 'VtuneApi32e.dll' does not exist
LogInit: Display: Running engine for game: ProjectShip
LogPlatformFile: Not using cached read wrapper
LogTaskGraph: Started task graph with 5 named threads and 23 total threads with 3 sets of task threads.
LogStats: Stats thread started at 0.313024
LogD3D11RHI: Loaded GFSDK_Aftermath_Lib.x64.dll
LogICUInternationalization: Display: ICU TimeZone Detection - Raw Offset: +1:00, Platform Override: ''
LogPluginManager: Mounting plugin Paper2D
LogPluginManager: Mounting plugin AISupport
LogPluginManager: Mounting plugin LightPropagationVolume
LogPluginManager: Mounting plugin CLionSourceCodeAccess
LogPluginManager: Mounting plugin CodeLiteSourceCodeAccess
LogPluginManager: Mounting plugin GitSourceControl
LogPluginManager: Mounting plugin KDevelopSourceCodeAccess
LogPluginManager: Mounting plugin NullSourceCodeAccess
LogPluginManager: Mounting plugin PerforceSourceControl
LogPluginManager: Mounting plugin SubversionSourceControl
LogPluginManager: Mounting plugin UObjectPlugin
LogPluginManager: Mounting plugin VisualStudioCodeSourceCodeAccess
LogPluginManager: Mounting plugin VisualStudioSourceCodeAccess
LogPluginManager: Mounting plugin XCodeSourceCodeAccess
LogPluginManager: Mounting plugin AssetManagerEditor
LogPluginManager: Mounting plugin CryptoKeys
LogPluginManager: Mounting plugin DataValidation
LogPluginManager: Mounting plugin FacialAnimation
LogPluginManager: Mounting plugin GameplayTagsEditor
LogPluginManager: Mounting plugin MacGraphicsSwitching
LogPluginManager: Mounting plugin MeshEditor
LogPluginManager: Mounting plugin MobileLauncherProfileWizard
LogPluginManager: Mounting plugin PluginBrowser
LogPluginManager: Mounting plugin SpeedTreeImporter
LogPluginManager: Mounting plugin DatasmithContent
LogPluginManager: Mounting plugin AlembicImporter
LogPluginManager: Mounting plugin AppleImageUtils
LogPluginManager: Mounting plugin AppleVision
LogPluginManager: Mounting plugin BackChannel
LogPluginManager: Mounting plugin CharacterAI
LogPluginManager: Mounting plugin GeometryCache
LogPluginManager: Mounting plugin HTML5Networking
LogPluginManager: Mounting plugin ProxyLODPlugin
LogPluginManager: Mounting plugin MagicLeap
LogPluginManager: Mounting plugin MagicLeapEmulator
LogPluginManager: Mounting plugin MagicLeapMedia
LogPluginManager: Mounting plugin AndroidMedia
LogPluginManager: Mounting plugin AvfMedia
LogPluginManager: Mounting plugin ImgMedia
LogPluginManager: Mounting plugin LinearTimecode
LogPluginManager: Mounting plugin MediaCompositing
LogPluginManager: Mounting plugin MediaPlayerEditor
LogPluginManager: Mounting plugin WmfMedia
LogPluginManager: Mounting plugin TcpMessaging
LogPluginManager: Mounting plugin UdpMessaging
LogPluginManager: Mounting plugin ActorSequence
LogPluginManager: Mounting plugin LevelSequenceEditor
LogPluginManager: Mounting plugin MatineeToLevelSequence
LogPluginManager: Mounting plugin NetcodeUnitTest
LogPluginManager: Mounting plugin NUTUnrealEngine4
LogPluginManager: Mounting plugin OnlineSubsystemGooglePlay
LogPluginManager: Mounting plugin OnlineSubsystemIOS
LogPluginManager: Mounting plugin OnlineSubsystem
LogPluginManager: Mounting plugin OnlineSubsystemNull
LogPluginManager: Mounting plugin OnlineSubsystemUtils
LogPluginManager: Mounting plugin LauncherChunkInstaller
LogPluginManager: Mounting plugin AndroidDeviceProfileSelector
LogPluginManager: Mounting plugin AndroidMoviePlayer
LogPluginManager: Mounting plugin AndroidPermission
LogPluginManager: Mounting plugin AppleMoviePlayer
LogPluginManager: Mounting plugin ArchVisCharacter
LogPluginManager: Mounting plugin AudioCapture
LogPluginManager: Mounting plugin CableComponent
LogPluginManager: Mounting plugin CustomMeshComponent
LogPluginManager: Mounting plugin EditableMesh
LogPluginManager: Mounting plugin ExampleDeviceProfileSelector
LogPluginManager: Mounting plugin GoogleCloudMessaging
LogPluginManager: Mounting plugin ImmediatePhysics
LogPluginManager: Mounting plugin IOSDeviceProfileSelector
LogPluginManager: Mounting plugin LinuxDeviceProfileSelector
LogPluginManager: Mounting plugin LocationServicesBPLibrary
LogPluginManager: Mounting plugin MobilePatchingUtils
LogPluginManager: Mounting plugin OculusVR
LogPluginManager: Plugin shader directory ../../../Engine/Plugins/Runtime/Oculus/OculusVR/Shaders found
LogPluginManager: Mapping shader source directory ../../../Engine/Plugins/Runtime/Oculus/OculusVR/Shaders to virtual directory /Plugin/OculusVR
LogPluginManager: Mounting plugin PhysXVehicles
LogPluginManager: Mounting plugin ProceduralMeshComponent
LogPluginManager: Mounting plugin RuntimePhysXCooking
LogPluginManager: Mounting plugin SteamVR
LogPluginManager: Mounting plugin WindowsMoviePlayer
LogStreaming: Display: Took  0.086s to configure plugins.
LogInit: Using libcurl 7.55.1-DEV
LogInit:  - built for x86_64-pc-win32
LogInit:  - supports SSL with OpenSSL/1.0.2h
LogInit:  - supports HTTP deflate (compression) using libz 1.2.8
LogInit:  - other features:
LogInit:      CURL_VERSION_SSL
LogInit:      CURL_VERSION_LIBZ
LogInit:      CURL_VERSION_IPV6
LogInit:      CURL_VERSION_ASYNCHDNS
LogInit:      CURL_VERSION_LARGEFILE
LogInit:      CURL_VERSION_IDN
LogInit:  CurlRequestOptions (configurable via config and command line):
LogInit:  - bVerifyPeer = false  - Libcurl will NOT verify peer certificate
LogInit:  - bUseHttpProxy = false  - Libcurl will NOT use HTTP proxy
LogInit:  - bDontReuseConnections = false  - Libcurl will reuse connections
LogInit:  - CertBundlePath = nullptr  - Libcurl will use whatever was configured at build time.
LogInit:  - MaxHostConnections = 16  - Libcurl will limit the number of connections to a host
LogInit:  - LocalHostAddr = Default
LogInit:  - BufferSize = 65536
LogInit: WinSock: version 1.1 (2.2), MaxSocks=32767, MaxUdp=65467
LogInit: Build: ++UE4+Release-4.20-CL-4369336
LogInit: Engine Version: 4.20.3-4369336+++UE4+Release-4.20
LogInit: Compatible Engine Version: 4.20.0-4212847+++UE4+Release-4.20
LogInit: Net CL: 4212847
LogInit: OS: Windows 10 (), CPU: Intel(R) Core(TM) i7-6700HQ CPU @ 2.60GHz, GPU: Intel(R) HD Graphics 530
LogInit: Compiled (64-bit): Sep 17 2018 12:26:19
LogInit: Compiled with Visual C++: 19.13.26129.00
LogInit: Build Configuration: Development
LogInit: Branch Name: ++UE4+Release-4.20
LogInit: Command Line: 
LogInit: Base Directory: C:/Program Files/Epic Games/UE_4.20/Engine/Binaries/Win64/
LogInit: Installed Engine Build: 1
LogDevObjectVersion: Number of dev versions registered: 20
LogDevObjectVersion:   Dev-Blueprints (B0D832E4-1F89-4F0D-ACCF-7EB736FD4AA2): 10
LogDevObjectVersion:   Dev-Build (E1C64328-A22C-4D53-A36C-8E866417BD8C): 0
LogDevObjectVersion:   Dev-Core (375EC13C-06E4-48FB-B500-84F0262A717E): 2
LogDevObjectVersion:   Dev-Editor (E4B068ED-F494-42E9-A231-DA0B2E46BB41): 24
LogDevObjectVersion:   Dev-Framework (CFFC743F-43B0-4480-9391-14DF171D2073): 34
LogDevObjectVersion:   Dev-Mobile (B02B49B5-BB20-44E9-A304-32B752E40360): 2
LogDevObjectVersion:   Dev-Networking (A4E4105C-59A1-49B5-A7C5-40C4547EDFEE): 0
LogDevObjectVersion:   Dev-Online (39C831C9-5AE6-47DC-9A44-9C173E1C8E7C): 0
LogDevObjectVersion:   Dev-Physics (78F01B33-EBEA-4F98-B9B4-84EACCB95AA2): 0
LogDevObjectVersion:   Dev-Platform (6631380F-2D4D-43E0-8009-CF276956A95A): 0
LogDevObjectVersion:   Dev-Rendering (12F88B9F-8875-4AFC-A67C-D90C383ABD29): 26
LogDevObjectVersion:   Dev-Sequencer (7B5AE74C-D270-4C10-A958-57980B212A5A): 9
LogDevObjectVersion:   Dev-VR (D7296918-1DD6-4BDD-9DE2-64A83CC13884): 2
LogDevObjectVersion:   Dev-LoadTimes (C2A15278-BFE7-4AFE-6C17-90FF531DF755): 1
LogDevObjectVersion:   Private-Geometry (6EACA3D4-40EC-4CC1-B786-8BED09428FC5): 3
LogDevObjectVersion:   Dev-AnimPhys (29E575DD-E0A3-4627-9D10-D276232CDCEA): 17
LogDevObjectVersion:   Dev-ReflectionCapture (6B266CEC-1EC7-4B8F-A30B-E4D90942FC07): 1
LogDevObjectVersion:   Dev-Automation (0DF73D61-A23F-47EA-B727-89E90C41499A): 1
LogDevObjectVersion:   FortniteMain (601D1886-AC64-4F84-AA16-D3DE0DEAC7D6): 12
LogDevObjectVersion:   Dev-Enterprise (9DFFBCD6-494F-0158-E221-12823C92A888): 1
LogStreaming: Display: Took  0.003s to delete old logs.
LogInit: Presizing for max 8388607 objects, including 0 objects not considered by GC, pre-allocating 0 bytes for permanent pool.
LogInit: Object subsystem initialized
[2018.11.28-13.00.33:482][  0]LogInit: Selected Device Profile: [Windows]
[2018.11.28-13.00.33:482][  0]LogInit: Applying CVar settings loaded from the selected device profile: [Windows]
[2018.11.28-13.00.33:498][  0]LogHAL: Display: Platform has ~ 16 GB [17066762240 / 17179869184 / 16], which maps to Larger [LargestMinGB=32, LargerMinGB=12, DefaultMinGB=8, SmallerMinGB=6, SmallestMinGB=0)
[2018.11.28-13.00.33:498][  0]LogInit: Setting Device Profile CVar: [[r.Vulkan.UseRealUBs:1]]
[2018.11.28-13.00.33:498][  0]LogInit: Going up to parent DeviceProfile []
[2018.11.28-13.00.33:498][  0]LogInit: Computer: RAZER-BLADE
[2018.11.28-13.00.33:498][  0]LogInit: User: alexi
[2018.11.28-13.00.33:498][  0]LogInit: CPU Page size=4096, Cores=4
[2018.11.28-13.00.33:498][  0]LogInit: High frequency timer resolution =2.531249 MHz
[2018.11.28-13.00.33:498][  0]LogMemory: Memory total: Physical=15.9GB (16GB approx)
[2018.11.28-13.00.33:498][  0]LogMemory: Platform Memory Stats for Windows
[2018.11.28-13.00.33:498][  0]LogMemory: Process Physical Memory: 100.93 MB used, 100.93 MB peak
[2018.11.28-13.00.33:499][  0]LogMemory: Process Virtual Memory: 89.59 MB used, 89.59 MB peak
[2018.11.28-13.00.33:499][  0]LogMemory: Physical Memory: 6597.01 MB used,  9679.12 MB free, 16276.13 MB total
[2018.11.28-13.00.33:499][  0]LogMemory: Virtual Memory: 4643.41 MB used,  9679.12 MB free, 134217728.00 MB total
[2018.11.28-13.00.33:518][  0]LogInit: Using OS detected language (fr-FR).
[2018.11.28-13.00.33:518][  0]LogInit: Using OS detected locale (fr-FR).
[2018.11.28-13.00.33:518][  0]LogTextLocalizationManager: No specific localization for 'fr-FR' exists, so the 'fr' localization will be used.
[2018.11.28-13.00.33:520][  0]LogStreaming: Display: Took  0.003s to InitEngineTextLocalization.
[2018.11.28-13.00.33:521][  0]LogInit: Setting process to per monitor DPI aware
[2018.11.28-13.00.33:574][  0]LogSlate: New Slate User Created.  User Index 0, Is Virtual User: 0
[2018.11.28-13.00.33:574][  0]LogSlate: Slate User Registered.  User Index 0, Is Virtual User: 0
[2018.11.28-13.00.33:793][  0]LogHMD: Failed to initialize OpenVR with code 101
[2018.11.28-13.00.33:793][  0]LogD3D11RHI: D3D11 adapters:
[2018.11.28-13.00.33:863][  0]LogD3D11RHI:    0. 'NVIDIA GeForce GTX 1060' (Feature Level 11_0)
[2018.11.28-13.00.33:863][  0]LogD3D11RHI:       6061/0/8138 MB DedicatedVideo/DedicatedSystem/SharedSystem, Outputs:1, VendorId:0x10de
[2018.11.28-13.00.33:876][  0]LogD3D11RHI:    1. 'Intel(R) HD Graphics 530' (Feature Level 11_0)
[2018.11.28-13.00.33:876][  0]LogD3D11RHI:       128/0/8138 MB DedicatedVideo/DedicatedSystem/SharedSystem, Outputs:0, VendorId:0x8086
[2018.11.28-13.00.33:878][  0]LogD3D11RHI:    2. 'Microsoft Basic Render Driver' (Feature Level 11_0)
[2018.11.28-13.00.33:878][  0]LogD3D11RHI:       0/0/8138 MB DedicatedVideo/DedicatedSystem/SharedSystem, Outputs:0, VendorId:0x1414
[2018.11.28-13.00.33:878][  0]LogD3D11RHI: Chosen D3D11 Adapter: 0
[2018.11.28-13.00.33:897][  0]LogD3D11RHI: Creating new Direct3DDevice
[2018.11.28-13.00.33:897][  0]LogD3D11RHI:     GPU DeviceId: 0x1c20 (for the marketing name, search the web for "GPU Device Id")
[2018.11.28-13.00.33:897][  0]LogWindows: EnumDisplayDevices:
[2018.11.28-13.00.33:897][  0]LogWindows:    0. 'Intel(R) HD Graphics 530' (P:1 D:1)
[2018.11.28-13.00.33:898][  0]LogWindows:    1. 'Intel(R) HD Graphics 530' (P:0 D:0)
[2018.11.28-13.00.33:898][  0]LogWindows:    2. 'Intel(R) HD Graphics 530' (P:0 D:0)
[2018.11.28-13.00.33:898][  0]LogWindows:    3. 'NVIDIA GeForce GTX 1060' (P:0 D:0)
[2018.11.28-13.00.33:898][  0]LogWindows: DebugString: PrimaryIsNotTheChoosenAdapter PrimaryIsNotTheChoosenAdapter PrimaryIsNotTheChoosenAdapter 
[2018.11.28-13.00.33:898][  0]LogD3D11RHI:     Adapter Name: NVIDIA GeForce GTX 1060
[2018.11.28-13.00.33:898][  0]LogD3D11RHI:   Driver Version: 388.73 (internal:23.21.13.8873, unified:388.73)
[2018.11.28-13.00.33:898][  0]LogD3D11RHI:      Driver Date: 12-18-2017
[2018.11.28-13.00.33:898][  0]LogRHI: Texture pool is 4242 MB (70% of 6061 MB)
[2018.11.28-13.00.33:939][  0]LogD3D11RHI: Async texture creation enabled
[2018.11.28-13.00.33:981][  0]LogD3D11RHI: GPU Timing Frequency: 1000.000000 (Debug: 2 1)
[2018.11.28-13.00.33:982][  0]LogShaderCompilers: Guid format shader working directory is -18 characters bigger than the processId version (../../../../../../Users/alexi/Unreal Engine/-UE4-Code-Spaceship/Intermediate/Shaders/WorkingDirectory/11652/).
[2018.11.28-13.00.33:982][  0]LogShaderCompilers: Cleaned the shader compiler working directory 'C:/Users/alexi/AppData/Local/Temp/UnrealShaderWorkingDir/311E41D944A59A295F4E38BC60898BC9/'.
[2018.11.28-13.00.34:279][  0]LogTemp: Display: Loaded TP AllDesktopTargetPlatform
[2018.11.28-13.00.34:294][  0]LogTemp: Display: Loaded TP MacClientTargetPlatform
[2018.11.28-13.00.34:310][  0]LogTemp: Display: Loaded TP MacNoEditorTargetPlatform
[2018.11.28-13.00.34:324][  0]LogTemp: Display: Loaded TP MacServerTargetPlatform
[2018.11.28-13.00.34:339][  0]LogTemp: Display: Loaded TP MacTargetPlatform
[2018.11.28-13.00.34:355][  0]LogTemp: Display: Loaded TP WindowsClientTargetPlatform
[2018.11.28-13.00.34:370][  0]LogTemp: Display: Loaded TP WindowsNoEditorTargetPlatform
[2018.11.28-13.00.34:385][  0]LogTemp: Display: Loaded TP WindowsServerTargetPlatform
[2018.11.28-13.00.34:393][  0]LogTemp: Display: Loaded TP WindowsTargetPlatform
[2018.11.28-13.00.34:497][  0]LogTemp: Display: Loaded TP AndroidTargetPlatform
[2018.11.28-13.00.34:497][  0]LogTemp: Display: Loaded TP AndroidTargetPlatform
[2018.11.28-13.00.34:497][  0]LogTemp: Display: Loaded TP AndroidTargetPlatform
[2018.11.28-13.00.34:497][  0]LogTemp: Display: Loaded TP AndroidTargetPlatform
[2018.11.28-13.00.34:497][  0]LogTemp: Display: Loaded TP AndroidTargetPlatform
[2018.11.28-13.00.34:497][  0]LogTemp: Display: Loaded TP AndroidTargetPlatform
[2018.11.28-13.00.34:497][  0]LogTemp: Display: Loaded TP AndroidTargetPlatform
[2018.11.28-13.00.34:497][  0]LogTemp: Display: Loaded TP AndroidTargetPlatform
[2018.11.28-13.00.34:497][  0]LogTemp: Display: Loaded TP AndroidTargetPlatform
[2018.11.28-13.00.34:497][  0]LogTemp: Display: Loaded TP AndroidTargetPlatform
[2018.11.28-13.00.34:497][  0]LogTemp: Display: Loaded TP AndroidTargetPlatform
[2018.11.28-13.00.34:497][  0]LogTemp: Display: Loaded TP AndroidTargetPlatform
[2018.11.28-13.00.34:497][  0]LogTemp: Display: Loaded TP AndroidTargetPlatform
[2018.11.28-13.00.34:497][  0]LogTemp: Display: Loaded TP AndroidTargetPlatform
[2018.11.28-13.00.34:497][  0]LogTemp: Display: Loaded TP AndroidTargetPlatform
[2018.11.28-13.00.34:497][  0]LogTemp: Display: Loaded TP AndroidTargetPlatform
[2018.11.28-13.00.34:497][  0]LogTemp: Display: Loaded TP AndroidTargetPlatform
[2018.11.28-13.00.34:497][  0]LogTemp: Display: Loaded TP AndroidTargetPlatform
[2018.11.28-13.00.34:498][  0]LogTemp: Display: Loaded TP HTML5TargetPlatform
[2018.11.28-13.00.34:562][  0]LogTemp: Display: Loaded TP IOSTargetPlatform
[2018.11.28-13.00.34:562][  0]LogTemp: Display: Loaded TP IOSTargetPlatform
[2018.11.28-13.00.34:590][  0]LogTemp: Display: Loaded TP TVOSTargetPlatform
[2018.11.28-13.00.34:590][  0]LogTemp: Display: Loaded TP TVOSTargetPlatform
[2018.11.28-13.00.34:603][  0]LogTemp: Display: Loaded TP LinuxClientTargetPlatform
[2018.11.28-13.00.34:621][  0]LogTemp: Display: Loaded TP LinuxNoEditorTargetPlatform
[2018.11.28-13.00.34:635][  0]LogTemp: Display: Loaded TP LinuxServerTargetPlatform
[2018.11.28-13.00.34:649][  0]LogTemp: Display: Loaded TP LinuxTargetPlatform
[2018.11.28-13.00.34:659][  0]LogTemp: Display: Loaded TP LuminTargetPlatform
[2018.11.28-13.00.34:659][  0]LogTargetPlatformManager: Display: Building Assets For Windows
[2018.11.28-13.00.34:716][  0]LogXGEController: Cleaning working directory: C:/Users/alexi/AppData/Local/Temp/UnrealXGEWorkingDir/
[2018.11.28-13.00.34:716][  0]LogXGEController: Cannot use XGE Controller as Incredibuild is not installed on this machine.
[2018.11.28-13.00.34:716][  0]LogShaderCompilers: Cannot use XGE Shader Compiler as Incredibuild is not installed on this machine.
[2018.11.28-13.00.34:716][  0]LogShaderCompilers: Display: Using Local Shader Compiler.
[2018.11.28-13.00.35:525][  0]LogDerivedDataCache: Display: Max Cache Size: 512 MB
[2018.11.28-13.00.35:580][  0]LogDerivedDataCache: Loaded boot cache 0.05s 71MB C:/Users/alexi/AppData/Local/UnrealEngine/4.20/DerivedDataCache/Boot.ddc.
[2018.11.28-13.00.35:580][  0]LogDerivedDataCache: Display: Loaded Boot cache: C:/Users/alexi/AppData/Local/UnrealEngine/4.20/DerivedDataCache/Boot.ddc
[2018.11.28-13.00.35:581][  0]LogDerivedDataCache: FDerivedDataBackendGraph:  Pak pak cache file ../../../../../../Users/alexi/Unreal Engine/-UE4-Code-Spaceship/DerivedDataCache/DDC.ddp not found, will not use a pak cache.
[2018.11.28-13.00.35:581][  0]LogDerivedDataCache: Unable to find inner node Pak for hierarchical cache Hierarchy.
[2018.11.28-13.00.35:581][  0]LogDerivedDataCache: FDerivedDataBackendGraph:  CompressedPak pak cache file ../../../../../../Users/alexi/Unreal Engine/-UE4-Code-Spaceship/DerivedDataCache/Compressed.ddp not found, will not use a pak cache.
[2018.11.28-13.00.35:581][  0]LogDerivedDataCache: Unable to find inner node CompressedPak for hierarchical cache Hierarchy.
[2018.11.28-13.00.35:594][  0]LogDerivedDataCache: Display: Pak cache opened for reading ../../../Engine/DerivedDataCache/Compressed.ddp.
[2018.11.28-13.00.35:607][  0]LogDerivedDataCache: Using Local data cache path C:/Users/alexi/AppData/Local/UnrealEngine/Common/DerivedDataCache: Writable
[2018.11.28-13.00.35:607][  0]LogDerivedDataCache: Shared data cache path not found in *engine.ini, will not use an Shared cache.
[2018.11.28-13.00.35:607][  0]LogDerivedDataCache: Unable to find inner node Shared for hierarchical cache Hierarchy.
[2018.11.28-13.00.35:626][  0]LogMaterial: Verifying Global Shaders for PCD3D_SM5
[2018.11.28-13.00.35:628][  0]LogSlate: Using FreeType 2.6.0
[2018.11.28-13.00.35:629][  0]LogSlate: SlateFontServices - WITH_FREETYPE: 1, WITH_HARFBUZZ: 1
[2018.11.28-13.00.35:709][  0]LogAssetRegistry: FAssetRegistry took 0.0266 seconds to start up
[2018.11.28-13.00.36:052][  0]LogInit: Selected Device Profile: [Windows]
[2018.11.28-13.00.36:117][  0]LogSimplygon: Simplygon DLL not present - disabling.
[2018.11.28-13.00.36:121][  0]LogMeshReduction: Using SimplygonSwarm for distributed automatic mesh merging
[2018.11.28-13.00.36:121][  0]LogMeshReduction: Using ProxyLODMeshReduction for automatic mesh merging
[2018.11.28-13.00.36:121][  0]LogMeshReduction: Using QuadricMeshReduction for automatic static mesh reduction
[2018.11.28-13.00.36:121][  0]LogMeshReduction: No automatic skeletal mesh reduction module available
[2018.11.28-13.00.36:226][  0]LogNetVersion: ProjectShip 1.0.0, NetCL: 4212847, EngineNetVer: 5, GameNetVer: 0 (Checksum: 2633931975)
[2018.11.28-13.00.36:768][  0]LogPackageLocalizationCache: Processed 11 localized package path(s) for 2 prioritized culture(s) in 0.098355 seconds
[2018.11.28-13.00.36:777][  0]LogUObjectArray: 38425 objects as part of root set at end of initial load.
[2018.11.28-13.00.36:777][  0]LogUObjectAllocator: 6690864 out of 0 bytes used by permanent object pool.
[2018.11.28-13.00.36:777][  0]LogUObjectArray: CloseDisregardForGC: 0/0 objects in disregard for GC pool
[2018.11.28-13.00.37:672][  0]LogTcpMessaging: Initializing TcpMessaging bridge
[2018.11.28-13.00.37:686][  0]LogUdpMessaging: Initializing bridge on interface 0.0.0.0:0 to multicast group 230.0.0.1:6666.
[2018.11.28-13.00.37:833][  0]SourceControl: Source control is disabled
[2018.11.28-13.00.37:833][  0]SourceControl: Source control is disabled
[2018.11.28-13.00.37:834][  0]SourceControl: Source control is disabled
[2018.11.28-13.00.37:835][  0]SourceControl: Source control is disabled
[2018.11.28-13.00.37:996][  0]LogAndroidPermission: UAndroidPermissionCallbackProxy::GetInstance
[2018.11.28-13.00.38:112][  0]LogOcInput: OculusInput pre-init called
[2018.11.28-13.00.38:179][  0]LogEngine: Initializing Engine...
[2018.11.28-13.00.38:180][  0]LogHMD: Failed to initialize OpenVR with code 101
[2018.11.28-13.00.38:182][  0]LogStats: UGameplayTagsManager::ConstructGameplayTagTree: ImportINI prefixes -  0.000 s
[2018.11.28-13.00.38:182][  0]LogStats: UGameplayTagsManager::ConstructGameplayTagTree: Construct from data asset -  0.000 s
[2018.11.28-13.00.38:182][  0]LogStats: UGameplayTagsManager::ConstructGameplayTagTree: ImportINI -  0.000 s
[2018.11.28-13.00.38:182][  0]LogStats: UGameplayTagsManager::ConstructGameplayTagTree: GameplayTagTreeChangedEvent.Broadcast -  0.000 s
[2018.11.28-13.00.38:426][  0]LogInit: Initializing FReadOnlyCVARCache
[2018.11.28-13.00.38:439][  0]LogAIModule: Creating AISystem for world Untitled
[2018.11.28-13.00.38:467][  0]LogInit: XAudio2 using 'Speakers (Realtek High Definition Audio)' : 2 channels at 48 kHz using 32 bits per sample (channel mask 0x3)
[2018.11.28-13.00.38:527][  0]LogInit: FAudioDevice initialized.
[2018.11.28-13.00.38:527][  0]LogNetVersion: Set ProjectVersion to 1.0.0.0. Version Checksum will be recalculated on next use.
[2018.11.28-13.00.38:578][  0]LogDerivedDataCache: Saved boot cache 0.05s 71MB C:/Users/alexi/AppData/Local/UnrealEngine/4.20/DerivedDataCache/Boot.ddc.
[2018.11.28-13.00.38:595][  0]LogInit: Texture streaming: Enabled
[2018.11.28-13.00.38:611][  0]LogEngineSessionManager: EngineSessionManager initialized
[2018.11.28-13.00.38:611][  0]LogEngineSessionManager: EngineSessionManager sent abnormal shutdown report. Type=Crashed, SessionId={1998E767-4563-2CE2-3E41-60AA5F1018A9}
[2018.11.28-13.00.38:624][  0]LogInit: Transaction tracking system initialized
[2018.11.28-13.00.38:645][  0]BlueprintLog: New page: Editor Load
[2018.11.28-13.00.38:718][  0]LocalizationService: Localization service is disabled
[2018.11.28-13.00.38:986][  0]LogCook: Display: Max memory allowance for cook 16384mb min free memory 0mb
[2018.11.28-13.00.38:986][  0]LogCook: Display: Mobile HDR setting 1
[2018.11.28-13.00.38:986][  0]LogGameplayTags: Display: UGameplayTagsManager::DoneAddingNativeTags. DelegateIsBound: 0
[2018.11.28-13.00.38:986][  0]LogStats: UGameplayTagsManager::ConstructGameplayTagTree: ImportINI prefixes -  0.000 s
[2018.11.28-13.00.38:986][  0]LogStats: UGameplayTagsManager::ConstructGameplayTagTree: Construct from data asset -  0.000 s
[2018.11.28-13.00.38:986][  0]LogStats: UGameplayTagsManager::ConstructGameplayTagTree: ImportINI -  0.000 s
[2018.11.28-13.00.38:986][  0]LogStats: UGameplayTagsManager::ConstructGameplayTagTree: GameplayTagTreeChangedEvent.Broadcast -  0.000 s
[2018.11.28-13.00.39:108][  0]LogFileCache: Scanning file cache for directory 'C:/Users/alexi/Unreal Engine/-UE4-Code-Spaceship/Content/' took 0.02s
[2018.11.28-13.00.39:108][  0]SourceControl: Source control is disabled
[2018.11.28-13.00.39:108][  0]Cmd: MAP LOAD FILE="../../../../../../Users/alexi/Unreal Engine/-UE4-Code-Spaceship/Content/Scene/Test.umap" TEMPLATE=0 SHOWPROGRESS=1 FEATURELEVEL=3
[2018.11.28-13.00.39:109][  0]LightingResults: New page: Lighting Build
[2018.11.28-13.00.39:111][  0]MapCheck: New page: Map Check
[2018.11.28-13.00.39:111][  0]LightingResults: New page: Lighting Build
[2018.11.28-13.00.39:324][  0]LogBlueprint: Error: [Compiler ThirdPersonCharacter] This blueprint (self) is not a Controller, therefore ' Target ' must have a connection.
[2018.11.28-13.00.39:327][  0]LogBlueprint: Warning: [Compiler ThirdPersonCharacter] [0007,43] Compile of ThirdPersonCharacter failed. 1 Fatal Issue(s) 0 Warning(s) [in 10 ms] (/Game/ThirdPersonBP/Blueprints/ThirdPersonCharacter.ThirdPersonCharacter)
[2018.11.28-13.00.40:198][  0]LogAIModule: Creating AISystem for world Test
[2018.11.28-13.00.40:209][  0]LogEditorServer: Finished looking for orphan Actors (0.000 secs)
[2018.11.28-13.00.40:235][  0]Cmd: MAP CHECKDEP NOCLEARLOG
[2018.11.28-13.00.40:319][  0]MapCheck: Map check complete: 0 Error(s), 0 Warning(s), took 83,646ms to complete.
[2018.11.28-13.00.40:319][  0]LogFileHelpers: Loading map 'Test' took 1.211
[2018.11.28-13.00.40:445][  0]LogSlate: Updating window title bar state: overlay mode, drag disabled, window buttons hidden, title bar hidden
[2018.11.28-13.00.40:453][  0]LogSlate: Updating window title bar state: overlay mode, drag disabled, window buttons hidden, title bar hidden
[2018.11.28-13.00.40:462][  0]LogSlate: Updating window title bar state: overlay mode, drag disabled, window buttons hidden, title bar hidden
[2018.11.28-13.00.40:470][  0]LogSlate: Updating window title bar state: overlay mode, drag disabled, window buttons hidden, title bar hidden
[2018.11.28-13.00.40:476][  0]LogCollectionManager: Loaded 0 collections in 0.001564 seconds
[2018.11.28-13.00.40:519][  0]LogFileCache: Scanning file cache for directory 'C:/Users/alexi/Unreal Engine/-UE4-Code-Spaceship/Saved/Collections/' took 0.01s
[2018.11.28-13.00.40:519][  0]LogFileCache: Scanning file cache for directory 'C:/Users/alexi/Unreal Engine/-UE4-Code-Spaceship/Content/Developers/alexi/Collections/' took 0.01s
[2018.11.28-13.00.40:519][  0]LogFileCache: Scanning file cache for directory 'C:/Users/alexi/Unreal Engine/-UE4-Code-Spaceship/Content/Collections/' took 0.01s
[2018.11.28-13.00.40:519][  0]LogCollectionManager: Rebuilt the GUID cache for 0 collections in 0.000000 seconds
[2018.11.28-13.00.40:530][  0]LogContentBrowser: Native class hierarchy populated in 0.0106 seconds. Added 2572 classes and 603 folders.
[2018.11.28-13.00.40:537][  0]LogContentBrowser: Native class hierarchy updated for 'WidgetCarousel' in 0.0002 seconds. Added 0 classes and 0 folders.
[2018.11.28-13.00.40:578][  0]LogContentBrowser: Native class hierarchy updated for 'AddContentDialog' in 0.0002 seconds. Added 0 classes and 0 folders.
[2018.11.28-13.00.40:582][  0]LogContentBrowser: Native class hierarchy updated for 'SceneOutliner' in 0.0002 seconds. Added 1 classes and 2 folders.
[2018.11.28-13.00.41:710][  0]LogSlate: Only BGRA pngs, bmps or icos are supported in by External Image Picker
[2018.11.28-13.00.41:755][  0]LogSlate: Took 0.000497 seconds to synchronously load lazily loaded font '../../../Engine/Content/Slate/Fonts/Roboto-Regular.ttf' (155K)
[2018.11.28-13.00.41:759][  0]LogSlate: Took 0.000426 seconds to synchronously load lazily loaded font '../../../Engine/Content/Slate/Fonts/Roboto-Bold.ttf' (160K)
[2018.11.28-13.00.41:778][  0]LogTemp: Executing iPhonePackager certificates Engine -bundlename com.YourCompany.ProjectShip
[2018.11.28-13.00.41:778][  0]LogTemp: CWD: C:\Program Files\Epic Games\UE_4.20\Engine\Binaries\DotNET\IOS
[2018.11.28-13.00.41:778][  0]LogTemp: Initial Dir: C:\Program Files\Epic Games\UE_4.20
[2018.11.28-13.00.41:778][  0]LogTemp: Env CWD: C:\Program Files\Epic Games\UE_4.20\Engine\Binaries\DotNET\IOS
[2018.11.28-13.00.41:778][  0]LogTemp: BranchPath = RAZER-BLADE/C/Program Files/Epic Games/UE_4.20/Engine/Binaries --- GameBranchPath = RAZER-BLADE/C/Program Files/Epic Games/UE_4.20/Engine/Binaries
[2018.11.28-13.00.41:778][  0]LogSlate: Took 0.001587 seconds to synchronously load lazily loaded font '../../../Engine/Content/Editor/Slate/Fonts/FontAwesome.ttf' (139K)
[2018.11.28-13.00.41:928][  0]LogTemp: IPP ERROR: Could not find provision directory 'C:\Users\alexi\AppData\Local/Apple Computer/MobileDevice/Provisioning Profiles/'.
[2018.11.28-13.00.41:928][  0]LogRenderer: Reallocating scene render targets to support 1152x608 Format 10 NumSamples 1 (Frame:1).
[2018.11.28-13.00.42:117][  0]LogContentBrowser: Native class hierarchy updated for 'HierarchicalLODOutliner' in 0.0002 seconds. Added 0 classes and 0 folders.
[2018.11.28-13.00.42:118][  0]LogLoad: (Engine Initialization) Total time: 10.22 seconds
[2018.11.28-13.00.42:118][  0]LogLoad: (Engine Initialization) Total Blueprint compile time: 0.00 seconds
[2018.11.28-13.00.42:128][  0]LogWindowsTextInputMethodSystem: Display: IME system now deactivated.
[2018.11.28-13.00.42:157][  0]LogContentStreaming: Texture pool size now 1000 MB
[2018.11.28-13.00.42:274][  1]LogAssetRegistry: Asset discovery search completed in 6.5869 seconds
[2018.11.28-13.00.42:276][  1]LogCollectionManager: Rebuilt the object cache for 0 collections in 0.000000 seconds (found 0 objects)
[2018.11.28-13.00.42:276][  1]LogCollectionManager: Fixed up redirectors for 0 collections in 0.000068 seconds (updated 0 objects)
[2018.11.28-13.00.43:157][ 54]LogSlate: Took 0.000229 seconds to synchronously load lazily loaded font '../../../Engine/Content/Slate/Fonts/Roboto-Light.ttf' (167K)
[2018.11.28-13.00.44:983][208]LogSlate: FSceneViewport::OnFocusLost() reason 0
[2018.11.28-13.00.47:149][394]LogAssetEditorManager: Opening Asset editor for Blueprint /Game/Blueprint/SpaceShip.SpaceShip
[2018.11.28-13.00.47:725][394]LogContentBrowser: Native class hierarchy updated for 'BlueprintGraph' in 0.0006 seconds. Added 116 classes and 0 folders.
[2018.11.28-13.00.48:601][394]LogSlate: Took 0.000179 seconds to synchronously load lazily loaded font '../../../Engine/Content/Slate/Fonts/Roboto-BoldCondensed.ttf' (158K)
[2018.11.28-13.00.48:888][395]LogSlate: Took 0.000786 seconds to synchronously load lazily loaded font '../../../Engine/Content/Slate/Fonts/Roboto-Italic.ttf' (157K)
[2018.11.28-13.00.50:862][466]LogSlate: Window 'SpaceShip' being destroyed
[2018.11.28-13.00.52:023][530]LogSlate: Window 'SpaceShip' being destroyed
[2018.11.28-13.00.53:025][573]LogAssetEditorManager: Opening Asset editor for Blueprint /Game/ThirdPersonBP/Blueprints/ThirdPersonCharacter.ThirdPersonCharacter
[2018.11.28-13.01.00:658][187]LogSlate: Took 0.000200 seconds to synchronously load lazily loaded font '../../../Engine/Content/Slate/Fonts/Roboto-BoldCondensedItalic.ttf' (160K)
[2018.11.28-13.01.08:179][846]BlueprintLog: New page: Compile ThirdPersonCharacter
[2018.11.28-13.01.08:231][846]LogBlueprint: Error: [Compiler ThirdPersonCharacter] This blueprint (self) is not a Controller, therefore ' Target ' must have a connection.
[2018.11.28-13.01.08:415][846]LogScript: Warning: Accessed None trying to read property CurrentHud
	SpaceShip_C /Engine/Transient.World_3:PersistentLevel.SpaceShip_C_0
	Function /Game/Blueprint/SpaceShip.SpaceShip_C:HideHud:000D
[2018.11.28-13.01.08:415][846]LogScript: Warning: Accessed None trying to read property CurrentHud
	SpaceShip_C /Engine/Transient.World_3:PersistentLevel.SpaceShip_C_0
	Function /Game/Blueprint/SpaceShip.SpaceShip_C:HideHud:000D
[2018.11.28-13.01.08:415][846]LogScript: Warning: Accessed None trying to read property CurrentHud
	SpaceShip_C /Engine/Transient.World_3:PersistentLevel.SpaceShip_C_0
	Function /Game/Blueprint/SpaceShip.SpaceShip_C:HideHud:000D
[2018.11.28-13.01.08:415][846]LogScript: Warning: Accessed None trying to read property CurrentHud
	SpaceShip_C /Engine/Transient.World_3:PersistentLevel.SpaceShip_C_0
	Function /Game/Blueprint/SpaceShip.SpaceShip_C:HideHud:000D
[2018.11.28-13.01.08:415][846]LogScript: Warning: Accessed None trying to read property CurrentHud
	SpaceShip_C /Engine/Transient.World_3:PersistentLevel.SpaceShip_C_0
	Function /Game/Blueprint/SpaceShip.SpaceShip_C:HideHud:000D
[2018.11.28-13.01.08:415][846]LogScript: Warning: Accessed None trying to read property CurrentHud
	SpaceShip_C /Engine/Transient.World_3:PersistentLevel.SpaceShip_C_0
	Function /Game/Blueprint/SpaceShip.SpaceShip_C:HideHud:000D
[2018.11.28-13.01.08:415][846]LogScript: Warning: Accessed None trying to read property CurrentHud
	SpaceShip_C /Engine/Transient.World_3:PersistentLevel.SpaceShip_C_0
	Function /Game/Blueprint/SpaceShip.SpaceShip_C:HideHud:000D
[2018.11.28-13.01.08:415][846]LogScript: Warning: Accessed None trying to read property CurrentHud
	SpaceShip_C /Engine/Transient.World_3:PersistentLevel.SpaceShip_C_0
	Function /Game/Blueprint/SpaceShip.SpaceShip_C:HideHud:000D
[2018.11.28-13.01.08:416][846]LogScript: Warning: Accessed None trying to read property CurrentHud
	SpaceShip_C /Engine/Transient.World_3:PersistentLevel.SpaceShip_C_0
	Function /Game/Blueprint/SpaceShip.SpaceShip_C:HideHud:000D
[2018.11.28-13.01.08:416][846]LogScript: Warning: Accessed None trying to read property CurrentHud
	SpaceShip_C /Engine/Transient.World_3:PersistentLevel.SpaceShip_C_0
	Function /Game/Blueprint/SpaceShip.SpaceShip_C:HideHud:000D
[2018.11.28-13.01.08:416][846]LogScript: Warning: Accessed None trying to read property CurrentHud
	SpaceShip_C /Engine/Transient.World_3:PersistentLevel.SpaceShip_C_0
	Function /Game/Blueprint/SpaceShip.SpaceShip_C:HideHud:000D
[2018.11.28-13.01.08:450][846]LogBlueprint: Warning: [Compiler ThirdPersonCharacter] [0036,55] Compile of ThirdPersonCharacter failed. 1 Fatal Issue(s) 0 Warning(s) [in 270 ms] (/Game/ThirdPersonBP/Blueprints/ThirdPersonCharacter.ThirdPersonCharacter)
[2018.11.28-13.01.20:794][981]BlueprintLog: New page: Compile ThirdPersonCharacter
[2018.11.28-13.01.20:828][981]LogBlueprint: Error: [Compiler ThirdPersonCharacter] This blueprint (self) is not a Controller, therefore ' Target ' must have a connection.
[2018.11.28-13.01.21:022][981]LogBlueprint: Warning: [Compiler ThirdPersonCharacter] [0049,13] Compile of ThirdPersonCharacter failed. 1 Fatal Issue(s) 0 Warning(s) [in 228 ms] (/Game/ThirdPersonBP/Blueprints/ThirdPersonCharacter.ThirdPersonCharacter)
[2018.11.28-13.01.29:547][807]BlueprintLog: New page: Compile ThirdPersonCharacter
[2018.11.28-13.01.56:226][292]BlueprintLog: New page: Compile ThirdPersonCharacter
[2018.11.28-13.02.05:145][115]BlueprintLog: New page: Compile ThirdPersonCharacter
[2018.11.28-13.02.10:699][573]BlueprintLog: New page: Compile ThirdPersonCharacter
[2018.11.28-13.02.30:830][426]BlueprintLog: New page: Compile ThirdPersonCharacter
[2018.11.28-13.02.53:368][492]BlueprintLog: New page: Compile ThirdPersonCharacter
[2018.11.28-13.02.59:061][972]BlueprintLog: New page: Compile ThirdPersonCharacter
[2018.11.28-13.02.59:100][972]LogClass: Warning: Type mismatch in NewVar_0 of ThirdPersonCharacter_C - Previous (ObjectProperty) Current(ArrayProperty) for package:  FObjectReader
[2018.11.28-13.03.16:355][433]BlueprintLog: New page: Compile ThirdPersonCharacter
[2018.11.28-13.03.16:395][433]LogClass: Warning: Type mismatch in NewVar_0 of ThirdPersonCharacter_C - Previous (ArrayProperty) Current(ObjectProperty) for package:  FObjectReader
[2018.11.28-13.04.08:478][583]BlueprintLog: New page: Compile ThirdPersonCharacter
[2018.11.28-13.04.13:474][ 19]LogSavePackage: Moving '../../../../../../Users/alexi/Unreal Engine/-UE4-Code-Spaceship/Saved/ThirdPersonCharacter72A8E46A4CF1154AD5A00894DC0B3FB6.tmp' to '../../../../../../Users/alexi/Unreal Engine/-UE4-Code-Spaceship/Content/ThirdPersonBP/Blueprints/ThirdPersonCharacter.uasset'
[2018.11.28-13.04.18:069][307]LogSlate: Window 'Save Content' being destroyed
[2018.11.28-13.04.18:204][307]Cmd: OBJ SAVEPACKAGE PACKAGE="/Game/Scene/Test" FILE="../../../../../../Users/alexi/Unreal Engine/-UE4-Code-Spaceship/Content/Scene/Test.umap" SILENT=true AUTOSAVING=false KEEPDIRTY=false
[2018.11.28-13.04.18:434][307]LogSavePackage: Moving '../../../../../../Users/alexi/Unreal Engine/-UE4-Code-Spaceship/Saved/Test0FBFB0F04801E9216D2E32985A3B8611.tmp' to '../../../../../../Users/alexi/Unreal Engine/-UE4-Code-Spaceship/Content/Scene/Test.umap'
[2018.11.28-13.04.18:475][307]LogFileHelpers: Saving map 'Test' took 0.368
[2018.11.28-13.04.39:877][311]BlueprintLog: New page: Compile ThirdPersonCharacter
[2018.11.28-13.04.54:773][652]BlueprintLog: New page: Compile ThirdPersonCharacter
[2018.11.28-13.04.56:581][797]LogTemp: Repeating last play command: Selected Viewport
[2018.11.28-13.04.56:609][797]LogBlueprintUserMessages: Early PlayInEditor Detection: Level '/Game/Scene/Test.Test:PersistentLevel' has LevelScriptBlueprint '/Game/Scene/Test.Test:PersistentLevel.Test' with GeneratedClass '/Game/Scene/Test.Test_C' with ClassGeneratedBy '/Game/Scene/Test.Test:PersistentLevel.Test'
[2018.11.28-13.04.56:609][797]LogPlayLevel: PlayLevel: No blueprints needed recompiling
[2018.11.28-13.04.56:623][797]PIE: New page: PIE session: Test (28 nov. 2018 15:04:56)
[2018.11.28-13.04.56:623][797]LogPlayLevel: Creating play world package: /Game/Scene/UEDPIE_0_Test
[2018.11.28-13.04.56:635][797]LogPlayLevel: PIE: StaticDuplicateObject took: (0.011904s)
[2018.11.28-13.04.56:637][797]LogAIModule: Creating AISystem for world Test
[2018.11.28-13.04.56:637][797]LogPlayLevel: PIE: World Init took: (0.001810s)
[2018.11.28-13.04.56:637][797]LogPlayLevel: PIE: Created PIE world by copying editor world from /Game/Scene/Test.Test to /Game/Scene/UEDPIE_0_Test.Test (0.014064s)
[2018.11.28-13.04.56:679][797]LogInit: XAudio2 using 'Speakers (Realtek High Definition Audio)' : 2 channels at 48 kHz using 32 bits per sample (channel mask 0x3)
[2018.11.28-13.04.56:695][797]LogInit: FAudioDevice initialized.
[2018.11.28-13.04.56:706][797]LogSlate: Updating window title bar state: overlay mode, drag disabled, window buttons hidden, title bar hidden
[2018.11.28-13.04.56:816][797]LogLoad: Game class is 'ThirdPersonGameMode_C'
[2018.11.28-13.04.56:820][797]LogWorld: Bringing World /Game/Scene/UEDPIE_0_Test.Test up for play (max tick rate 0) at 2018.11.28-14.04.56
[2018.11.28-13.04.56:820][797]LogWorld: Bringing up level for play took: 0.001993
[2018.11.28-13.04.56:846][797]LogContentBrowser: Native class hierarchy updated for 'MovieSceneCapture' in 0.0004 seconds. Added 10 classes and 0 folders.
[2018.11.28-13.04.56:852][797]PIE: Play in editor start time for /Game/Scene/UEDPIE_0_Test 0,839
[2018.11.28-13.04.56:853][797]LogBlueprintUserMessages: Late PlayInEditor Detection: Level '/Game/Scene/Test.Test:PersistentLevel' has LevelScriptBlueprint '/Game/Scene/Test.Test:PersistentLevel.Test' with GeneratedClass '/Game/Scene/Test.Test_C' with ClassGeneratedBy '/Game/Scene/Test.Test:PersistentLevel.Test'
[2018.11.28-13.04.58:140][893]LogBlueprintUserMessages: [ThirdPersonCharacter_C_0] Action possible
[2018.11.28-13.05.07:385][463]LogBlueprintUserMessages: Early EndPlayMap Detection: Level '/Game/Scene/Test.Test:PersistentLevel' has LevelScriptBlueprint '/Game/Scene/Test.Test:PersistentLevel.Test' with GeneratedClass '/Game/Scene/Test.Test_C' with ClassGeneratedBy '/Game/Scene/Test.Test:PersistentLevel.Test'
[2018.11.28-13.05.07:385][463]LogSlate: Updating window title bar state: overlay mode, drag disabled, window buttons hidden, title bar hidden
[2018.11.28-13.05.07:415][463]LogSlate: Window 'ProjectShip Game Preview Standalone (64-bit/PCD3D_SM5)' being destroyed
[2018.11.28-13.05.07:461][463]LogPlayLevel: Display: Shutting down PIE online subsystems
[2018.11.28-13.05.07:461][463]LogBlueprintUserMessages: Late EndPlayMap Detection: Level '/Game/Scene/Test.Test:PersistentLevel' has LevelScriptBlueprint '/Game/Scene/Test.Test:PersistentLevel.Test' with GeneratedClass '/Game/Scene/Test.Test_C' with ClassGeneratedBy '/Game/Scene/Test.Test:PersistentLevel.Test'
[2018.11.28-13.05.07:522][464]LogPlayLevel: Display: Destroying online subsystem :Context_6
[2018.11.28-13.06.11:997][698]LogEditorTransaction: Undo Add Node
[2018.11.28-13.06.17:659][258]BlueprintLog: New page: Compile ThirdPersonCharacter
[2018.11.28-13.06.31:579][495]BlueprintLog: New page: Compile ThirdPersonCharacter
[2018.11.28-13.06.40:013][295]LogTemp: Repeating last play command: Selected Viewport
[2018.11.28-13.06.40:042][295]LogBlueprintUserMessages: Early PlayInEditor Detection: Level '/Game/Scene/Test.Test:PersistentLevel' has LevelScriptBlueprint '/Game/Scene/Test.Test:PersistentLevel.Test' with GeneratedClass '/Game/Scene/Test.Test_C' with ClassGeneratedBy '/Game/Scene/Test.Test:PersistentLevel.Test'
[2018.11.28-13.06.40:043][295]LogPlayLevel: PlayLevel: No blueprints needed recompiling
[2018.11.28-13.06.40:043][295]PIE: New page: PIE session: Test (28 nov. 2018 15:06:40)
[2018.11.28-13.06.40:043][295]LogPlayLevel: Creating play world package: /Game/Scene/UEDPIE_0_Test
[2018.11.28-13.06.40:055][295]LogPlayLevel: PIE: StaticDuplicateObject took: (0.012281s)
[2018.11.28-13.06.40:056][295]LogAIModule: Creating AISystem for world Test
[2018.11.28-13.06.40:057][295]LogPlayLevel: PIE: World Init took: (0.001249s)
[2018.11.28-13.06.40:057][295]LogPlayLevel: PIE: Created PIE world by copying editor world from /Game/Scene/Test.Test to /Game/Scene/UEDPIE_0_Test.Test (0.013797s)
[2018.11.28-13.06.40:102][295]LogInit: XAudio2 using 'Speakers (Realtek High Definition Audio)' : 2 channels at 48 kHz using 32 bits per sample (channel mask 0x3)
[2018.11.28-13.06.40:119][295]LogInit: FAudioDevice initialized.
[2018.11.28-13.06.40:129][295]LogSlate: Updating window title bar state: overlay mode, drag disabled, window buttons hidden, title bar hidden
[2018.11.28-13.06.40:212][295]LogLoad: Game class is 'ThirdPersonGameMode_C'
[2018.11.28-13.06.40:214][295]LogWorld: Bringing World /Game/Scene/UEDPIE_0_Test.Test up for play (max tick rate 0) at 2018.11.28-14.06.40
[2018.11.28-13.06.40:214][295]LogWorld: Bringing up level for play took: 0.001258
[2018.11.28-13.06.40:232][295]PIE: Play in editor start time for /Game/Scene/UEDPIE_0_Test 0,218
[2018.11.28-13.06.40:232][295]LogBlueprintUserMessages: Late PlayInEditor Detection: Level '/Game/Scene/Test.Test:PersistentLevel' has LevelScriptBlueprint '/Game/Scene/Test.Test:PersistentLevel.Test' with GeneratedClass '/Game/Scene/Test.Test_C' with ClassGeneratedBy '/Game/Scene/Test.Test:PersistentLevel.Test'
[2018.11.28-13.06.41:768][413]LogBlueprintUserMessages: [ThirdPersonCharacter_C_0] Action possible
[2018.11.28-13.06.46:098][674]LogBlueprintUserMessages: Early EndPlayMap Detection: Level '/Game/Scene/Test.Test:PersistentLevel' has LevelScriptBlueprint '/Game/Scene/Test.Test:PersistentLevel.Test' with GeneratedClass '/Game/Scene/Test.Test_C' with ClassGeneratedBy '/Game/Scene/Test.Test:PersistentLevel.Test'
[2018.11.28-13.06.46:099][674]LogSlate: Updating window title bar state: overlay mode, drag disabled, window buttons hidden, title bar hidden
[2018.11.28-13.06.46:129][674]LogSlate: Window 'ProjectShip Game Preview Standalone (64-bit/PCD3D_SM5)' being destroyed
[2018.11.28-13.06.46:173][674]LogPlayLevel: Display: Shutting down PIE online subsystems
[2018.11.28-13.06.46:173][674]LogBlueprintUserMessages: Late EndPlayMap Detection: Level '/Game/Scene/Test.Test:PersistentLevel' has LevelScriptBlueprint '/Game/Scene/Test.Test:PersistentLevel.Test' with GeneratedClass '/Game/Scene/Test.Test_C' with ClassGeneratedBy '/Game/Scene/Test.Test:PersistentLevel.Test'
[2018.11.28-13.06.46:237][675]LogPlayLevel: Display: Destroying online subsystem :Context_7
[2018.11.28-13.08.00:485][727]LogSlate: Prevented a slow task dialog from being summoned while a context menu was open
[2018.11.28-13.08.42:788][845]BlueprintLog: New page: Compile ThirdPersonCharacter
[2018.11.28-13.08.42:829][845]LogBlueprint: Error: [Compiler ThirdPersonCharacter] This blueprint (self) is not a Controller, therefore ' Target ' must have a connection.
[2018.11.28-13.08.43:089][845]LogBlueprint: Warning: [Compiler ThirdPersonCharacter] [0491,19] Compile of ThirdPersonCharacter failed. 1 Fatal Issue(s) 0 Warning(s) [in 299 ms] (/Game/ThirdPersonBP/Blueprints/ThirdPersonCharacter.ThirdPersonCharacter)
[2018.11.28-13.08.49:862][478]BlueprintLog: New page: Compile ThirdPersonCharacter
[2018.11.28-13.08.50:778][535]LogTemp: Repeating last play command: Selected Viewport
[2018.11.28-13.08.50:805][535]LogBlueprintUserMessages: Early PlayInEditor Detection: Level '/Game/Scene/Test.Test:PersistentLevel' has LevelScriptBlueprint '/Game/Scene/Test.Test:PersistentLevel.Test' with GeneratedClass '/Game/Scene/Test.Test_C' with ClassGeneratedBy '/Game/Scene/Test.Test:PersistentLevel.Test'
[2018.11.28-13.08.50:805][535]LogPlayLevel: PlayLevel: No blueprints needed recompiling
[2018.11.28-13.08.50:805][535]PIE: New page: PIE session: Test (28 nov. 2018 15:08:50)
[2018.11.28-13.08.50:805][535]LogPlayLevel: Creating play world package: /Game/Scene/UEDPIE_0_Test
[2018.11.28-13.08.50:817][535]LogPlayLevel: PIE: StaticDuplicateObject took: (0.012354s)
[2018.11.28-13.08.50:819][535]LogAIModule: Creating AISystem for world Test
[2018.11.28-13.08.50:820][535]LogPlayLevel: PIE: World Init took: (0.001958s)
[2018.11.28-13.08.50:820][535]LogPlayLevel: PIE: Created PIE world by copying editor world from /Game/Scene/Test.Test to /Game/Scene/UEDPIE_0_Test.Test (0.014560s)
[2018.11.28-13.08.50:864][535]LogInit: XAudio2 using 'Speakers (Realtek High Definition Audio)' : 2 channels at 48 kHz using 32 bits per sample (channel mask 0x3)
[2018.11.28-13.08.50:882][535]LogInit: FAudioDevice initialized.
[2018.11.28-13.08.50:896][535]LogSlate: Updating window title bar state: overlay mode, drag disabled, window buttons hidden, title bar hidden
[2018.11.28-13.08.50:987][535]LogLoad: Game class is 'ThirdPersonGameMode_C'
[2018.11.28-13.08.50:988][535]LogWorld: Bringing World /Game/Scene/UEDPIE_0_Test.Test up for play (max tick rate 0) at 2018.11.28-14.08.50
[2018.11.28-13.08.50:989][535]LogWorld: Bringing up level for play took: 0.001188
[2018.11.28-13.08.51:009][535]PIE: Play in editor start time for /Game/Scene/UEDPIE_0_Test 0,996
[2018.11.28-13.08.51:010][535]LogBlueprintUserMessages: Late PlayInEditor Detection: Level '/Game/Scene/Test.Test:PersistentLevel' has LevelScriptBlueprint '/Game/Scene/Test.Test:PersistentLevel.Test' with GeneratedClass '/Game/Scene/Test.Test_C' with ClassGeneratedBy '/Game/Scene/Test.Test:PersistentLevel.Test'
[2018.11.28-13.08.52:473][647]LogBlueprintUserMessages: [ThirdPersonCharacter_C_0] Action possible
[2018.11.28-13.08.53:673][753]LogBlueprintUserMessages: Early EndPlayMap Detection: Level '/Game/Scene/Test.Test:PersistentLevel' has LevelScriptBlueprint '/Game/Scene/Test.Test:PersistentLevel.Test' with GeneratedClass '/Game/Scene/Test.Test_C' with ClassGeneratedBy '/Game/Scene/Test.Test:PersistentLevel.Test'
[2018.11.28-13.08.53:673][753]LogSlate: Updating window title bar state: overlay mode, drag disabled, window buttons hidden, title bar hidden
[2018.11.28-13.08.53:703][753]LogSlate: Window 'ProjectShip Game Preview Standalone (64-bit/PCD3D_SM5)' being destroyed
[2018.11.28-13.08.53:749][753]LogPlayLevel: Display: Shutting down PIE online subsystems
[2018.11.28-13.08.53:749][753]LogBlueprintUserMessages: Late EndPlayMap Detection: Level '/Game/Scene/Test.Test:PersistentLevel' has LevelScriptBlueprint '/Game/Scene/Test.Test:PersistentLevel.Test' with GeneratedClass '/Game/Scene/Test.Test_C' with ClassGeneratedBy '/Game/Scene/Test.Test:PersistentLevel.Test'
[2018.11.28-13.08.53:811][754]LogPlayLevel: Display: Destroying online subsystem :Context_8
[2018.11.28-13.09.01:767][535]BlueprintLog: New page: Compile ThirdPersonCharacter
[2018.11.28-13.09.02:770][598]LogTemp: Repeating last play command: Selected Viewport
[2018.11.28-13.09.02:800][598]LogBlueprintUserMessages: Early PlayInEditor Detection: Level '/Game/Scene/Test.Test:PersistentLevel' has LevelScriptBlueprint '/Game/Scene/Test.Test:PersistentLevel.Test' with GeneratedClass '/Game/Scene/Test.Test_C' with ClassGeneratedBy '/Game/Scene/Test.Test:PersistentLevel.Test'
[2018.11.28-13.09.02:800][598]LogPlayLevel: PlayLevel: No blueprints needed recompiling
[2018.11.28-13.09.02:800][598]PIE: New page: PIE session: Test (28 nov. 2018 15:09:02)
[2018.11.28-13.09.02:800][598]LogPlayLevel: Creating play world package: /Game/Scene/UEDPIE_0_Test
[2018.11.28-13.09.02:810][598]LogPlayLevel: PIE: StaticDuplicateObject took: (0.010027s)
[2018.11.28-13.09.02:811][598]LogAIModule: Creating AISystem for world Test
[2018.11.28-13.09.02:811][598]LogPlayLevel: PIE: World Init took: (0.001184s)
[2018.11.28-13.09.02:811][598]LogPlayLevel: PIE: Created PIE world by copying editor world from /Game/Scene/Test.Test to /Game/Scene/UEDPIE_0_Test.Test (0.011369s)
[2018.11.28-13.09.02:847][598]LogInit: XAudio2 using 'Speakers (Realtek High Definition Audio)' : 2 channels at 48 kHz using 32 bits per sample (channel mask 0x3)
[2018.11.28-13.09.02:862][598]LogInit: FAudioDevice initialized.
[2018.11.28-13.09.02:873][598]LogSlate: Updating window title bar state: overlay mode, drag disabled, window buttons hidden, title bar hidden
[2018.11.28-13.09.02:961][598]LogLoad: Game class is 'ThirdPersonGameMode_C'
[2018.11.28-13.09.02:964][598]LogWorld: Bringing World /Game/Scene/UEDPIE_0_Test.Test up for play (max tick rate 0) at 2018.11.28-14.09.02
[2018.11.28-13.09.02:964][598]LogWorld: Bringing up level for play took: 0.001600
[2018.11.28-13.09.02:983][598]PIE: Play in editor start time for /Game/Scene/UEDPIE_0_Test 0,97
[2018.11.28-13.09.02:983][598]LogBlueprintUserMessages: Late PlayInEditor Detection: Level '/Game/Scene/Test.Test:PersistentLevel' has LevelScriptBlueprint '/Game/Scene/Test.Test:PersistentLevel.Test' with GeneratedClass '/Game/Scene/Test.Test_C' with ClassGeneratedBy '/Game/Scene/Test.Test:PersistentLevel.Test'
[2018.11.28-13.09.03:704][619]LogBlueprintUserMessages: [ThirdPersonCharacter_C_0] No Action possible
[2018.11.28-13.09.05:477][711]LogBlueprintUserMessages: [ThirdPersonCharacter_C_0] Action possible
[2018.11.28-13.09.06:222][775]LogBlueprintUserMessages: Early EndPlayMap Detection: Level '/Game/Scene/Test.Test:PersistentLevel' has LevelScriptBlueprint '/Game/Scene/Test.Test:PersistentLevel.Test' with GeneratedClass '/Game/Scene/Test.Test_C' with ClassGeneratedBy '/Game/Scene/Test.Test:PersistentLevel.Test'
[2018.11.28-13.09.06:222][775]LogSlate: Updating window title bar state: overlay mode, drag disabled, window buttons hidden, title bar hidden
[2018.11.28-13.09.06:252][775]LogSlate: Window 'ProjectShip Game Preview Standalone (64-bit/PCD3D_SM5)' being destroyed
[2018.11.28-13.09.06:305][775]LogPlayLevel: Display: Shutting down PIE online subsystems
[2018.11.28-13.09.06:305][775]LogBlueprintUserMessages: Late EndPlayMap Detection: Level '/Game/Scene/Test.Test:PersistentLevel' has LevelScriptBlueprint '/Game/Scene/Test.Test:PersistentLevel.Test' with GeneratedClass '/Game/Scene/Test.Test_C' with ClassGeneratedBy '/Game/Scene/Test.Test:PersistentLevel.Test'
[2018.11.28-13.09.06:367][776]LogPlayLevel: Display: Destroying online subsystem :Context_9
[2018.11.28-13.09.09:384][ 56]Cmd: OBJ SAVEPACKAGE PACKAGE="/Game/Scene/Test" FILE="../../../../../../Users/alexi/Unreal Engine/-UE4-Code-Spaceship/Content/Scene/Test.umap" SILENT=true AUTOSAVING=false KEEPDIRTY=false
[2018.11.28-13.09.09:585][ 56]LogSavePackage: Moving '../../../../../../Users/alexi/Unreal Engine/-UE4-Code-Spaceship/Saved/Test0C7CC9C6438D8ED6C2A5BDA19B241FD6.tmp' to '../../../../../../Users/alexi/Unreal Engine/-UE4-Code-Spaceship/Content/Scene/Test.umap'
[2018.11.28-13.09.09:633][ 56]Cmd: OBJ SAVEPACKAGE PACKAGE="/Game/Scene/Test_BuiltData" FILE="../../../../../../Users/alexi/Unreal Engine/-UE4-Code-Spaceship/Content/Scene/Test_BuiltData.uasset" SILENT=true
[2018.11.28-13.09.09:760][ 56]LogSavePackage: Moving '../../../../../../Users/alexi/Unreal Engine/-UE4-Code-Spaceship/Saved/Test_BuiltDataC137A73145D5CF045613F2B8E2AF9068.tmp' to '../../../../../../Users/alexi/Unreal Engine/-UE4-Code-Spaceship/Content/Scene/Test_BuiltData.uasset'
[2018.11.28-13.09.14:127][354]LogSlate: FSceneViewport::OnFocusLost() reason 0
[2018.11.28-13.09.14:413][356]LogRenderer: Reallocating scene render targets to support 2012x1064 Format 10 NumSamples 1 (Frame:1095).
[2018.11.28-13.09.40:106][427]LogSlate: FSceneViewport::OnFocusLost() reason 0
[2018.11.28-13.09.41:228][527]LogSavePackage: Moving '../../../../../../Users/alexi/Unreal Engine/-UE4-Code-Spaceship/Saved/ThirdPersonCharacterCBC1DAA246C61D0D1E6369B552BEAC82.tmp' to '../../../../../../Users/alexi/Unreal Engine/-UE4-Code-Spaceship/Content/ThirdPersonBP/Blueprints/ThirdPersonCharacter.uasset'
[2018.11.28-13.10.04:375][704]LogSavePackage: Moving '../../../../../../Users/alexi/Unreal Engine/-UE4-Code-Spaceship/Saved/ThirdPersonCharacter0FD3845B448F76353C2F7BA5E7E20CCC.tmp' to '../../../../../../Users/alexi/Unreal Engine/-UE4-Code-Spaceship/Content/ThirdPersonBP/Blueprints/ThirdPersonCharacter.uasset'
[2018.11.28-13.12.49:316][542]LogSlate: FSceneViewport::OnFocusLost() reason 0
[2018.11.28-13.13.13:873][443]LogSlate: FSceneViewport::OnFocusLost() reason 0
[2018.11.28-13.13.13:970][453]BlueprintLog: New page: Compile SpaceShip
[2018.11.28-13.13.15:558][506]LogEditorViewport: Clicking on Actor (LMB): SpaceShip_C (SpaceShip)
[2018.11.28-13.13.18:149][609]LogSlate: FSceneViewport::OnFocusLost() reason 0
[2018.11.28-13.13.21:619][925]LogTemp: Repeating last play command: Selected Viewport
[2018.11.28-13.13.21:649][925]LogBlueprintUserMessages: Early PlayInEditor Detection: Level '/Game/Scene/Test.Test:PersistentLevel' has LevelScriptBlueprint '/Game/Scene/Test.Test:PersistentLevel.Test' with GeneratedClass '/Game/Scene/Test.Test_C' with ClassGeneratedBy '/Game/Scene/Test.Test:PersistentLevel.Test'
[2018.11.28-13.13.21:649][925]LogPlayLevel: PlayLevel: No blueprints needed recompiling
[2018.11.28-13.13.21:649][925]PIE: New page: PIE session: Test (28 nov. 2018 15:13:21)
[2018.11.28-13.13.21:649][925]LogPlayLevel: Creating play world package: /Game/Scene/UEDPIE_0_Test
[2018.11.28-13.13.21:662][925]LogPlayLevel: PIE: StaticDuplicateObject took: (0.012437s)
[2018.11.28-13.13.21:663][925]LogAIModule: Creating AISystem for world Test
[2018.11.28-13.13.21:664][925]LogPlayLevel: PIE: World Init took: (0.001933s)
[2018.11.28-13.13.21:664][925]LogPlayLevel: PIE: Created PIE world by copying editor world from /Game/Scene/Test.Test to /Game/Scene/UEDPIE_0_Test.Test (0.014656s)
[2018.11.28-13.13.21:738][925]LogInit: XAudio2 using 'Speakers (Realtek High Definition Audio)' : 2 channels at 48 kHz using 32 bits per sample (channel mask 0x3)
[2018.11.28-13.13.21:759][925]LogInit: FAudioDevice initialized.
[2018.11.28-13.13.21:770][925]LogSlate: Updating window title bar state: overlay mode, drag disabled, window buttons hidden, title bar hidden
[2018.11.28-13.13.21:857][925]LogLoad: Game class is 'ThirdPersonGameMode_C'
[2018.11.28-13.13.21:859][925]LogWorld: Bringing World /Game/Scene/UEDPIE_0_Test.Test up for play (max tick rate 0) at 2018.11.28-14.13.21
[2018.11.28-13.13.21:860][925]LogWorld: Bringing up level for play took: 0.001495
[2018.11.28-13.13.21:880][925]PIE: Play in editor start time for /Game/Scene/UEDPIE_0_Test -0,133
[2018.11.28-13.13.21:881][925]LogBlueprintUserMessages: Late PlayInEditor Detection: Level '/Game/Scene/Test.Test:PersistentLevel' has LevelScriptBlueprint '/Game/Scene/Test.Test:PersistentLevel.Test' with GeneratedClass '/Game/Scene/Test.Test_C' with ClassGeneratedBy '/Game/Scene/Test.Test:PersistentLevel.Test'
[2018.11.28-13.13.23:551][ 48]LogBlueprintUserMessages: [ThirdPersonCharacter_C_0] Action possible
[2018.11.28-13.13.41:574][453]LogBlueprintUserMessages: Early EndPlayMap Detection: Level '/Game/Scene/Test.Test:PersistentLevel' has LevelScriptBlueprint '/Game/Scene/Test.Test:PersistentLevel.Test' with GeneratedClass '/Game/Scene/Test.Test_C' with ClassGeneratedBy '/Game/Scene/Test.Test:PersistentLevel.Test'
[2018.11.28-13.13.41:574][453]LogSlate: Updating window title bar state: overlay mode, drag disabled, window buttons hidden, title bar hidden
[2018.11.28-13.13.41:600][453]LogSlate: Window 'ProjectShip Game Preview Standalone (64-bit/PCD3D_SM5)' being destroyed
[2018.11.28-13.13.41:641][453]LogPlayLevel: Display: Shutting down PIE online subsystems
[2018.11.28-13.13.41:641][453]LogBlueprintUserMessages: Late EndPlayMap Detection: Level '/Game/Scene/Test.Test:PersistentLevel' has LevelScriptBlueprint '/Game/Scene/Test.Test:PersistentLevel.Test' with GeneratedClass '/Game/Scene/Test.Test_C' with ClassGeneratedBy '/Game/Scene/Test.Test:PersistentLevel.Test'
[2018.11.28-13.13.41:694][454]LogPlayLevel: Display: Destroying online subsystem :Context_10
[2018.11.28-13.14.05:302][684]LogSavePackage: Moving '../../../../../../Users/alexi/Unreal Engine/-UE4-Code-Spaceship/Saved/ThirdPersonCharacter22B82D3343E74E67E812B898F12E50EB.tmp' to '../../../../../../Users/alexi/Unreal Engine/-UE4-Code-Spaceship/Content/ThirdPersonBP/Blueprints/ThirdPersonCharacter.uasset'
[2018.11.28-13.14.07:724][879]Cmd: OBJ SAVEPACKAGE PACKAGE="/Game/Blueprint/SpaceShip" FILE="../../../../../../Users/alexi/Unreal Engine/-UE4-Code-Spaceship/Content/Blueprint/SpaceShip.uasset" SILENT=true
[2018.11.28-13.14.07:879][879]LogSavePackage: Moving '../../../../../../Users/alexi/Unreal Engine/-UE4-Code-Spaceship/Saved/SpaceShipAB19101949DC05939075079899116806.tmp' to '../../../../../../Users/alexi/Unreal Engine/-UE4-Code-Spaceship/Content/Blueprint/SpaceShip.uasset'
[2018.11.28-13.14.09:589][995]Cmd: OBJ SAVEPACKAGE PACKAGE="/Game/Scene/Test" FILE="../../../../../../Users/alexi/Unreal Engine/-UE4-Code-Spaceship/Content/Scene/Test.umap" SILENT=true AUTOSAVING=false KEEPDIRTY=false
[2018.11.28-13.14.09:811][995]LogSavePackage: Moving '../../../../../../Users/alexi/Unreal Engine/-UE4-Code-Spaceship/Saved/Test4E4B2999413234D714AAC789B0F0251D.tmp' to '../../../../../../Users/alexi/Unreal Engine/-UE4-Code-Spaceship/Content/Scene/Test.umap'
[2018.11.28-13.14.09:856][995]Cmd: OBJ SAVEPACKAGE PACKAGE="/Game/Scene/Test_BuiltData" FILE="../../../../../../Users/alexi/Unreal Engine/-UE4-Code-Spaceship/Content/Scene/Test_BuiltData.uasset" SILENT=true
[2018.11.28-13.14.09:964][995]LogSavePackage: Moving '../../../../../../Users/alexi/Unreal Engine/-UE4-Code-Spaceship/Saved/Test_BuiltData4D5441CD459DEB5F4F74BC978570E8C8.tmp' to '../../../../../../Users/alexi/Unreal Engine/-UE4-Code-Spaceship/Content/Scene/Test_BuiltData.uasset'
[2018.11.28-13.14.14:719][404]LogActorComponent: UnregisterComponent: (/Engine/Transient.EditorFloorComp) Not registered. Aborting.
[2018.11.28-13.14.14:774][404]LogSlate: Window 'ProjectShip - Unreal Editor' being destroyed
[2018.11.28-13.14.15:176][405]Cmd: QUIT_EDITOR
[2018.11.28-13.14.16:117][405]LogWindowsTextInputMethodSystem: Display: IME system now deactivated.
[2018.11.28-13.14.16:130][405]LogExit: Preparing to exit.
[2018.11.28-13.14.17:223][405]LogExit: Editor shut down
[2018.11.28-13.14.17:224][405]LogExit: Transaction tracking system shut down
[2018.11.28-13.14.17:692][405]LogExit: Object subsystem successfully closed.
[2018.11.28-13.14.17:718][405]LogShaderCompilers: Display: Shaders left to compile 0
[2018.11.28-13.14.17:723][405]LogD3D11RHI: Shutdown
[2018.11.28-13.14.17:723][405]LogD3D11RHI: CleanupD3DDevice
[2018.11.28-13.14.17:729][405]LogD3D11RHI: ~FD3D11DynamicRHI
[2018.11.28-13.14.17:750][405]LogModuleManager: Shutting down and abandoning module MovieSceneCapture (618)
[2018.11.28-13.14.17:750][405]LogModuleManager: Shutting down and abandoning module Voice (616)
[2018.11.28-13.14.17:750][405]LogModuleManager: Shutting down and abandoning module BlueprintGraph (614)
[2018.11.28-13.14.17:750][405]LogModuleManager: Shutting down and abandoning module HierarchicalLODOutliner (612)
[2018.11.28-13.14.17:750][405]LogModuleManager: Shutting down and abandoning module ExternalImagePicker (610)
[2018.11.28-13.14.17:750][405]LogModuleManager: Shutting down and abandoning module SceneOutliner (608)
[2018.11.28-13.14.17:750][405]LogModuleManager: Shutting down and abandoning module AddContentDialog (606)
[2018.11.28-13.14.17:751][405]LogModuleManager: Shutting down and abandoning module WidgetCarousel (605)
[2018.11.28-13.14.17:751][405]LogModuleManager: Shutting down and abandoning module EditorWidgets (602)
[2018.11.28-13.14.17:751][405]LogModuleManager: Shutting down and abandoning module CollectionManager (600)
[2018.11.28-13.14.17:751][405]LogModuleManager: Shutting down and abandoning module StatsViewer (598)
[2018.11.28-13.14.17:751][405]LogModuleManager: Shutting down and abandoning module FoliageEdit (596)
[2018.11.28-13.14.17:751][405]LogModuleManager: Shutting down and abandoning module LandscapeEditor (594)
[2018.11.28-13.14.17:751][405]LogModuleManager: Shutting down and abandoning module MeshPaintMode (592)
[2018.11.28-13.14.17:751][405]LogModuleManager: Shutting down and abandoning module SceneDepthPickerMode (590)
[2018.11.28-13.14.17:751][405]LogModuleManager: Shutting down and abandoning module ActorPickerMode (588)
[2018.11.28-13.14.17:751][405]LogModuleManager: Shutting down and abandoning module GeometryMode (586)
[2018.11.28-13.14.17:751][405]LogModuleManager: Shutting down and abandoning module TextureAlignMode (584)
[2018.11.28-13.14.17:751][405]LogModuleManager: Shutting down and abandoning module BspMode (582)
[2018.11.28-13.14.17:751][405]LogModuleManager: Shutting down and abandoning module PIEPreviewDeviceProfileSelector (580)
[2018.11.28-13.14.17:751][405]LogModuleManager: Shutting down and abandoning module SequenceRecorderSections (578)
[2018.11.28-13.14.17:751][405]LogModuleManager: Shutting down and abandoning module AutomationWorker (576)
[2018.11.28-13.14.17:751][405]LogModuleManager: Shutting down and abandoning module AudioCaptureEditor (574)
[2018.11.28-13.14.17:751][405]LogModuleManager: Shutting down and abandoning module SequenceRecorder (573)
[2018.11.28-13.14.17:751][405]LogModuleManager: Shutting down and abandoning module MatineeToLevelSequence (570)
[2018.11.28-13.14.17:751][405]LogModuleManager: Shutting down and abandoning module LevelSequenceEditor (568)
[2018.11.28-13.14.17:751][405]LogModuleManager: Shutting down and abandoning module PlacementMode (567)
[2018.11.28-13.14.17:751][405]LogModuleManager: Shutting down and abandoning module MaterialEditor (566)
[2018.11.28-13.14.17:751][405]LogModuleManager: Shutting down and abandoning module WmfMediaFactory (562)
[2018.11.28-13.14.17:751][405]LogModuleManager: Shutting down and abandoning module WmfMediaEditor (560)
[2018.11.28-13.14.17:751][405]LogModuleManager: Shutting down and abandoning module MediaPlayerEditor (558)
[2018.11.28-13.14.17:752][405]LogModuleManager: Shutting down and abandoning module OpenExrWrapper (556)
[2018.11.28-13.14.17:752][405]LogModuleManager: Shutting down and abandoning module ImgMediaFactory (554)
[2018.11.28-13.14.17:752][405]LogModuleManager: Shutting down and abandoning module ImgMediaEditor (552)
[2018.11.28-13.14.17:752][405]LogModuleManager: Shutting down and abandoning module AvfMediaFactory (550)
[2018.11.28-13.14.17:752][405]LogModuleManager: Shutting down and abandoning module AvfMediaEditor (548)
[2018.11.28-13.14.17:752][405]LogModuleManager: Shutting down and abandoning module AndroidMediaFactory (546)
[2018.11.28-13.14.17:752][405]LogModuleManager: Shutting down and abandoning module AndroidMediaEditor (544)
[2018.11.28-13.14.17:752][405]LogModuleManager: Shutting down and abandoning module MagicLeapCameraPreviewFactory (542)
[2018.11.28-13.14.17:752][405]LogModuleManager: Shutting down and abandoning module MagicLeapMediaFactory (540)
[2018.11.28-13.14.17:752][405]LogModuleManager: Shutting down and abandoning module MagicLeapMediaEditor (538)
[2018.11.28-13.14.17:752][405]LogModuleManager: Shutting down and abandoning module CharacterAI (536)
[2018.11.28-13.14.17:752][405]LogModuleManager: Shutting down and abandoning module SmartSnapping (534)
[2018.11.28-13.14.17:752][405]LogModuleManager: Shutting down and abandoning module SessionServices (532)
[2018.11.28-13.14.17:752][405]LogModuleManager: Shutting down and abandoning module ViewportSnapping (530)
[2018.11.28-13.14.17:752][405]LogModuleManager: Shutting down and abandoning module ViewportInteraction (528)
[2018.11.28-13.14.17:752][405]LogModuleManager: Shutting down and abandoning module ClothPainter (526)
[2018.11.28-13.14.17:752][405]LogModuleManager: Shutting down and abandoning module SkeletalMeshEditor (525)
[2018.11.28-13.14.17:752][405]LogModuleManager: Shutting down and abandoning module LogVisualizer (522)
[2018.11.28-13.14.17:752][405]LogModuleManager: Shutting down and abandoning module IntroTutorials (520)
[2018.11.28-13.14.17:752][405]LogModuleManager: Shutting down and abandoning module GameProjectGeneration (519)
[2018.11.28-13.14.17:752][405]LogModuleManager: Shutting down and abandoning module LuminPlatformEditor (516)
[2018.11.28-13.14.17:752][405]LogModuleManager: Shutting down and abandoning module IOSPlatformEditor (514)
[2018.11.28-13.14.17:752][405]LogModuleManager: Shutting down and abandoning module HTML5PlatformEditor (512)
[2018.11.28-13.14.17:752][405]LogModuleManager: Shutting down and abandoning module AndroidPlatformEditor (510)
[2018.11.28-13.14.17:752][405]LogModuleManager: Shutting down and abandoning module AndroidDeviceDetection (509)
[2018.11.28-13.14.18:232][405]LogModuleManager: Shutting down and abandoning module WindowsPlatformEditor (506)
[2018.11.28-13.14.18:233][405]LogModuleManager: Shutting down and abandoning module LuminRuntimeSettings (504)
[2018.11.28-13.14.18:233][405]LogModuleManager: Shutting down and abandoning module IOSRuntimeSettings (502)
[2018.11.28-13.14.18:233][405]LogModuleManager: Shutting down and abandoning module AndroidRuntimeSettings (500)
[2018.11.28-13.14.18:233][405]LogModuleManager: Shutting down and abandoning module InputBindingEditor (498)
[2018.11.28-13.14.18:233][405]LogModuleManager: Shutting down and abandoning module MergeActors (496)
[2018.11.28-13.14.18:233][405]LogModuleManager: Shutting down and abandoning module LocalizationDashboard (494)
[2018.11.28-13.14.18:233][405]LogModuleManager: Shutting down and abandoning module LocalizationService (493)
[2018.11.28-13.14.18:233][405]LogModuleManager: Shutting down and abandoning module HardwareTargeting (490)
[2018.11.28-13.14.18:233][405]LogModuleManager: Shutting down and abandoning module DeviceProfileEditor (488)
[2018.11.28-13.14.18:233][405]LogModuleManager: Shutting down and abandoning module UndoHistory (486)
[2018.11.28-13.14.18:233][405]LogModuleManager: Shutting down and abandoning module XmlParser (484)
[2018.11.28-13.14.18:233][405]LogModuleManager: Shutting down and abandoning module Blutility (482)
[2018.11.28-13.14.18:233][405]LogModuleManager: Shutting down and abandoning module ProjectSettingsViewer (480)
[2018.11.28-13.14.18:233][405]LogModuleManager: Shutting down and abandoning module ProjectTargetPlatformEditor (479)
[2018.11.28-13.14.18:233][405]LogModuleManager: Shutting down and abandoning module EditorSettingsViewer (476)
[2018.11.28-13.14.18:233][405]LogModuleManager: Shutting down and abandoning module SettingsEditor (474)
[2018.11.28-13.14.18:233][405]LogModuleManager: Shutting down and abandoning module ProjectLauncher (472)
[2018.11.28-13.14.18:233][405]LogModuleManager: Shutting down and abandoning module SessionFrontend (470)
[2018.11.28-13.14.18:233][405]LogModuleManager: Shutting down and abandoning module ProfilerClient (468)
[2018.11.28-13.14.18:233][405]LogModuleManager: Shutting down and abandoning module DeviceManager (466)
[2018.11.28-13.14.18:233][405]LogModuleManager: Shutting down and abandoning module TargetDeviceServices (465)
[2018.11.28-13.14.18:287][405]LogModuleManager: Shutting down and abandoning module AutomationController (462)
[2018.11.28-13.14.18:287][405]LogModuleManager: Shutting down and abandoning module AutomationWindow (460)
[2018.11.28-13.14.18:287][405]LogModuleManager: Shutting down and abandoning module Layers (458)
[2018.11.28-13.14.18:287][405]LogModuleManager: Shutting down and abandoning module ComponentVisualizers (456)
[2018.11.28-13.14.18:287][405]LogModuleManager: Shutting down and abandoning module DetailCustomizations (454)
[2018.11.28-13.14.18:287][405]LogModuleManager: Shutting down and abandoning module PackagesDialog (452)
[2018.11.28-13.14.18:287][405]LogModuleManager: Shutting down and abandoning module Persona (450)
[2018.11.28-13.14.18:287][405]LogModuleManager: Shutting down and abandoning module AdvancedPreviewScene (449)
[2018.11.28-13.14.18:287][405]LogModuleManager: Shutting down and abandoning module AnimGraph (447)
[2018.11.28-13.14.18:287][405]LogModuleManager: Shutting down and abandoning module Kismet (444)
[2018.11.28-13.14.18:296][405]LogModuleManager: Shutting down and abandoning module GraphEditor (442)
[2018.11.28-13.14.18:297][405]LogModuleManager: Shutting down and abandoning module ClassViewer (440)
[2018.11.28-13.14.18:298][405]LogModuleManager: Shutting down and abandoning module Toolbox (438)
[2018.11.28-13.14.18:298][405]LogModuleManager: Shutting down and abandoning module ModuleUI (436)
[2018.11.28-13.14.18:298][405]LogModuleManager: Shutting down and abandoning module MovieSceneTools (434)
[2018.11.28-13.14.18:298][405]LogModuleManager: Shutting down and abandoning module OutputLog (432)
[2018.11.28-13.14.18:298][405]LogModuleManager: Shutting down and abandoning module GammaUI (430)
[2018.11.28-13.14.18:298][405]LogModuleManager: Shutting down and abandoning module Documentation (428)
[2018.11.28-13.14.18:298][405]LogModuleManager: Shutting down and abandoning module MovieSceneTracks (426)
[2018.11.28-13.14.18:298][405]LogModuleManager: Shutting down and abandoning module MovieScene (424)
[2018.11.28-13.14.18:298][405]LogModuleManager: Shutting down and abandoning module StreamingPauseRendering (422)
[2018.11.28-13.14.18:298][405]LogModuleManager: Shutting down and abandoning module LauncherPlatform (420)
[2018.11.28-13.14.18:298][405]LogModuleManager: Shutting down and abandoning module AnalyticsET (418)
[2018.11.28-13.14.18:298][405]LogModuleManager: Shutting down and abandoning module PortalServices (416)
[2018.11.28-13.14.18:298][405]LogModuleManager: Shutting down and abandoning module PortalRpc (414)
[2018.11.28-13.14.18:298][405]LogModuleManager: Shutting down and abandoning module MessagingRpc (412)
[2018.11.28-13.14.18:298][405]LogModuleManager: Shutting down and abandoning module AIModule (410)
[2018.11.28-13.14.18:298][405]LogModuleManager: Shutting down and abandoning module GameplayDebugger (409)
[2018.11.28-13.14.18:298][405]LogModuleManager: Shutting down and abandoning module AITestSuite (407)
[2018.11.28-13.14.18:298][405]LogModuleManager: Shutting down and abandoning module NavigationSystem (405)
[2018.11.28-13.14.18:298][405]LogModuleManager: Shutting down and abandoning module DesktopPlatform (402)
[2018.11.28-13.14.18:298][405]LogModuleManager: Shutting down and abandoning module ProfilerService (400)
[2018.11.28-13.14.18:336][405]LogModuleManager: Shutting down and abandoning module TaskGraph (398)
[2018.11.28-13.14.18:336][405]LogModuleManager: Shutting down and abandoning module SteamVRController (396)
[2018.11.28-13.14.18:336][405]LogModuleManager: Shutting down and abandoning module ProceduralMeshComponentEditor (394)
[2018.11.28-13.14.18:336][405]LogModuleManager: Shutting down and abandoning module ProceduralMeshComponent (392)
[2018.11.28-13.14.18:336][405]LogModuleManager: Shutting down and abandoning module OculusInput (390)
[2018.11.28-13.14.18:336][405]LogModuleManager: Shutting down and abandoning module MobilePatchingUtils (388)
[2018.11.28-13.14.18:336][405]LogModuleManager: Shutting down and abandoning module EditableMesh (386)
[2018.11.28-13.14.18:336][405]LogModuleManager: Shutting down and abandoning module CustomMeshComponent (384)
[2018.11.28-13.14.18:336][405]LogModuleManager: Shutting down and abandoning module CableComponent (382)
[2018.11.28-13.14.18:336][405]LogModuleManager: Shutting down and abandoning module AudioCapture (380)
[2018.11.28-13.14.18:336][405]LogModuleManager: Shutting down and abandoning module ArchVisCharacter (378)
[2018.11.28-13.14.18:336][405]LogModuleManager: Shutting down and abandoning module AndroidPermission (376)
[2018.11.28-13.14.18:336][405]LogModuleManager: Shutting down and abandoning module NUTUnrealEngine4 (374)
[2018.11.28-13.14.18:336][405]LogModuleManager: Shutting down and abandoning module NetcodeUnitTest (372)
[2018.11.28-13.14.18:336][405]LogModuleManager: Shutting down and abandoning module MediaCompositingEditor (370)
[2018.11.28-13.14.18:336][405]LogModuleManager: Shutting down and abandoning module MediaCompositing (368)
[2018.11.28-13.14.18:336][405]LogModuleManager: Shutting down and abandoning module LinearTimecode (366)
[2018.11.28-13.14.18:336][405]LogModuleManager: Shutting down and abandoning module ImgMedia (364)
[2018.11.28-13.14.18:341][405]LogModuleManager: Shutting down and abandoning module HTML5Networking (362)
[2018.11.28-13.14.18:341][405]LogModuleManager: Shutting down and abandoning module GeometryCacheTracks (360)
[2018.11.28-13.14.18:341][405]LogModuleManager: Shutting down and abandoning module GeometryCacheSequencer (358)
[2018.11.28-13.14.18:341][405]LogModuleManager: Shutting down and abandoning module BackChannel (356)
[2018.11.28-13.14.18:341][405]LogModuleManager: Shutting down and abandoning module AppleVision (354)
[2018.11.28-13.14.18:341][405]LogModuleManager: Shutting down and abandoning module AppleImageUtils (352)
[2018.11.28-13.14.18:341][405]LogModuleManager: Shutting down and abandoning module AlembicImporter (350)
[2018.11.28-13.14.18:341][405]LogModuleManager: Shutting down and abandoning module AlembicLibrary (349)
[2018.11.28-13.14.18:341][405]LogModuleManager: Shutting down and abandoning module GeometryCache (348)
[2018.11.28-13.14.18:341][405]LogModuleManager: Shutting down and abandoning module GeometryCacheEd (347)
[2018.11.28-13.14.18:341][405]LogModuleManager: Shutting down and abandoning module DatasmithContentEditor (342)
[2018.11.28-13.14.18:341][405]LogModuleManager: Shutting down and abandoning module DatasmithContent (340)
[2018.11.28-13.14.18:341][405]LogModuleManager: Shutting down and abandoning module SpeedTreeImporter (338)
[2018.11.28-13.14.18:341][405]LogModuleManager: Shutting down and abandoning module PluginBrowser (336)
[2018.11.28-13.14.18:341][405]LogModuleManager: Shutting down and abandoning module MobileLauncherProfileWizard (334)
[2018.11.28-13.14.18:341][405]LogModuleManager: Shutting down and abandoning module PolygonModeling (332)
[2018.11.28-13.14.18:341][405]LogModuleManager: Shutting down and abandoning module MeshEditor (330)
[2018.11.28-13.14.18:341][405]LogModuleManager: Shutting down and abandoning module CryptoKeysOpenSSL (328)
[2018.11.28-13.14.18:341][405]LogModuleManager: Shutting down and abandoning module CryptoKeys (326)
[2018.11.28-13.14.18:341][405]LogModuleManager: Shutting down and abandoning module VisualStudioSourceCodeAccess (324)
[2018.11.28-13.14.18:341][405]LogModuleManager: Shutting down and abandoning module VisualStudioCodeSourceCodeAccess (322)
[2018.11.28-13.14.18:341][405]LogModuleManager: Shutting down and abandoning module UObjectPlugin (320)
[2018.11.28-13.14.18:341][405]LogModuleManager: Shutting down and abandoning module SubversionSourceControl (318)
[2018.11.28-13.14.18:341][405]LogModuleManager: Shutting down and abandoning module PerforceSourceControl (316)
[2018.11.28-13.14.18:341][405]LogModuleManager: Shutting down and abandoning module GitSourceControl (314)
[2018.11.28-13.14.18:341][405]LogModuleManager: Shutting down and abandoning module SourceControl (313)
[2018.11.28-13.14.18:342][405]LogModuleManager: Shutting down and abandoning module CLionSourceCodeAccess (310)
[2018.11.28-13.14.18:342][405]LogModuleManager: Shutting down and abandoning module LightPropagationVolumeEditor (308)
[2018.11.28-13.14.18:342][405]LogModuleManager: Shutting down and abandoning module PaperTiledImporter (306)
[2018.11.28-13.14.18:342][405]LogModuleManager: Shutting down and abandoning module PaperSpriteSheetImporter (304)
[2018.11.28-13.14.18:342][405]LogModuleManager: Shutting down and abandoning module Paper2DEditor (302)
[2018.11.28-13.14.18:342][405]LogModuleManager: Shutting down and abandoning module MeshPaint (301)
[2018.11.28-13.14.18:342][405]LogModuleManager: Shutting down and abandoning module RuntimePhysXCooking (298)
[2018.11.28-13.14.18:342][405]LogModuleManager: Shutting down and abandoning module PhysXVehiclesEditor (296)
[2018.11.28-13.14.18:342][405]LogModuleManager: Shutting down and abandoning module PhysXVehicles (294)
[2018.11.28-13.14.18:342][405]LogModuleManager: Shutting down and abandoning module OculusEditor (292)
[2018.11.28-13.14.18:342][405]LogModuleManager: Shutting down and abandoning module LocationServicesBPLibrary (290)
[2018.11.28-13.14.18:342][405]LogModuleManager: Shutting down and abandoning module ImmediatePhysicsEditor (288)
[2018.11.28-13.14.18:342][405]LogModuleManager: Shutting down and abandoning module ImmediatePhysics (286)
[2018.11.28-13.14.18:342][405]LogModuleManager: Shutting down and abandoning module ActorSequence (284)
[2018.11.28-13.14.18:342][405]LogModuleManager: Shutting down and abandoning module UdpMessaging (282)
[2018.11.28-13.14.18:443][405]LogModuleManager: Shutting down and abandoning module TcpMessaging (280)
[2018.11.28-13.14.18:544][405]LogModuleManager: Shutting down and abandoning module MagicLeapAudio (278)
[2018.11.28-13.14.18:544][405]LogModuleManager: Shutting down and abandoning module GameplayTagsEditor (276)
[2018.11.28-13.14.18:544][405]LogModuleManager: Shutting down and abandoning module FacialAnimationEditor (274)
[2018.11.28-13.14.18:544][405]LogModuleManager: Shutting down and abandoning module FacialAnimation (272)
[2018.11.28-13.14.18:544][405]LogModuleManager: Shutting down and abandoning module DataValidation (270)
[2018.11.28-13.14.18:544][405]LogModuleManager: Shutting down and abandoning module AssetManagerEditor (268)
[2018.11.28-13.14.18:544][405]LogModuleManager: Shutting down and abandoning module LevelEditor (267)
[2018.11.28-13.14.18:544][405]LogModuleManager: Shutting down and abandoning module PixelInspectorModule (266)
[2018.11.28-13.14.18:544][405]LogModuleManager: Shutting down and abandoning module CommonMenuExtensions (264)
[2018.11.28-13.14.18:544][405]LogModuleManager: Shutting down and abandoning module MainFrame (262)
[2018.11.28-13.14.18:545][405]LogModuleManager: Shutting down and abandoning module HotReload (261)
[2018.11.28-13.14.18:545][405]LogModuleManager: Shutting down and abandoning module ContentBrowser (257)
[2018.11.28-13.14.18:546][405]LogModuleManager: Shutting down and abandoning module TreeMap (255)
[2018.11.28-13.14.18:546][405]LogModuleManager: Shutting down and abandoning module LightPropagationVolumeRuntime (252)
[2018.11.28-13.14.18:546][405]LogModuleManager: Shutting down and abandoning module AISupportModule (250)
[2018.11.28-13.14.18:546][405]LogModuleManager: Shutting down and abandoning module Paper2D (248)
[2018.11.28-13.14.18:546][405]LogModuleManager: Shutting down and abandoning module WindowsMoviePlayer (246)
[2018.11.28-13.14.18:546][405]LogModuleManager: Shutting down and abandoning module WmfMedia (244)
[2018.11.28-13.14.18:548][405]LogModuleManager: Shutting down and abandoning module Media (243)
[2018.11.28-13.14.18:553][405]LogModuleManager: Shutting down and abandoning module PacketHandler (240)
[2018.11.28-13.14.18:553][405]LogModuleManager: Shutting down and abandoning module ClothingSystemEditor (238)
[2018.11.28-13.14.18:553][405]LogModuleManager: Shutting down and abandoning module ClothingSystemRuntime (236)
[2018.11.28-13.14.18:553][405]LogModuleManager: Shutting down and abandoning module MediaAssets (234)
[2018.11.28-13.14.18:553][405]LogModuleManager: Shutting down and abandoning module Overlay (232)
[2018.11.28-13.14.18:553][405]LogModuleManager: Shutting down and abandoning module OverlayEditor (231)
[2018.11.28-13.14.18:553][405]LogModuleManager: Shutting down and abandoning module VREditor (228)
[2018.11.28-13.14.18:553][405]LogModuleManager: Shutting down and abandoning module StringTableEditor (226)
[2018.11.28-13.14.18:553][405]LogModuleManager: Shutting down and abandoning module GameplayTasksEditor (224)
[2018.11.28-13.14.18:553][405]LogModuleManager: Shutting down and abandoning module BehaviorTreeEditor (222)
[2018.11.28-13.14.18:553][405]LogModuleManager: Shutting down and abandoning module FunctionalTesting (220)
[2018.11.28-13.14.18:553][405]LogModuleManager: Shutting down and abandoning module CollisionAnalyzer (218)
[2018.11.28-13.14.18:553][405]LogModuleManager: Shutting down and abandoning module WorkspaceMenuStructure (217)
[2018.11.28-13.14.18:553][405]LogModuleManager: Shutting down and abandoning module UMG (214)
[2018.11.28-13.14.18:554][405]LogModuleManager: Shutting down and abandoning module UMGEditor (213)
[2018.11.28-13.14.18:554][405]LogModuleManager: Shutting down and abandoning module Sequencer (212)
[2018.11.28-13.14.18:554][405]LogModuleManager: Shutting down and abandoning module MessageLog (209)
[2018.11.28-13.14.18:554][405]LogModuleManager: Shutting down and abandoning module SlateReflector (204)
[2018.11.28-13.14.18:554][405]LogModuleManager: Shutting down and abandoning module Slate (202)
[2018.11.28-13.14.18:554][405]LogModuleManager: Shutting down and abandoning module EditorStyle (200)
[2018.11.28-13.14.18:556][405]LogModuleManager: Shutting down and abandoning module MRMesh (198)
[2018.11.28-13.14.18:556][405]LogModuleManager: Shutting down and abandoning module SourceCodeAccess (196)
[2018.11.28-13.14.18:556][405]LogModuleManager: Shutting down and abandoning module HeadMountedDisplay (194)
[2018.11.28-13.14.18:556][405]LogModuleManager: Shutting down and abandoning module XAudio2 (192)
[2018.11.28-13.14.18:556][405]LogModuleManager: Shutting down and abandoning module Networking (190)
[2018.11.28-13.14.18:556][405]LogModuleManager: Shutting down and abandoning module Core (188)
[2018.11.28-13.14.18:556][405]LogModuleManager: Shutting down and abandoning module LevelSequence (186)
[2018.11.28-13.14.18:556][405]LogModuleManager: Shutting down and abandoning module KismetCompiler (184)
[2018.11.28-13.14.18:556][405]LogModuleManager: Shutting down and abandoning module MeshUtilities (182)
[2018.11.28-13.14.18:556][405]LogModuleManager: Shutting down and abandoning module MeshMergeUtilities (181)
[2018.11.28-13.14.18:556][405]LogModuleManager: Shutting down and abandoning module MeshReductionInterface (180)
[2018.11.28-13.14.18:556][405]LogModuleManager: Shutting down and abandoning module SimplygonSwarm (179)
[2018.11.28-13.14.18:556][405]LogModuleManager: Shutting down and abandoning module ProxyLODMeshReduction (177)
[2018.11.28-13.14.18:556][405]LogModuleManager: Shutting down and abandoning module SimplygonMeshReduction (175)
[2018.11.28-13.14.18:556][405]LogModuleManager: Shutting down and abandoning module QuadricMeshReduction (173)
[2018.11.28-13.14.18:556][405]LogModuleManager: Shutting down and abandoning module MaterialBaking (169)
[2018.11.28-13.14.18:556][405]LogModuleManager: Shutting down and abandoning module DirectoryWatcher (165)
[2018.11.28-13.14.18:556][405]LogModuleManager: Shutting down and abandoning module DerivedDataCache (162)
[2018.11.28-13.14.18:620][405]LogDerivedDataCache: Shutdown
[2018.11.28-13.14.18:620][405]LogModuleManager: Shutting down and abandoning module XGEController (160)
[2018.11.28-13.14.18:620][405]LogXGEController: Cleaning working directory: C:/Users/alexi/AppData/Local/Temp/UnrealXGEWorkingDir/
[2018.11.28-13.14.18:621][405]LogModuleManager: Shutting down and abandoning module TargetPlatform (158)
[2018.11.28-13.14.18:621][405]LogModuleManager: Shutting down and abandoning module VulkanShaderFormat (157)
[2018.11.28-13.14.18:621][405]LogModuleManager: Shutting down and abandoning module ShaderFormatVectorVM (155)
[2018.11.28-13.14.18:621][405]LogModuleManager: Shutting down and abandoning module ShaderFormatOpenGL (153)
[2018.11.28-13.14.18:621][405]LogModuleManager: Shutting down and abandoning module ShaderFormatD3D (151)
[2018.11.28-13.14.18:621][405]LogModuleManager: Shutting down and abandoning module MetalShaderFormat (149)
[2018.11.28-13.14.18:621][405]LogModuleManager: Shutting down and abandoning module TextureFormatUncompressed (147)
[2018.11.28-13.14.18:621][405]LogModuleManager: Shutting down and abandoning module TextureFormatPVR (145)
[2018.11.28-13.14.18:621][405]LogModuleManager: Shutting down and abandoning module TextureFormatDXT (143)
[2018.11.28-13.14.18:621][405]LogModuleManager: Shutting down and abandoning module TextureFormatIntelISPCTexComp (141)
[2018.11.28-13.14.18:621][405]LogModuleManager: Shutting down and abandoning module TextureFormatASTC (139)
[2018.11.28-13.14.18:622][405]LogModuleManager: Shutting down and abandoning module ImageWrapper (138)
[2018.11.28-13.14.18:622][405]LogModuleManager: Shutting down and abandoning module TextureFormatAndroid (135)
[2018.11.28-13.14.18:622][405]LogModuleManager: Shutting down and abandoning module AudioFormatOpus (133)
[2018.11.28-13.14.18:622][405]LogModuleManager: Shutting down and abandoning module AudioFormatOgg (131)
[2018.11.28-13.14.18:622][405]LogModuleManager: Shutting down and abandoning module AudioFormatADPCM (129)
[2018.11.28-13.14.18:622][405]LogModuleManager: Shutting down and abandoning module LuminTargetPlatform (127)
[2018.11.28-13.14.18:622][405]LogModuleManager: Shutting down and abandoning module LinuxTargetPlatform (125)
[2018.11.28-13.14.18:622][405]LogModuleManager: Shutting down and abandoning module LinuxServerTargetPlatform (123)
[2018.11.28-13.14.18:622][405]LogModuleManager: Shutting down and abandoning module LinuxNoEditorTargetPlatform (121)
[2018.11.28-13.14.18:622][405]LogModuleManager: Shutting down and abandoning module LinuxClientTargetPlatform (119)
[2018.11.28-13.14.18:622][405]LogModuleManager: Shutting down and abandoning module TVOSTargetPlatform (117)
[2018.11.28-13.14.18:622][405]LogModuleManager: Shutting down and abandoning module Messaging (115)
[2018.11.28-13.14.18:622][405]LogModuleManager: Shutting down and abandoning module IOSTargetPlatform (113)
[2018.11.28-13.14.18:623][405]LogModuleManager: Shutting down and abandoning module HTML5TargetPlatform (111)
[2018.11.28-13.14.18:623][405]LogModuleManager: Shutting down and abandoning module AndroidTargetPlatform (109)
[2018.11.28-13.14.18:628][405]LogModuleManager: Shutting down and abandoning module WindowsTargetPlatform (107)
[2018.11.28-13.14.18:628][405]LogModuleManager: Shutting down and abandoning module WindowsServerTargetPlatform (105)
[2018.11.28-13.14.18:628][405]LogModuleManager: Shutting down and abandoning module WindowsNoEditorTargetPlatform (103)
[2018.11.28-13.14.18:628][405]LogModuleManager: Shutting down and abandoning module WindowsClientTargetPlatform (101)
[2018.11.28-13.14.18:628][405]LogModuleManager: Shutting down and abandoning module MacTargetPlatform (99)
[2018.11.28-13.14.18:628][405]LogModuleManager: Shutting down and abandoning module MacServerTargetPlatform (97)
[2018.11.28-13.14.18:628][405]LogModuleManager: Shutting down and abandoning module MacNoEditorTargetPlatform (95)
[2018.11.28-13.14.18:628][405]LogModuleManager: Shutting down and abandoning module MacClientTargetPlatform (93)
[2018.11.28-13.14.18:628][405]LogModuleManager: Shutting down and abandoning module AllDesktopTargetPlatform (91)
[2018.11.28-13.14.18:628][405]LogModuleManager: Shutting down and abandoning module InputCore (88)
[2018.11.28-13.14.18:628][405]LogModuleManager: Shutting down and abandoning module Settings (86)
[2018.11.28-13.14.18:628][405]LogModuleManager: Shutting down and abandoning module PhysXCooking (84)
[2018.11.28-13.14.18:628][405]LogModuleManager: Shutting down and abandoning module SteamVR (82)
[2018.11.28-13.14.18:628][405]LogModuleManager: Shutting down and abandoning module OculusHMD (80)
[2018.11.28-13.14.18:628][405]LogModuleManager: Shutting down and abandoning module ExampleDeviceProfileSelector (78)
[2018.11.28-13.14.18:628][405]LogModuleManager: Shutting down and abandoning module LauncherChunkInstaller (76)
[2018.11.28-13.14.18:628][405]LogModuleManager: Shutting down and abandoning module OnlineBlueprintSupport (74)
[2018.11.28-13.14.18:629][405]LogModuleManager: Shutting down and abandoning module OnlineSubsystem (70)
[2018.11.28-13.14.18:629][405]LogModuleManager: Shutting down and abandoning module XMPP (65)
[2018.11.28-13.14.18:629][405]LogModuleManager: Shutting down and abandoning module WebSockets (64)
[2018.11.28-13.14.18:660][405]LogModuleManager: Shutting down and abandoning module HTTP (61)
[2018.11.28-13.14.18:660][405]LogHttp: Display: Http module shutting down, but needs to wait on 1 outstanding Http requests:
[2018.11.28-13.14.18:660][405]LogHttp: Display: 	verb=[POST] url=[https://datarouter.ol.epicgames.com/datarouter/api/v1/public/data?SessionID=%7BD7A33FAF-42D0-EE87-3985-4CA5CAEFEEE9%7D&AppID=UEEditor.Rocket.Release&AppVersion=4.20.3-4369336%2B%2B%2BUE4%2BRelease-4.20&UserID=6926f37c421718641f8f35b9c2d54eea%7C47a59e21a0b24ea08d76c63f32004e6d%7Cf8306fa0-9add-414f-9fda-81a770667c29&AppEnvironment=datacollector-binary&UploadType=eteventstream] status=Processing
[2018.11.28-13.14.18:681][405]LogModuleManager: Shutting down and abandoning module SSL (60)
[2018.11.28-13.14.18:682][405]LogModuleManager: Shutting down and abandoning module MagicLeapEmulator (56)
[2018.11.28-13.14.18:682][405]LogModuleManager: Shutting down and abandoning module MagicLeapPrivileges (54)
[2018.11.28-13.14.18:682][405]LogModuleManager: Shutting down and abandoning module MagicLeapIdentity (52)
[2018.11.28-13.14.18:682][405]LogModuleManager: Shutting down and abandoning module MagicLeapHelperVulkan (50)
[2018.11.28-13.14.18:682][405]LogModuleManager: Shutting down and abandoning module MagicLeapHelperOpenGL (48)
[2018.11.28-13.14.18:682][405]LogModuleManager: Shutting down and abandoning module MagicLeapSecureStorage (46)
[2018.11.28-13.14.18:682][405]LogModuleManager: Shutting down and abandoning module MagicLeapGestures (44)
[2018.11.28-13.14.18:682][405]LogModuleManager: Shutting down and abandoning module MagicLeapEyeTracker (42)
[2018.11.28-13.14.18:682][405]LogModuleManager: Shutting down and abandoning module MagicLeapController (40)
[2018.11.28-13.14.18:683][405]LogSlate: Slate User Destroyed.  User Index 0, Is Virtual User: 0
[2018.11.28-13.14.18:683][405]LogModuleManager: Shutting down and abandoning module MagicLeap (38)
[2018.11.28-13.14.18:683][405]LogModuleManager: Shutting down and abandoning module AnimationModifiers (36)
[2018.11.28-13.14.18:683][405]LogModuleManager: Shutting down and abandoning module PropertyEditor (35)
[2018.11.28-13.14.18:683][405]LogModuleManager: Shutting down and abandoning module AudioEditor (32)
[2018.11.28-13.14.18:683][405]LogModuleManager: Shutting down and abandoning module TextureCompressor (30)
[2018.11.28-13.14.18:683][405]LogModuleManager: Shutting down and abandoning module ShaderCore (28)
[2018.11.28-13.14.18:683][405]LogModuleManager: Shutting down and abandoning module Landscape (26)
[2018.11.28-13.14.18:683][405]LogModuleManager: Shutting down and abandoning module SlateRHIRenderer (24)
[2018.11.28-13.14.18:684][405]LogModuleManager: Shutting down and abandoning module OpenGLDrv (22)
[2018.11.28-13.14.18:684][405]LogModuleManager: Shutting down and abandoning module D3D11RHI (20)
[2018.11.28-13.14.18:684][405]LogModuleManager: Shutting down and abandoning module AnimGraphRuntime (18)
[2018.11.28-13.14.18:684][405]LogModuleManager: Shutting down and abandoning module Renderer (16)
[2018.11.28-13.14.18:684][405]LogModuleManager: Shutting down and abandoning module Engine (14)
[2018.11.28-13.14.18:684][405]LogModuleManager: Shutting down and abandoning module CoreUObject (12)
[2018.11.28-13.14.18:684][405]LogModuleManager: Shutting down and abandoning module NetworkFile (10)
[2018.11.28-13.14.18:684][405]LogModuleManager: Shutting down and abandoning module CookedIterativeFile (8)
[2018.11.28-13.14.18:684][405]LogModuleManager: Shutting down and abandoning module StreamingFile (6)
[2018.11.28-13.14.18:684][405]LogModuleManager: Shutting down and abandoning module SandboxFile (4)
[2018.11.28-13.14.18:684][405]LogModuleManager: Shutting down and abandoning module PakFile (2)
[2018.11.28-13.14.18:692][405]LogExit: Exiting.
[2018.11.28-13.14.18:712][405]Log file closed, 11/28/18 14:14:18
